# JRE version: Java(TM) SE Runtime Environment (22.0.2+9) (build 22.0.2+9-70)
# Java VM: Java HotSpot(TM) 64-Bit Server VM (22.0.2+9-70, mixed mode, sharing, tiered, compressed oops, compressed class ptrs, parallel gc, windows-amd64)
GC Precious Log:
 CardTable entry size: 512
 CPUs: 8 total, 8 available
 Memory: 7987M
 Large Page Support: Disabled
 NUMA Support: Disabled
 Compressed Oops: Enabled (32-bit)
 Alignments: Space 512K, Generation 512K, Heap 2M
 Heap Min Capacity: 100M
 Heap Initial Capacity: 100M
 Heap Max Capacity: 1G
 Pre-touch: Disabled
 Parallel Workers: 8
Heap:
 PSYoungGen      total 25600K, used 7964K [0x00000000eab00000, 0x00000000ec900000, 0x0000000100000000)
  eden space 21504K, 30% used [0x00000000eab00000,0x00000000eb14d500,0x00000000ec000000)
  from space 4096K, 36% used [0x00000000ec180000,0x00000000ec2f9c20,0x00000000ec580000)
  to   space 2560K, 0% used [0x00000000ec680000,0x00000000ec680000,0x00000000ec900000)
 ParOldGen       total 68608K, used 42311K [0x00000000c0000000, 0x00000000c4300000, 0x00000000eab00000)
  object space 68608K, 61% used [0x00000000c0000000,0x00000000c2951d18,0x00000000c4300000)
 Metaspace       used 49616K, committed 50944K, reserved 1114112K
  class space    used 5428K, committed 5952K, reserved 1048576K
GC Heap History (20 events):
Event: 9.116 GC heap before
{Heap before GC invocations=16 (full 2):
 PSYoungGen      total 23552K, used 22016K [0x00000000eab00000, 0x00000000ec580000, 0x0000000100000000)
  eden space 22016K, 100% used [0x00000000eab00000,0x00000000ec080000,0x00000000ec080000)
  from space 1536K, 0% used [0x00000000ec300000,0x00000000ec300000,0x00000000ec480000)
  to   space 1024K, 0% used [0x00000000ec480000,0x00000000ec480000,0x00000000ec580000)
 ParOldGen       total 68608K, used 18376K [0x00000000c0000000, 0x00000000c4300000, 0x00000000eab00000)
  object space 68608K, 26% used [0x00000000c0000000,0x00000000c11f23e8,0x00000000c4300000)
 Metaspace       used 37009K, committed 38144K, reserved 1114112K
  class space    used 3883K, committed 4352K, reserved 1048576K
}
Event: 9.118 GC heap after
{Heap after GC invocations=16 (full 2):
 PSYoungGen      total 23040K, used 1021K [0x00000000eab00000, 0x00000000ec580000, 0x0000000100000000)
  eden space 22016K, 0% used [0x00000000eab00000,0x00000000eab00000,0x00000000ec080000)
  from space 1024K, 99% used [0x00000000ec480000,0x00000000ec57f530,0x00000000ec580000)
  to   space 1536K, 0% used [0x00000000ec280000,0x00000000ec280000,0x00000000ec400000)
 ParOldGen       total 68608K, used 18416K [0x00000000c0000000, 0x00000000c4300000, 0x00000000eab00000)
  object space 68608K, 26% used [0x00000000c0000000,0x00000000c11fc3e8,0x00000000c4300000)
 Metaspace       used 37009K, committed 38144K, reserved 1114112K
  class space    used 3883K, committed 4352K, reserved 1048576K
}
Event: 9.344 GC heap before
{Heap before GC invocations=17 (full 2):
 PSYoungGen      total 23040K, used 23037K [0x00000000eab00000, 0x00000000ec580000, 0x0000000100000000)
  eden space 22016K, 100% used [0x00000000eab00000,0x00000000ec080000,0x00000000ec080000)
  from space 1024K, 99% used [0x00000000ec480000,0x00000000ec57f530,0x00000000ec580000)
  to   space 1536K, 0% used [0x00000000ec280000,0x00000000ec280000,0x00000000ec400000)
 ParOldGen       total 68608K, used 18419K [0x00000000c0000000, 0x00000000c4300000, 0x00000000eab00000)
  object space 68608K, 26% used [0x00000000c0000000,0x00000000c11fcef0,0x00000000c4300000)
 Metaspace       used 39604K, committed 40768K, reserved 1114112K
  class space    used 4195K, committed 4672K, reserved 1048576K
}
Event: 9.347 GC heap after
{Heap after GC invocations=17 (full 2):
 PSYoungGen      total 23552K, used 1280K [0x00000000eab00000, 0x00000000ec500000, 0x0000000100000000)
  eden space 22016K, 0% used [0x00000000eab00000,0x00000000eab00000,0x00000000ec080000)
  from space 1536K, 83% used [0x00000000ec280000,0x00000000ec3c0000,0x00000000ec400000)
  to   space 1024K, 0% used [0x00000000ec400000,0x00000000ec400000,0x00000000ec500000)
 ParOldGen       total 68608K, used 19345K [0x00000000c0000000, 0x00000000c4300000, 0x00000000eab00000)
  object space 68608K, 28% used [0x00000000c0000000,0x00000000c12e4768,0x00000000c4300000)
 Metaspace       used 39604K, committed 40768K, reserved 1114112K
  class space    used 4195K, committed 4672K, reserved 1048576K
}
Event: 9.642 GC heap before
{Heap before GC invocations=18 (full 2):
 PSYoungGen      total 23552K, used 23296K [0x00000000eab00000, 0x00000000ec500000, 0x0000000100000000)
  eden space 22016K, 100% used [0x00000000eab00000,0x00000000ec080000,0x00000000ec080000)
  from space 1536K, 83% used [0x00000000ec280000,0x00000000ec3c0000,0x00000000ec400000)
  to   space 1024K, 0% used [0x00000000ec400000,0x00000000ec400000,0x00000000ec500000)
 ParOldGen       total 68608K, used 19345K [0x00000000c0000000, 0x00000000c4300000, 0x00000000eab00000)
  object space 68608K, 28% used [0x00000000c0000000,0x00000000c12e4768,0x00000000c4300000)
 Metaspace       used 41479K, committed 42624K, reserved 1114112K
  class space    used 4432K, committed 4928K, reserved 1048576K
}
Event: 9.646 GC heap after
{Heap after GC invocations=18 (full 2):
 PSYoungGen      total 22528K, used 1005K [0x00000000eab00000, 0x00000000ec880000, 0x0000000100000000)
  eden space 21504K, 0% used [0x00000000eab00000,0x00000000eab00000,0x00000000ec000000)
  from space 1024K, 98% used [0x00000000ec400000,0x00000000ec4fb6d0,0x00000000ec500000)
  to   space 4096K, 0% used [0x00000000ec000000,0x00000000ec000000,0x00000000ec400000)
 ParOldGen       total 68608K, used 21690K [0x00000000c0000000, 0x00000000c4300000, 0x00000000eab00000)
  object space 68608K, 31% used [0x00000000c0000000,0x00000000c152eb80,0x00000000c4300000)
 Metaspace       used 41479K, committed 42624K, reserved 1114112K
  class space    used 4432K, committed 4928K, reserved 1048576K
}
Event: 10.035 GC heap before
{Heap before GC invocations=19 (full 2):
 PSYoungGen      total 22528K, used 22509K [0x00000000eab00000, 0x00000000ec880000, 0x0000000100000000)
  eden space 21504K, 100% used [0x00000000eab00000,0x00000000ec000000,0x00000000ec000000)
  from space 1024K, 98% used [0x00000000ec400000,0x00000000ec4fb6d0,0x00000000ec500000)
  to   space 4096K, 0% used [0x00000000ec000000,0x00000000ec000000,0x00000000ec400000)
 ParOldGen       total 68608K, used 21690K [0x00000000c0000000, 0x00000000c4300000, 0x00000000eab00000)
  object space 68608K, 31% used [0x00000000c0000000,0x00000000c152eb80,0x00000000c4300000)
 Metaspace       used 42952K, committed 44096K, reserved 1114112K
  class space    used 4636K, committed 5120K, reserved 1048576K
}
Event: 10.041 GC heap after
{Heap after GC invocations=19 (full 2):
 PSYoungGen      total 25600K, used 4092K [0x00000000eab00000, 0x00000000ed700000, 0x0000000100000000)
  eden space 21504K, 0% used [0x00000000eab00000,0x00000000eab00000,0x00000000ec000000)
  from space 4096K, 99% used [0x00000000ec000000,0x00000000ec3ff1c0,0x00000000ec400000)
  to   space 11776K, 0% used [0x00000000ecb80000,0x00000000ecb80000,0x00000000ed700000)
 ParOldGen       total 68608K, used 27721K [0x00000000c0000000, 0x00000000c4300000, 0x00000000eab00000)
  object space 68608K, 40% used [0x00000000c0000000,0x00000000c1b12740,0x00000000c4300000)
 Metaspace       used 42952K, committed 44096K, reserved 1114112K
  class space    used 4636K, committed 5120K, reserved 1048576K
}
Event: 10.566 GC heap before
{Heap before GC invocations=20 (full 2):
 PSYoungGen      total 25600K, used 25592K [0x00000000eab00000, 0x00000000ed700000, 0x0000000100000000)
  eden space 21504K, 99% used [0x00000000eab00000,0x00000000ebfff208,0x00000000ec000000)
  from space 4096K, 99% used [0x00000000ec000000,0x00000000ec3ff1c0,0x00000000ec400000)
  to   space 11776K, 0% used [0x00000000ecb80000,0x00000000ecb80000,0x00000000ed700000)
 ParOldGen       total 68608K, used 27721K [0x00000000c0000000, 0x00000000c4300000, 0x00000000eab00000)
  object space 68608K, 40% used [0x00000000c0000000,0x00000000c1b12740,0x00000000c4300000)
 Metaspace       used 45103K, committed 46336K, reserved 1114112K
  class space    used 4914K, committed 5440K, reserved 1048576K
}
Event: 10.571 GC heap after
{Heap after GC invocations=20 (full 2):
 PSYoungGen      total 26112K, used 4241K [0x00000000eab00000, 0x00000000ed000000, 0x0000000100000000)
  eden space 21504K, 0% used [0x00000000eab00000,0x00000000eab00000,0x00000000ec000000)
  from space 4608K, 92% used [0x00000000ecb80000,0x00000000ecfa45c0,0x00000000ed000000)
  to   space 6656K, 0% used [0x00000000ec300000,0x00000000ec300000,0x00000000ec980000)
 ParOldGen       total 68608K, used 31752K [0x00000000c0000000, 0x00000000c4300000, 0x00000000eab00000)
  object space 68608K, 46% used [0x00000000c0000000,0x00000000c1f020b8,0x00000000c4300000)
 Metaspace       used 45103K, committed 46336K, reserved 1114112K
  class space    used 4914K, committed 5440K, reserved 1048576K
}
Event: 11.128 GC heap before
{Heap before GC invocations=21 (full 2):
 PSYoungGen      total 26112K, used 25745K [0x00000000eab00000, 0x00000000ed000000, 0x0000000100000000)
  eden space 21504K, 99% used [0x00000000eab00000,0x00000000ebffff80,0x00000000ec000000)
  from space 4608K, 92% used [0x00000000ecb80000,0x00000000ecfa45c0,0x00000000ed000000)
  to   space 6656K, 0% used [0x00000000ec300000,0x00000000ec300000,0x00000000ec980000)
 ParOldGen       total 68608K, used 31752K [0x00000000c0000000, 0x00000000c4300000, 0x00000000eab00000)
  object space 68608K, 46% used [0x00000000c0000000,0x00000000c1f020b8,0x00000000c4300000)
 Metaspace       used 45989K, committed 47232K, reserved 1114112K
  class space    used 5005K, committed 5504K, reserved 1048576K
}
Event: 11.134 GC heap after
{Heap after GC invocations=21 (full 2):
 PSYoungGen      total 23040K, used 1104K [0x00000000eab00000, 0x00000000ecc00000, 0x0000000100000000)
  eden space 21504K, 0% used [0x00000000eab00000,0x00000000eab00000,0x00000000ec000000)
  from space 1536K, 71% used [0x00000000ec300000,0x00000000ec414120,0x00000000ec480000)
  to   space 3072K, 0% used [0x00000000ec900000,0x00000000ec900000,0x00000000ecc00000)
 ParOldGen       total 68608K, used 35848K [0x00000000c0000000, 0x00000000c4300000, 0x00000000eab00000)
  object space 68608K, 52% used [0x00000000c0000000,0x00000000c23020c8,0x00000000c4300000)
 Metaspace       used 45989K, committed 47232K, reserved 1114112K
  class space    used 5005K, committed 5504K, reserved 1048576K
}
Event: 11.641 GC heap before
{Heap before GC invocations=22 (full 2):
 PSYoungGen      total 23040K, used 22608K [0x00000000eab00000, 0x00000000ecc00000, 0x0000000100000000)
  eden space 21504K, 99% used [0x00000000eab00000,0x00000000ebfffff8,0x00000000ec000000)
  from space 1536K, 71% used [0x00000000ec300000,0x00000000ec414120,0x00000000ec480000)
  to   space 3072K, 0% used [0x00000000ec900000,0x00000000ec900000,0x00000000ecc00000)
 ParOldGen       total 68608K, used 35848K [0x00000000c0000000, 0x00000000c4300000, 0x00000000eab00000)
  object space 68608K, 52% used [0x00000000c0000000,0x00000000c23020c8,0x00000000c4300000)
 Metaspace       used 47579K, committed 48896K, reserved 1114112K
  class space    used 5179K, committed 5696K, reserved 1048576K
}
Event: 11.646 GC heap after
{Heap after GC invocations=22 (full 2):
 PSYoungGen      total 23552K, used 2039K [0x00000000eab00000, 0x00000000ecb00000, 0x0000000100000000)
  eden space 21504K, 0% used [0x00000000eab00000,0x00000000eab00000,0x00000000ec000000)
  from space 2048K, 99% used [0x00000000ec900000,0x00000000ecafde08,0x00000000ecb00000)
  to   space 2560K, 0% used [0x00000000ec600000,0x00000000ec600000,0x00000000ec880000)
 ParOldGen       total 68608K, used 36654K [0x00000000c0000000, 0x00000000c4300000, 0x00000000eab00000)
  object space 68608K, 53% used [0x00000000c0000000,0x00000000c23cba48,0x00000000c4300000)
 Metaspace       used 47579K, committed 48896K, reserved 1114112K
  class space    used 5179K, committed 5696K, reserved 1048576K
}
Event: 11.869 GC heap before
{Heap before GC invocations=23 (full 2):
 PSYoungGen      total 23552K, used 23543K [0x00000000eab00000, 0x00000000ecb00000, 0x0000000100000000)
  eden space 21504K, 100% used [0x00000000eab00000,0x00000000ec000000,0x00000000ec000000)
  from space 2048K, 99% used [0x00000000ec900000,0x00000000ecafde08,0x00000000ecb00000)
  to   space 2560K, 0% used [0x00000000ec600000,0x00000000ec600000,0x00000000ec880000)
 ParOldGen       total 68608K, used 36654K [0x00000000c0000000, 0x00000000c4300000, 0x00000000eab00000)
  object space 68608K, 53% used [0x00000000c0000000,0x00000000c23cba48,0x00000000c4300000)
 Metaspace       used 47669K, committed 48896K, reserved 1114112K
  class space    used 5187K, committed 5696K, reserved 1048576K
}
Event: 11.877 GC heap after
{Heap after GC invocations=23 (full 2):
 PSYoungGen      total 24064K, used 2097K [0x00000000eab00000, 0x00000000ec980000, 0x0000000100000000)
  eden space 21504K, 0% used [0x00000000eab00000,0x00000000eab00000,0x00000000ec000000)
  from space 2560K, 81% used [0x00000000ec600000,0x00000000ec80c410,0x00000000ec880000)
  to   space 1024K, 0% used [0x00000000ec880000,0x00000000ec880000,0x00000000ec980000)
 ParOldGen       total 68608K, used 38493K [0x00000000c0000000, 0x00000000c4300000, 0x00000000eab00000)
  object space 68608K, 56% used [0x00000000c0000000,0x00000000c2597508,0x00000000c4300000)
 Metaspace       used 47669K, committed 48896K, reserved 1114112K
  class space    used 5187K, committed 5696K, reserved 1048576K
}
Event: 12.120 GC heap before
{Heap before GC invocations=24 (full 2):
 PSYoungGen      total 24064K, used 23601K [0x00000000eab00000, 0x00000000ec980000, 0x0000000100000000)
  eden space 21504K, 100% used [0x00000000eab00000,0x00000000ec000000,0x00000000ec000000)
  from space 2560K, 81% used [0x00000000ec600000,0x00000000ec80c410,0x00000000ec880000)
  to   space 1024K, 0% used [0x00000000ec880000,0x00000000ec880000,0x00000000ec980000)
 ParOldGen       total 68608K, used 38493K [0x00000000c0000000, 0x00000000c4300000, 0x00000000eab00000)
  object space 68608K, 56% used [0x00000000c0000000,0x00000000c2597508,0x00000000c4300000)
 Metaspace       used 47760K, committed 49024K, reserved 1114112K
  class space    used 5187K, committed 5696K, reserved 1048576K
}
Event: 12.125 GC heap after
{Heap after GC invocations=24 (full 2):
 PSYoungGen      total 22528K, used 994K [0x00000000eab00000, 0x00000000ec980000, 0x0000000100000000)
  eden space 21504K, 0% used [0x00000000eab00000,0x00000000eab00000,0x00000000ec000000)
  from space 1024K, 97% used [0x00000000ec880000,0x00000000ec978800,0x00000000ec980000)
  to   space 4096K, 0% used [0x00000000ec180000,0x00000000ec180000,0x00000000ec580000)
 ParOldGen       total 68608K, used 41285K [0x00000000c0000000, 0x00000000c4300000, 0x00000000eab00000)
  object space 68608K, 60% used [0x00000000c0000000,0x00000000c2851518,0x00000000c4300000)
 Metaspace       used 47760K, committed 49024K, reserved 1114112K
  class space    used 5187K, committed 5696K, reserved 1048576K
}
Event: 12.714 GC heap before
{Heap before GC invocations=25 (full 2):
 PSYoungGen      total 22528K, used 22498K [0x00000000eab00000, 0x00000000ec980000, 0x0000000100000000)
  eden space 21504K, 100% used [0x00000000eab00000,0x00000000ec000000,0x00000000ec000000)
  from space 1024K, 97% used [0x00000000ec880000,0x00000000ec978800,0x00000000ec980000)
  to   space 4096K, 0% used [0x00000000ec180000,0x00000000ec180000,0x00000000ec580000)
 ParOldGen       total 68608K, used 41285K [0x00000000c0000000, 0x00000000c4300000, 0x00000000eab00000)
  object space 68608K, 60% used [0x00000000c0000000,0x00000000c2851518,0x00000000c4300000)
 Metaspace       used 49019K, committed 50368K, reserved 1114112K
  class space    used 5343K, committed 5888K, reserved 1048576K
}
Event: 12.718 GC heap after
{Heap after GC invocations=25 (full 2):
 PSYoungGen      total 25600K, used 1511K [0x00000000eab00000, 0x00000000ec900000, 0x0000000100000000)
  eden space 21504K, 0% used [0x00000000eab00000,0x00000000eab00000,0x00000000ec000000)
  from space 4096K, 36% used [0x00000000ec180000,0x00000000ec2f9c20,0x00000000ec580000)
  to   space 2560K, 0% used [0x00000000ec680000,0x00000000ec680000,0x00000000ec900000)
 ParOldGen       total 68608K, used 42311K [0x00000000c0000000, 0x00000000c4300000, 0x00000000eab00000)
  object space 68608K, 61% used [0x00000000c0000000,0x00000000c2951d18,0x00000000c4300000)
 Metaspace       used 49019K, committed 50368K, reserved 1114112K
  class space    used 5343K, committed 5888K, reserved 1048576K
}

