# JRE version: Java(TM) SE Runtime Environment (22.0.2+9) (build 22.0.2+9-70)
# Java VM: Java HotSpot(TM) 64-Bit Server VM (22.0.2+9-70, mixed mode, sharing, tiered, compressed oops, compressed class ptrs, g1 gc, windows-amd64)
GC Precious Log:
 CardTable entry size: 512
 Card Set container configuration: InlinePtr #cards 5 size 8 Array Of Cards #cards 12 size 40 Howl #buckets 4 coarsen threshold 1843 Howl Bitmap #cards 512 size 80 coarsen threshold 460 Card regions per heap region 1 cards per card region 2048
 CPUs: 8 total, 8 available
 Memory: 7987M
 Large Page Support: Disabled
 NUMA Support: Disabled
 Compressed Oops: Enabled (32-bit)
 Heap Region Size: 1M
 Heap Min Capacity: 8M
 Heap Initial Capacity: 126M
 Heap Max Capacity: 1998M
 Pre-touch: Disabled
 Parallel Workers: 8
 Concurrent Workers: 2
 Concurrent Refinement Workers: 8
 Periodic GC: Disabled
Heap:
 garbage-first heap   total reserved 2045952K, committed 156672K, used 100352K [0x0000000083200000, 0x0000000100000000)
  region size 1024K, 24 young (24576K), 2 survivors (2048K)
 Metaspace       used 35026K, committed 35584K, reserved 1114112K
  class space    used 3959K, committed 4224K, reserved 1048576K
GC Heap History (20 events):
Event: 1.222 GC heap before
{Heap before GC invocations=1 (full 0):
 garbage-first heap   total reserved 2045952K, committed 129024K, used 36666K [0x0000000083200000, 0x0000000100000000)
  region size 1024K, 35 young (35840K), 3 survivors (3072K)
 Metaspace       used 11107K, committed 11328K, reserved 1114112K
  class space    used 1345K, committed 1408K, reserved 1048576K
}
Event: 1.227 GC heap after
{Heap after GC invocations=2 (full 0):
 garbage-first heap   total reserved 2045952K, committed 129024K, used 6288K [0x0000000083200000, 0x0000000100000000)
  region size 1024K, 3 young (3072K), 3 survivors (3072K)
 Metaspace       used 11107K, committed 11328K, reserved 1114112K
  class space    used 1345K, committed 1408K, reserved 1048576K
}
Event: 2.377 GC heap before
{Heap before GC invocations=2 (full 0):
 garbage-first heap   total reserved 2045952K, committed 129024K, used 80016K [0x0000000083200000, 0x0000000100000000)
  region size 1024K, 75 young (76800K), 3 survivors (3072K)
 Metaspace       used 15802K, committed 16064K, reserved 1114112K
  class space    used 1866K, committed 1984K, reserved 1048576K
}
Event: 2.387 GC heap after
{Heap after GC invocations=3 (full 0):
 garbage-first heap   total reserved 2045952K, committed 129024K, used 14276K [0x0000000083200000, 0x0000000100000000)
  region size 1024K, 10 young (10240K), 10 survivors (10240K)
 Metaspace       used 15802K, committed 16064K, reserved 1114112K
  class space    used 1866K, committed 1984K, reserved 1048576K
}
Event: 3.294 GC heap before
{Heap before GC invocations=3 (full 0):
 garbage-first heap   total reserved 2045952K, committed 129024K, used 80836K [0x0000000083200000, 0x0000000100000000)
  region size 1024K, 75 young (76800K), 10 survivors (10240K)
 Metaspace       used 16889K, committed 17152K, reserved 1114112K
  class space    used 1948K, committed 2048K, reserved 1048576K
}
Event: 3.311 GC heap after
{Heap after GC invocations=4 (full 0):
 garbage-first heap   total reserved 2045952K, committed 129024K, used 19237K [0x0000000083200000, 0x0000000100000000)
  region size 1024K, 6 young (6144K), 6 survivors (6144K)
 Metaspace       used 16889K, committed 17152K, reserved 1114112K
  class space    used 1948K, committed 2048K, reserved 1048576K
}
Event: 7.296 GC heap before
{Heap before GC invocations=4 (full 0):
 garbage-first heap   total reserved 2045952K, committed 129024K, used 89893K [0x0000000083200000, 0x0000000100000000)
  region size 1024K, 72 young (73728K), 6 survivors (6144K)
 Metaspace       used 21138K, committed 21504K, reserved 1114112K
  class space    used 2398K, committed 2624K, reserved 1048576K
}
Event: 7.305 GC heap after
{Heap after GC invocations=5 (full 0):
 garbage-first heap   total reserved 2045952K, committed 129024K, used 29696K [0x0000000083200000, 0x0000000100000000)
  region size 1024K, 10 young (10240K), 10 survivors (10240K)
 Metaspace       used 21138K, committed 21504K, reserved 1114112K
  class space    used 2398K, committed 2624K, reserved 1048576K
}
Event: 8.615 GC heap before
{Heap before GC invocations=6 (full 0):
 garbage-first heap   total reserved 2045952K, committed 99328K, used 98304K [0x0000000083200000, 0x0000000100000000)
  region size 1024K, 75 young (76800K), 10 survivors (10240K)
 Metaspace       used 27366K, committed 27712K, reserved 1114112K
  class space    used 3120K, committed 3264K, reserved 1048576K
}
Event: 8.652 GC heap after
{Heap after GC invocations=7 (full 0):
 garbage-first heap   total reserved 2045952K, committed 130048K, used 53248K [0x0000000083200000, 0x0000000100000000)
  region size 1024K, 10 young (10240K), 10 survivors (10240K)
 Metaspace       used 27366K, committed 27712K, reserved 1114112K
  class space    used 3120K, committed 3264K, reserved 1048576K
}
Event: 9.841 GC heap before
{Heap before GC invocations=7 (full 0):
 garbage-first heap   total reserved 2045952K, committed 130048K, used 104448K [0x0000000083200000, 0x0000000100000000)
  region size 1024K, 61 young (62464K), 10 survivors (10240K)
 Metaspace       used 29913K, committed 30336K, reserved 1114112K
  class space    used 3419K, committed 3584K, reserved 1048576K
}
Event: 9.853 GC heap after
{Heap after GC invocations=8 (full 0):
 garbage-first heap   total reserved 2045952K, committed 130048K, used 57344K [0x0000000083200000, 0x0000000100000000)
  region size 1024K, 3 young (3072K), 3 survivors (3072K)
 Metaspace       used 29913K, committed 30336K, reserved 1114112K
  class space    used 3419K, committed 3584K, reserved 1048576K
}
Event: 10.572 GC heap before
{Heap before GC invocations=8 (full 0):
 garbage-first heap   total reserved 2045952K, committed 130048K, used 108544K [0x0000000083200000, 0x0000000100000000)
  region size 1024K, 53 young (54272K), 3 survivors (3072K)
 Metaspace       used 30683K, committed 31104K, reserved 1114112K
  class space    used 3468K, committed 3648K, reserved 1048576K
}
Event: 10.581 GC heap after
{Heap after GC invocations=9 (full 0):
 garbage-first heap   total reserved 2045952K, committed 130048K, used 57606K [0x0000000083200000, 0x0000000100000000)
  region size 1024K, 4 young (4096K), 4 survivors (4096K)
 Metaspace       used 30683K, committed 31104K, reserved 1114112K
  class space    used 3468K, committed 3648K, reserved 1048576K
}
Event: 11.676 GC heap before
{Heap before GC invocations=9 (full 0):
 garbage-first heap   total reserved 2045952K, committed 130048K, used 110854K [0x0000000083200000, 0x0000000100000000)
  region size 1024K, 53 young (54272K), 4 survivors (4096K)
 Metaspace       used 32312K, committed 32832K, reserved 1114112K
  class space    used 3687K, committed 3968K, reserved 1048576K
}
Event: 11.689 GC heap after
{Heap after GC invocations=10 (full 0):
 garbage-first heap   total reserved 2045952K, committed 156672K, used 71680K [0x0000000083200000, 0x0000000100000000)
  region size 1024K, 7 young (7168K), 7 survivors (7168K)
 Metaspace       used 32312K, committed 32832K, reserved 1114112K
  class space    used 3687K, committed 3968K, reserved 1048576K
}
Event: 12.407 GC heap before
{Heap before GC invocations=10 (full 0):
 garbage-first heap   total reserved 2045952K, committed 156672K, used 130048K [0x0000000083200000, 0x0000000100000000)
  region size 1024K, 64 young (65536K), 7 survivors (7168K)
 Metaspace       used 32851K, committed 33472K, reserved 1114112K
  class space    used 3752K, committed 4032K, reserved 1048576K
}
Event: 12.416 GC heap after
{Heap after GC invocations=11 (full 0):
 garbage-first heap   total reserved 2045952K, committed 156672K, used 87975K [0x0000000083200000, 0x0000000100000000)
  region size 1024K, 8 young (8192K), 8 survivors (8192K)
 Metaspace       used 32851K, committed 33472K, reserved 1114112K
  class space    used 3752K, committed 4032K, reserved 1048576K
}
Event: 13.272 GC heap before
{Heap before GC invocations=11 (full 0):
 garbage-first heap   total reserved 2045952K, committed 156672K, used 130983K [0x0000000083200000, 0x0000000100000000)
  region size 1024K, 50 young (51200K), 8 survivors (8192K)
 Metaspace       used 34218K, committed 34752K, reserved 1114112K
  class space    used 3895K, committed 4160K, reserved 1048576K
}
Event: 13.276 GC heap after
{Heap after GC invocations=12 (full 0):
 garbage-first heap   total reserved 2045952K, committed 156672K, used 84992K [0x0000000083200000, 0x0000000100000000)
  region size 1024K, 2 young (2048K), 2 survivors (2048K)
 Metaspace       used 34218K, committed 34752K, reserved 1114112K
  class space    used 3895K, committed 4160K, reserved 1048576K
}

