# JRE version: OpenJDK Runtime Environment Temurin-17.0.12+7 (17.0.12+7) (build 17.0.12+7)
# Java VM: OpenJDK 64-Bit Server VM Temurin-17.0.12+7 (17.0.12+7, mixed mode, tiered, compressed oops, compressed class ptrs, parallel gc, windows-amd64)
GC Precious Log:
 CPUs: 8 total, 8 available
 Memory: 7987M
 Large Page Support: Disabled
 NUMA Support: Disabled
 Compressed Oops: Enabled (32-bit)
 Alignments: Space 512K, Generation 512K, Heap 2M
 Heap Min Capacity: 100M
 Heap Initial Capacity: 100M
 Heap Max Capacity: 1G
 Pre-touch: Disabled
 Parallel Workers: 8
Heap:
 PSYoungGen      total 32256K, used 21910K [0x00000000eab00000, 0x00000000ed800000, 0x0000000100000000)
  eden space 31744K, 67% used [0x00000000eab00000,0x00000000ebfe8078,0x00000000eca00000)
  from space 512K, 98% used [0x00000000ed480000,0x00000000ed4fd8f8,0x00000000ed500000)
  to   space 7168K, 0% used [0x00000000eca00000,0x00000000eca00000,0x00000000ed100000)
 ParOldGen       total 172544K, used 150563K [0x00000000c0000000, 0x00000000ca880000, 0x00000000eab00000)
  object space 172544K, 87% used [0x00000000c0000000,0x00000000c9308df8,0x00000000ca880000)
 Metaspace       used 81506K, committed 82944K, reserved 1179648K
  class space    used 8633K, committed 9280K, reserved 1048576K
GC Heap History (20 events):
Event: 95.027 GC heap before
{Heap before GC invocations=98 (full 6):
 PSYoungGen      total 50176K, used 49654K [0x00000000eab00000, 0x00000000eea00000, 0x0000000100000000)
  eden space 36864K, 99% used [0x00000000eab00000,0x00000000ecef17d0,0x00000000ecf00000)
  from space 13312K, 96% used [0x00000000edd00000,0x00000000ee98c0a0,0x00000000eea00000)
  to   space 13824K, 0% used [0x00000000ecf00000,0x00000000ecf00000,0x00000000edc80000)
 ParOldGen       total 172544K, used 143477K [0x00000000c0000000, 0x00000000ca880000, 0x00000000eab00000)
  object space 172544K, 83% used [0x00000000c0000000,0x00000000c8c1d508,0x00000000ca880000)
 Metaspace       used 77034K, committed 78336K, reserved 1179648K
  class space    used 8109K, committed 8704K, reserved 1048576K
}
Event: 95.029 GC heap after
{Heap after GC invocations=98 (full 6):
 PSYoungGen      total 38400K, used 1632K [0x00000000eab00000, 0x00000000edd80000, 0x0000000100000000)
  eden space 36352K, 0% used [0x00000000eab00000,0x00000000eab00000,0x00000000ece80000)
  from space 2048K, 79% used [0x00000000ecf00000,0x00000000ed0980a0,0x00000000ed100000)
  to   space 6144K, 0% used [0x00000000ed780000,0x00000000ed780000,0x00000000edd80000)
 ParOldGen       total 172544K, used 143485K [0x00000000c0000000, 0x00000000ca880000, 0x00000000eab00000)
  object space 172544K, 83% used [0x00000000c0000000,0x00000000c8c1f508,0x00000000ca880000)
 Metaspace       used 77034K, committed 78336K, reserved 1179648K
  class space    used 8109K, committed 8704K, reserved 1048576K
}
Event: 178.487 GC heap before
{Heap before GC invocations=99 (full 6):
 PSYoungGen      total 38400K, used 37984K [0x00000000eab00000, 0x00000000edd80000, 0x0000000100000000)
  eden space 36352K, 100% used [0x00000000eab00000,0x00000000ece80000,0x00000000ece80000)
  from space 2048K, 79% used [0x00000000ecf00000,0x00000000ed0980a0,0x00000000ed100000)
  to   space 6144K, 0% used [0x00000000ed780000,0x00000000ed780000,0x00000000edd80000)
 ParOldGen       total 172544K, used 143485K [0x00000000c0000000, 0x00000000ca880000, 0x00000000eab00000)
  object space 172544K, 83% used [0x00000000c0000000,0x00000000c8c1f508,0x00000000ca880000)
 Metaspace       used 80316K, committed 81792K, reserved 1179648K
  class space    used 8553K, committed 9216K, reserved 1048576K
}
Event: 178.489 GC heap after
{Heap after GC invocations=99 (full 6):
 PSYoungGen      total 37888K, used 1745K [0x00000000eab00000, 0x00000000ed980000, 0x0000000100000000)
  eden space 35840K, 0% used [0x00000000eab00000,0x00000000eab00000,0x00000000ece00000)
  from space 2048K, 85% used [0x00000000ed780000,0x00000000ed9344a0,0x00000000ed980000)
  to   space 2560K, 0% used [0x00000000ed480000,0x00000000ed480000,0x00000000ed700000)
 ParOldGen       total 172544K, used 143493K [0x00000000c0000000, 0x00000000ca880000, 0x00000000eab00000)
  object space 172544K, 83% used [0x00000000c0000000,0x00000000c8c21508,0x00000000ca880000)
 Metaspace       used 80316K, committed 81792K, reserved 1179648K
  class space    used 8553K, committed 9216K, reserved 1048576K
}
Event: 268.693 GC heap before
{Heap before GC invocations=100 (full 6):
 PSYoungGen      total 37888K, used 37585K [0x00000000eab00000, 0x00000000ed980000, 0x0000000100000000)
  eden space 35840K, 99% used [0x00000000eab00000,0x00000000ecdffff8,0x00000000ece00000)
  from space 2048K, 85% used [0x00000000ed780000,0x00000000ed9344a0,0x00000000ed980000)
  to   space 2560K, 0% used [0x00000000ed480000,0x00000000ed480000,0x00000000ed700000)
 ParOldGen       total 172544K, used 143493K [0x00000000c0000000, 0x00000000ca880000, 0x00000000eab00000)
  object space 172544K, 83% used [0x00000000c0000000,0x00000000c8c21508,0x00000000ca880000)
 Metaspace       used 80479K, committed 81856K, reserved 1179648K
  class space    used 8557K, committed 9216K, reserved 1048576K
}
Event: 268.695 GC heap after
{Heap after GC invocations=100 (full 6):
 PSYoungGen      total 37376K, used 1873K [0x00000000eab00000, 0x00000000ed800000, 0x0000000100000000)
  eden space 35328K, 0% used [0x00000000eab00000,0x00000000eab00000,0x00000000ecd80000)
  from space 2048K, 91% used [0x00000000ed480000,0x00000000ed6544a0,0x00000000ed680000)
  to   space 1536K, 0% used [0x00000000ed680000,0x00000000ed680000,0x00000000ed800000)
 ParOldGen       total 172544K, used 143501K [0x00000000c0000000, 0x00000000ca880000, 0x00000000eab00000)
  object space 172544K, 83% used [0x00000000c0000000,0x00000000c8c23508,0x00000000ca880000)
 Metaspace       used 80479K, committed 81856K, reserved 1179648K
  class space    used 8557K, committed 9216K, reserved 1048576K
}
Event: 270.042 GC heap before
{Heap before GC invocations=101 (full 6):
 PSYoungGen      total 37376K, used 37201K [0x00000000eab00000, 0x00000000ed800000, 0x0000000100000000)
  eden space 35328K, 100% used [0x00000000eab00000,0x00000000ecd80000,0x00000000ecd80000)
  from space 2048K, 91% used [0x00000000ed480000,0x00000000ed6544a0,0x00000000ed680000)
  to   space 1536K, 0% used [0x00000000ed680000,0x00000000ed680000,0x00000000ed800000)
 ParOldGen       total 172544K, used 143501K [0x00000000c0000000, 0x00000000ca880000, 0x00000000eab00000)
  object space 172544K, 83% used [0x00000000c0000000,0x00000000c8c23508,0x00000000ca880000)
 Metaspace       used 80541K, committed 81920K, reserved 1179648K
  class space    used 8557K, committed 9216K, reserved 1048576K
}
Event: 270.044 GC heap after
{Heap after GC invocations=101 (full 6):
 PSYoungGen      total 36352K, used 1521K [0x00000000eab00000, 0x00000000ed800000, 0x0000000100000000)
  eden space 34816K, 0% used [0x00000000eab00000,0x00000000eab00000,0x00000000ecd00000)
  from space 1536K, 99% used [0x00000000ed680000,0x00000000ed7fc4a0,0x00000000ed800000)
  to   space 2048K, 0% used [0x00000000ed400000,0x00000000ed400000,0x00000000ed600000)
 ParOldGen       total 172544K, used 143685K [0x00000000c0000000, 0x00000000ca880000, 0x00000000eab00000)
  object space 172544K, 83% used [0x00000000c0000000,0x00000000c8c51508,0x00000000ca880000)
 Metaspace       used 80541K, committed 81920K, reserved 1179648K
  class space    used 8557K, committed 9216K, reserved 1048576K
}
Event: 318.696 GC heap before
{Heap before GC invocations=102 (full 6):
 PSYoungGen      total 36352K, used 36337K [0x00000000eab00000, 0x00000000ed800000, 0x0000000100000000)
  eden space 34816K, 100% used [0x00000000eab00000,0x00000000ecd00000,0x00000000ecd00000)
  from space 1536K, 99% used [0x00000000ed680000,0x00000000ed7fc4a0,0x00000000ed800000)
  to   space 2048K, 0% used [0x00000000ed400000,0x00000000ed400000,0x00000000ed600000)
 ParOldGen       total 172544K, used 143685K [0x00000000c0000000, 0x00000000ca880000, 0x00000000eab00000)
  object space 172544K, 83% used [0x00000000c0000000,0x00000000c8c51508,0x00000000ca880000)
 Metaspace       used 80659K, committed 82112K, reserved 1179648K
  class space    used 8559K, committed 9216K, reserved 1048576K
}
Event: 318.698 GC heap after
{Heap after GC invocations=102 (full 6):
 PSYoungGen      total 36352K, used 1857K [0x00000000eab00000, 0x00000000ed700000, 0x0000000100000000)
  eden space 34304K, 0% used [0x00000000eab00000,0x00000000eab00000,0x00000000ecc80000)
  from space 2048K, 90% used [0x00000000ed400000,0x00000000ed5d04d0,0x00000000ed600000)
  to   space 1024K, 0% used [0x00000000ed600000,0x00000000ed600000,0x00000000ed700000)
 ParOldGen       total 172544K, used 143693K [0x00000000c0000000, 0x00000000ca880000, 0x00000000eab00000)
  object space 172544K, 83% used [0x00000000c0000000,0x00000000c8c53508,0x00000000ca880000)
 Metaspace       used 80659K, committed 82112K, reserved 1179648K
  class space    used 8559K, committed 9216K, reserved 1048576K
}
Event: 368.456 GC heap before
{Heap before GC invocations=103 (full 6):
 PSYoungGen      total 36352K, used 36161K [0x00000000eab00000, 0x00000000ed700000, 0x0000000100000000)
  eden space 34304K, 100% used [0x00000000eab00000,0x00000000ecc80000,0x00000000ecc80000)
  from space 2048K, 90% used [0x00000000ed400000,0x00000000ed5d04d0,0x00000000ed600000)
  to   space 1024K, 0% used [0x00000000ed600000,0x00000000ed600000,0x00000000ed700000)
 ParOldGen       total 172544K, used 143693K [0x00000000c0000000, 0x00000000ca880000, 0x00000000eab00000)
  object space 172544K, 83% used [0x00000000c0000000,0x00000000c8c53508,0x00000000ca880000)
 Metaspace       used 80982K, committed 82368K, reserved 1179648K
  class space    used 8585K, committed 9216K, reserved 1048576K
}
Event: 368.458 GC heap after
{Heap after GC invocations=103 (full 6):
 PSYoungGen      total 34816K, used 1009K [0x00000000eab00000, 0x00000000ed700000, 0x0000000100000000)
  eden space 33792K, 0% used [0x00000000eab00000,0x00000000eab00000,0x00000000ecc00000)
  from space 1024K, 98% used [0x00000000ed600000,0x00000000ed6fc4c0,0x00000000ed700000)
  to   space 2048K, 0% used [0x00000000ed300000,0x00000000ed300000,0x00000000ed500000)
 ParOldGen       total 172544K, used 144608K [0x00000000c0000000, 0x00000000ca880000, 0x00000000eab00000)
  object space 172544K, 83% used [0x00000000c0000000,0x00000000c8d38030,0x00000000ca880000)
 Metaspace       used 80982K, committed 82368K, reserved 1179648K
  class space    used 8585K, committed 9216K, reserved 1048576K
}
Event: 399.075 GC heap before
{Heap before GC invocations=104 (full 6):
 PSYoungGen      total 34816K, used 34801K [0x00000000eab00000, 0x00000000ed700000, 0x0000000100000000)
  eden space 33792K, 100% used [0x00000000eab00000,0x00000000ecc00000,0x00000000ecc00000)
  from space 1024K, 98% used [0x00000000ed600000,0x00000000ed6fc4c0,0x00000000ed700000)
  to   space 2048K, 0% used [0x00000000ed300000,0x00000000ed300000,0x00000000ed500000)
 ParOldGen       total 172544K, used 144608K [0x00000000c0000000, 0x00000000ca880000, 0x00000000eab00000)
  object space 172544K, 83% used [0x00000000c0000000,0x00000000c8d38030,0x00000000ca880000)
 Metaspace       used 81044K, committed 82432K, reserved 1179648K
  class space    used 8586K, committed 9216K, reserved 1048576K
}
Event: 399.077 GC heap after
{Heap after GC invocations=104 (full 6):
 PSYoungGen      total 34816K, used 1489K [0x00000000eab00000, 0x00000000ed680000, 0x0000000100000000)
  eden space 33280K, 0% used [0x00000000eab00000,0x00000000eab00000,0x00000000ecb80000)
  from space 1536K, 96% used [0x00000000ed300000,0x00000000ed4744c0,0x00000000ed480000)
  to   space 2048K, 0% used [0x00000000ed480000,0x00000000ed480000,0x00000000ed680000)
 ParOldGen       total 172544K, used 144616K [0x00000000c0000000, 0x00000000ca880000, 0x00000000eab00000)
  object space 172544K, 83% used [0x00000000c0000000,0x00000000c8d3a030,0x00000000ca880000)
 Metaspace       used 81044K, committed 82432K, reserved 1179648K
  class space    used 8586K, committed 9216K, reserved 1048576K
}
Event: 400.363 GC heap before
{Heap before GC invocations=105 (full 6):
 PSYoungGen      total 34816K, used 34769K [0x00000000eab00000, 0x00000000ed680000, 0x0000000100000000)
  eden space 33280K, 100% used [0x00000000eab00000,0x00000000ecb80000,0x00000000ecb80000)
  from space 1536K, 96% used [0x00000000ed300000,0x00000000ed4744c0,0x00000000ed480000)
  to   space 2048K, 0% used [0x00000000ed480000,0x00000000ed480000,0x00000000ed680000)
 ParOldGen       total 172544K, used 144616K [0x00000000c0000000, 0x00000000ca880000, 0x00000000eab00000)
  object space 172544K, 83% used [0x00000000c0000000,0x00000000c8d3a030,0x00000000ca880000)
 Metaspace       used 81083K, committed 82432K, reserved 1179648K
  class space    used 8586K, committed 9216K, reserved 1048576K
}
Event: 400.364 GC heap after
{Heap after GC invocations=105 (full 6):
 PSYoungGen      total 34304K, used 1313K [0x00000000eab00000, 0x00000000ed600000, 0x0000000100000000)
  eden space 32768K, 0% used [0x00000000eab00000,0x00000000eab00000,0x00000000ecb00000)
  from space 1536K, 85% used [0x00000000ed480000,0x00000000ed5c84b0,0x00000000ed600000)
  to   space 1536K, 0% used [0x00000000ed300000,0x00000000ed300000,0x00000000ed480000)
 ParOldGen       total 172544K, used 144624K [0x00000000c0000000, 0x00000000ca880000, 0x00000000eab00000)
  object space 172544K, 83% used [0x00000000c0000000,0x00000000c8d3c030,0x00000000ca880000)
 Metaspace       used 81083K, committed 82432K, reserved 1179648K
  class space    used 8586K, committed 9216K, reserved 1048576K
}
Event: 443.321 GC heap before
{Heap before GC invocations=106 (full 6):
 PSYoungGen      total 34304K, used 34081K [0x00000000eab00000, 0x00000000ed600000, 0x0000000100000000)
  eden space 32768K, 100% used [0x00000000eab00000,0x00000000ecb00000,0x00000000ecb00000)
  from space 1536K, 85% used [0x00000000ed480000,0x00000000ed5c84b0,0x00000000ed600000)
  to   space 1536K, 0% used [0x00000000ed300000,0x00000000ed300000,0x00000000ed480000)
 ParOldGen       total 172544K, used 144624K [0x00000000c0000000, 0x00000000ca880000, 0x00000000eab00000)
  object space 172544K, 83% used [0x00000000c0000000,0x00000000c8d3c030,0x00000000ca880000)
 Metaspace       used 81161K, committed 82560K, reserved 1179648K
  class space    used 8586K, committed 9216K, reserved 1048576K
}
Event: 443.322 GC heap after
{Heap after GC invocations=106 (full 6):
 PSYoungGen      total 33792K, used 1505K [0x00000000eab00000, 0x00000000ed500000, 0x0000000100000000)
  eden space 32256K, 0% used [0x00000000eab00000,0x00000000eab00000,0x00000000eca80000)
  from space 1536K, 97% used [0x00000000ed300000,0x00000000ed4784d0,0x00000000ed480000)
  to   space 512K, 0% used [0x00000000ed480000,0x00000000ed480000,0x00000000ed500000)
 ParOldGen       total 172544K, used 144778K [0x00000000c0000000, 0x00000000ca880000, 0x00000000eab00000)
  object space 172544K, 83% used [0x00000000c0000000,0x00000000c8d62ba8,0x00000000ca880000)
 Metaspace       used 81161K, committed 82560K, reserved 1179648K
  class space    used 8586K, committed 9216K, reserved 1048576K
}
Event: 507.076 GC heap before
{Heap before GC invocations=107 (full 6):
 PSYoungGen      total 33792K, used 33761K [0x00000000eab00000, 0x00000000ed500000, 0x0000000100000000)
  eden space 32256K, 100% used [0x00000000eab00000,0x00000000eca80000,0x00000000eca80000)
  from space 1536K, 97% used [0x00000000ed300000,0x00000000ed4784d0,0x00000000ed480000)
  to   space 512K, 0% used [0x00000000ed480000,0x00000000ed480000,0x00000000ed500000)
 ParOldGen       total 172544K, used 144778K [0x00000000c0000000, 0x00000000ca880000, 0x00000000eab00000)
  object space 172544K, 83% used [0x00000000c0000000,0x00000000c8d62ba8,0x00000000ca880000)
 Metaspace       used 81363K, committed 82752K, reserved 1179648K
  class space    used 8608K, committed 9216K, reserved 1048576K
}
Event: 507.078 GC heap after
{Heap after GC invocations=107 (full 6):
 PSYoungGen      total 32256K, used 502K [0x00000000eab00000, 0x00000000ed800000, 0x0000000100000000)
  eden space 31744K, 0% used [0x00000000eab00000,0x00000000eab00000,0x00000000eca00000)
  from space 512K, 98% used [0x00000000ed480000,0x00000000ed4fd8f8,0x00000000ed500000)
  to   space 7168K, 0% used [0x00000000eca00000,0x00000000eca00000,0x00000000ed100000)
 ParOldGen       total 172544K, used 150563K [0x00000000c0000000, 0x00000000ca880000, 0x00000000eab00000)
  object space 172544K, 87% used [0x00000000c0000000,0x00000000c9308df8,0x00000000ca880000)
 Metaspace       used 81363K, committed 82752K, reserved 1179648K
  class space    used 8608K, committed 9216K, reserved 1048576K
}

