# JRE version: Java(TM) SE Runtime Environment (21.0.5+9) (build 21.0.5+9-LTS-239)
# Java VM: Java HotSpot(TM) 64-Bit Server VM (21.0.5+9-LTS-239, mixed mode, sharing, tiered, compressed oops, compressed class ptrs, g1 gc, windows-amd64)
GC Precious Log:
 CardTable entry size: 512
 Card Set container configuration: InlinePtr #cards 5 size 8 Array Of Cards #cards 12 size 40 Howl #buckets 4 coarsen threshold 1843 Howl Bitmap #cards 512 size 80 coarsen threshold 460 Card regions per heap region 1 cards per card region 2048
 CPUs: 8 total, 8 available
 Memory: 7987M
 Large Page Support: Disabled
 NUMA Support: Disabled
 Compressed Oops: Enabled (32-bit)
 Heap Region Size: 1M
 Heap Min Capacity: 8M
 Heap Initial Capacity: 126M
 Heap Max Capacity: 1998M
 Pre-touch: Disabled
 Parallel Workers: 8
 Concurrent Workers: 2
 Concurrent Refinement Workers: 8
 Periodic GC: Disabled
Heap:
 garbage-first heap   total 175104K, used 98688K [0x0000000083200000, 0x0000000100000000)
  region size 1024K, 13 young (13312K), 5 survivors (5120K)
 Metaspace       used 36560K, committed 37120K, reserved 1114112K
  class space    used 3922K, committed 4160K, reserved 1048576K
GC Heap History (20 events):
Event: 10.724 GC heap before
{Heap before GC invocations=6 (full 0):
 garbage-first heap   total 86016K, used 84338K [0x0000000083200000, 0x0000000100000000)
  region size 1024K, 62 young (63488K), 10 survivors (10240K)
 Metaspace       used 27689K, committed 28032K, reserved 1114112K
  class space    used 3033K, committed 3200K, reserved 1048576K
}
Event: 10.747 GC heap after
{Heap after GC invocations=7 (full 0):
 garbage-first heap   total 111616K, used 46592K [0x0000000083200000, 0x0000000100000000)
  region size 1024K, 10 young (10240K), 10 survivors (10240K)
 Metaspace       used 27689K, committed 28032K, reserved 1114112K
  class space    used 3033K, committed 3200K, reserved 1048576K
}
Event: 11.097 GC heap before
{Heap before GC invocations=7 (full 0):
 garbage-first heap   total 111616K, used 86528K [0x0000000083200000, 0x0000000100000000)
  region size 1024K, 49 young (50176K), 10 survivors (10240K)
 Metaspace       used 28303K, committed 28672K, reserved 1114112K
  class space    used 3097K, committed 3264K, reserved 1048576K
}
Event: 11.111 GC heap after
{Heap after GC invocations=8 (full 0):
 garbage-first heap   total 111616K, used 55808K [0x0000000083200000, 0x0000000100000000)
  region size 1024K, 7 young (7168K), 7 survivors (7168K)
 Metaspace       used 28303K, committed 28672K, reserved 1114112K
  class space    used 3097K, committed 3264K, reserved 1048576K
}
Event: 11.756 GC heap before
{Heap before GC invocations=8 (full 0):
 garbage-first heap   total 111616K, used 89600K [0x0000000083200000, 0x0000000100000000)
  region size 1024K, 40 young (40960K), 7 survivors (7168K)
 Metaspace       used 29588K, committed 29952K, reserved 1114112K
  class space    used 3207K, committed 3392K, reserved 1048576K
}
Event: 11.766 GC heap after
{Heap after GC invocations=9 (full 0):
 garbage-first heap   total 134144K, used 60618K [0x0000000083200000, 0x0000000100000000)
  region size 1024K, 4 young (4096K), 4 survivors (4096K)
 Metaspace       used 29588K, committed 29952K, reserved 1114112K
  class space    used 3207K, committed 3392K, reserved 1048576K
}
Event: 12.523 GC heap before
{Heap before GC invocations=9 (full 0):
 garbage-first heap   total 134144K, used 109770K [0x0000000083200000, 0x0000000100000000)
  region size 1024K, 52 young (53248K), 4 survivors (4096K)
 Metaspace       used 31346K, committed 31808K, reserved 1114112K
  class space    used 3399K, committed 3648K, reserved 1048576K
}
Event: 12.528 GC heap after
{Heap after GC invocations=10 (full 0):
 garbage-first heap   total 134144K, used 61973K [0x0000000083200000, 0x0000000100000000)
  region size 1024K, 5 young (5120K), 5 survivors (5120K)
 Metaspace       used 31346K, committed 31808K, reserved 1114112K
  class space    used 3399K, committed 3648K, reserved 1048576K
}
Event: 12.953 GC heap before
{Heap before GC invocations=10 (full 0):
 garbage-first heap   total 134144K, used 113173K [0x0000000083200000, 0x0000000100000000)
  region size 1024K, 55 young (56320K), 5 survivors (5120K)
 Metaspace       used 31558K, committed 32000K, reserved 1114112K
  class space    used 3403K, committed 3648K, reserved 1048576K
}
Event: 12.958 GC heap after
{Heap after GC invocations=11 (full 0):
 garbage-first heap   total 134144K, used 63010K [0x0000000083200000, 0x0000000100000000)
  region size 1024K, 3 young (3072K), 3 survivors (3072K)
 Metaspace       used 31558K, committed 32000K, reserved 1114112K
  class space    used 3403K, committed 3648K, reserved 1048576K
}
Event: 13.587 GC heap before
{Heap before GC invocations=11 (full 0):
 garbage-first heap   total 134144K, used 107042K [0x0000000083200000, 0x0000000100000000)
  region size 1024K, 47 young (48128K), 3 survivors (3072K)
 Metaspace       used 33219K, committed 33856K, reserved 1114112K
  class space    used 3604K, committed 3904K, reserved 1048576K
}
Event: 13.593 GC heap after
{Heap after GC invocations=12 (full 0):
 garbage-first heap   total 134144K, used 64216K [0x0000000083200000, 0x0000000100000000)
  region size 1024K, 4 young (4096K), 4 survivors (4096K)
 Metaspace       used 33219K, committed 33856K, reserved 1114112K
  class space    used 3604K, committed 3904K, reserved 1048576K
}
Event: 14.855 GC heap before
{Heap before GC invocations=13 (full 0):
 garbage-first heap   total 134144K, used 126680K [0x0000000083200000, 0x0000000100000000)
  region size 1024K, 58 young (59392K), 4 survivors (4096K)
 Metaspace       used 33907K, committed 34496K, reserved 1114112K
  class space    used 3651K, committed 3968K, reserved 1048576K
}
Event: 14.874 GC heap after
{Heap after GC invocations=14 (full 0):
 garbage-first heap   total 145408K, used 82469K [0x0000000083200000, 0x0000000100000000)
  region size 1024K, 8 young (8192K), 8 survivors (8192K)
 Metaspace       used 33907K, committed 34496K, reserved 1114112K
  class space    used 3651K, committed 3968K, reserved 1048576K
}
Event: 15.221 GC heap before
{Heap before GC invocations=14 (full 0):
 garbage-first heap   total 145408K, used 122405K [0x0000000083200000, 0x0000000100000000)
  region size 1024K, 47 young (48128K), 8 survivors (8192K)
 Metaspace       used 33938K, committed 34560K, reserved 1114112K
  class space    used 3651K, committed 3968K, reserved 1048576K
}
Event: 15.237 GC heap after
{Heap after GC invocations=15 (full 0):
 garbage-first heap   total 145408K, used 94720K [0x0000000083200000, 0x0000000100000000)
  region size 1024K, 6 young (6144K), 6 survivors (6144K)
 Metaspace       used 33938K, committed 34560K, reserved 1114112K
  class space    used 3651K, committed 3968K, reserved 1048576K
}
Event: 15.747 GC heap before
{Heap before GC invocations=15 (full 0):
 garbage-first heap   total 145408K, used 122368K [0x0000000083200000, 0x0000000100000000)
  region size 1024K, 34 young (34816K), 6 survivors (6144K)
 Metaspace       used 34937K, committed 35584K, reserved 1114112K
  class space    used 3768K, committed 4096K, reserved 1048576K
}
Event: 15.752 GC heap after
{Heap after GC invocations=16 (full 0):
 garbage-first heap   total 175104K, used 97280K [0x0000000083200000, 0x0000000100000000)
  region size 1024K, 2 young (2048K), 2 survivors (2048K)
 Metaspace       used 34937K, committed 35584K, reserved 1114112K
  class space    used 3768K, committed 4096K, reserved 1048576K
}
Event: 16.692 GC heap before
{Heap before GC invocations=17 (full 0):
 garbage-first heap   total 175104K, used 139264K [0x0000000083200000, 0x0000000100000000)
  region size 1024K, 50 young (51200K), 2 survivors (2048K)
 Metaspace       used 35878K, committed 36416K, reserved 1114112K
  class space    used 3840K, committed 4096K, reserved 1048576K
}
Event: 16.696 GC heap after
{Heap after GC invocations=18 (full 0):
 garbage-first heap   total 175104K, used 91520K [0x0000000083200000, 0x0000000100000000)
  region size 1024K, 5 young (5120K), 5 survivors (5120K)
 Metaspace       used 35878K, committed 36416K, reserved 1114112K
  class space    used 3840K, committed 4096K, reserved 1048576K
}

