# JRE version: Java(TM) SE Runtime Environment (22.0.2+9) (build 22.0.2+9-70)
# Java VM: Java HotSpot(TM) 64-Bit Server VM (22.0.2+9-70, mixed mode, sharing, tiered, compressed oops, compressed class ptrs, g1 gc, windows-amd64)
GC Precious Log:
 CardTable entry size: 512
 Card Set container configuration: InlinePtr #cards 5 size 8 Array Of Cards #cards 12 size 40 Howl #buckets 4 coarsen threshold 1843 Howl Bitmap #cards 512 size 80 coarsen threshold 460 Card regions per heap region 1 cards per card region 2048
 CPUs: 8 total, 8 available
 Memory: 7987M
 Large Page Support: Disabled
 NUMA Support: Disabled
 Compressed Oops: Enabled (32-bit)
 Heap Region Size: 1M
 Heap Min Capacity: 8M
 Heap Initial Capacity: 126M
 Heap Max Capacity: 1998M
 Pre-touch: Disabled
 Parallel Workers: 8
 Concurrent Workers: 2
 Concurrent Refinement Workers: 8
 Periodic GC: Disabled
Heap:
 garbage-first heap   total reserved 2045952K, committed 183296K, used 130560K [0x0000000083200000, 0x0000000100000000)
  region size 1024K, 51 young (52224K), 4 survivors (4096K)
 Metaspace       used 38368K, committed 39040K, reserved 1114112K
  class space    used 4413K, committed 4736K, reserved 1048576K
GC Heap History (20 events):
Event: 2.559 GC heap before
{Heap before GC invocations=2 (full 0):
 garbage-first heap   total reserved 2045952K, committed 129024K, used 79827K [0x0000000083200000, 0x0000000100000000)
  region size 1024K, 75 young (76800K), 3 survivors (3072K)
 Metaspace       used 15838K, committed 16064K, reserved 1114112K
  class space    used 1868K, committed 1984K, reserved 1048576K
}
Event: 2.570 GC heap after
{Heap after GC invocations=3 (full 0):
 garbage-first heap   total reserved 2045952K, committed 129024K, used 14257K [0x0000000083200000, 0x0000000100000000)
  region size 1024K, 10 young (10240K), 10 survivors (10240K)
 Metaspace       used 15838K, committed 16064K, reserved 1114112K
  class space    used 1868K, committed 1984K, reserved 1048576K
}
Event: 3.418 GC heap before
{Heap before GC invocations=3 (full 0):
 garbage-first heap   total reserved 2045952K, committed 129024K, used 80817K [0x0000000083200000, 0x0000000100000000)
  region size 1024K, 75 young (76800K), 10 survivors (10240K)
 Metaspace       used 16920K, committed 17152K, reserved 1114112K
  class space    used 1950K, committed 2048K, reserved 1048576K
}
Event: 3.431 GC heap after
{Heap after GC invocations=4 (full 0):
 garbage-first heap   total reserved 2045952K, committed 129024K, used 19225K [0x0000000083200000, 0x0000000100000000)
  region size 1024K, 6 young (6144K), 6 survivors (6144K)
 Metaspace       used 16920K, committed 17152K, reserved 1114112K
  class space    used 1950K, committed 2048K, reserved 1048576K
}
Event: 6.891 GC heap before
{Heap before GC invocations=4 (full 0):
 garbage-first heap   total reserved 2045952K, committed 129024K, used 90905K [0x0000000083200000, 0x0000000100000000)
  region size 1024K, 72 young (73728K), 6 survivors (6144K)
 Metaspace       used 21139K, committed 21504K, reserved 1114112K
  class space    used 2398K, committed 2560K, reserved 1048576K
}
Event: 6.901 GC heap after
{Heap after GC invocations=5 (full 0):
 garbage-first heap   total reserved 2045952K, committed 129024K, used 29696K [0x0000000083200000, 0x0000000100000000)
  region size 1024K, 10 young (10240K), 10 survivors (10240K)
 Metaspace       used 21139K, committed 21504K, reserved 1114112K
  class space    used 2398K, committed 2560K, reserved 1048576K
}
Event: 7.906 GC heap before
{Heap before GC invocations=6 (full 0):
 garbage-first heap   total reserved 2045952K, committed 99328K, used 98304K [0x0000000083200000, 0x0000000100000000)
  region size 1024K, 75 young (76800K), 10 survivors (10240K)
 Metaspace       used 27352K, committed 27776K, reserved 1114112K
  class space    used 3126K, committed 3328K, reserved 1048576K
}
Event: 7.933 GC heap after
{Heap after GC invocations=7 (full 0):
 garbage-first heap   total reserved 2045952K, committed 130048K, used 52736K [0x0000000083200000, 0x0000000100000000)
  region size 1024K, 10 young (10240K), 10 survivors (10240K)
 Metaspace       used 27352K, committed 27776K, reserved 1114112K
  class space    used 3126K, committed 3328K, reserved 1048576K
}
Event: 9.218 GC heap before
{Heap before GC invocations=7 (full 0):
 garbage-first heap   total reserved 2045952K, committed 130048K, used 103936K [0x0000000083200000, 0x0000000100000000)
  region size 1024K, 61 young (62464K), 10 survivors (10240K)
 Metaspace       used 29867K, committed 30400K, reserved 1114112K
  class space    used 3422K, committed 3648K, reserved 1048576K
}
Event: 9.234 GC heap after
{Heap after GC invocations=8 (full 0):
 garbage-first heap   total reserved 2045952K, committed 130048K, used 56320K [0x0000000083200000, 0x0000000100000000)
  region size 1024K, 3 young (3072K), 3 survivors (3072K)
 Metaspace       used 29867K, committed 30400K, reserved 1114112K
  class space    used 3422K, committed 3648K, reserved 1048576K
}
Event: 9.756 GC heap before
{Heap before GC invocations=8 (full 0):
 garbage-first heap   total reserved 2045952K, committed 130048K, used 108544K [0x0000000083200000, 0x0000000100000000)
  region size 1024K, 54 young (55296K), 3 survivors (3072K)
 Metaspace       used 30291K, committed 30784K, reserved 1114112K
  class space    used 3433K, committed 3648K, reserved 1048576K
}
Event: 9.765 GC heap after
{Heap after GC invocations=9 (full 0):
 garbage-first heap   total reserved 2045952K, committed 130048K, used 56588K [0x0000000083200000, 0x0000000100000000)
  region size 1024K, 4 young (4096K), 4 survivors (4096K)
 Metaspace       used 30291K, committed 30784K, reserved 1114112K
  class space    used 3433K, committed 3648K, reserved 1048576K
}
Event: 11.076 GC heap before
{Heap before GC invocations=9 (full 0):
 garbage-first heap   total reserved 2045952K, committed 130048K, used 114956K [0x0000000083200000, 0x0000000100000000)
  region size 1024K, 57 young (58368K), 4 survivors (4096K)
 Metaspace       used 32310K, committed 32896K, reserved 1114112K
  class space    used 3691K, committed 3968K, reserved 1048576K
}
Event: 11.087 GC heap after
{Heap after GC invocations=10 (full 0):
 garbage-first heap   total reserved 2045952K, committed 159744K, used 72704K [0x0000000083200000, 0x0000000100000000)
  region size 1024K, 8 young (8192K), 8 survivors (8192K)
 Metaspace       used 32310K, committed 32896K, reserved 1114112K
  class space    used 3691K, committed 3968K, reserved 1048576K
}
Event: 11.836 GC heap before
{Heap before GC invocations=10 (full 0):
 garbage-first heap   total reserved 2045952K, committed 159744K, used 130048K [0x0000000083200000, 0x0000000100000000)
  region size 1024K, 65 young (66560K), 8 survivors (8192K)
 Metaspace       used 32879K, committed 33408K, reserved 1114112K
  class space    used 3762K, committed 4032K, reserved 1048576K
}
Event: 11.855 GC heap after
{Heap after GC invocations=11 (full 0):
 garbage-first heap   total reserved 2045952K, committed 159744K, used 87552K [0x0000000083200000, 0x0000000100000000)
  region size 1024K, 9 young (9216K), 9 survivors (9216K)
 Metaspace       used 32879K, committed 33408K, reserved 1114112K
  class space    used 3762K, committed 4032K, reserved 1048576K
}
Event: 12.857 GC heap before
{Heap before GC invocations=11 (full 0):
 garbage-first heap   total reserved 2045952K, committed 159744K, used 132608K [0x0000000083200000, 0x0000000100000000)
  region size 1024K, 53 young (54272K), 9 survivors (9216K)
 Metaspace       used 34449K, committed 35008K, reserved 1114112K
  class space    used 3916K, committed 4224K, reserved 1048576K
}
Event: 12.861 GC heap after
{Heap after GC invocations=12 (full 0):
 garbage-first heap   total reserved 2045952K, committed 159744K, used 85997K [0x0000000083200000, 0x0000000100000000)
  region size 1024K, 3 young (3072K), 3 survivors (3072K)
 Metaspace       used 34449K, committed 35008K, reserved 1114112K
  class space    used 3916K, committed 4224K, reserved 1048576K
}
Event: 35.413 GC heap before
{Heap before GC invocations=13 (full 0):
 garbage-first heap   total reserved 2045952K, committed 180224K, used 178157K [0x0000000083200000, 0x0000000100000000)
  region size 1024K, 51 young (52224K), 3 survivors (3072K)
 Metaspace       used 36930K, committed 37504K, reserved 1114112K
  class space    used 4232K, committed 4480K, reserved 1048576K
}
Event: 35.418 GC heap after
{Heap after GC invocations=14 (full 0):
 garbage-first heap   total reserved 2045952K, committed 183296K, used 82432K [0x0000000083200000, 0x0000000100000000)
  region size 1024K, 4 young (4096K), 4 survivors (4096K)
 Metaspace       used 36930K, committed 37504K, reserved 1114112K
  class space    used 4232K, committed 4480K, reserved 1048576K
}

