# JRE version: OpenJDK Runtime Environment Temurin-17.0.13+11 (17.0.13+11) (build 17.0.13+11)
# Java VM: OpenJDK 64-Bit Server VM Temurin-17.0.13+11 (17.0.13+11, mixed mode, tiered, compressed oops, compressed class ptrs, parallel gc, windows-amd64)
GC Precious Log:
 CPUs: 8 total, 8 available
 Memory: 7987M
 Large Page Support: Disabled
 NUMA Support: Disabled
 Compressed Oops: Enabled (32-bit)
 Alignments: Space 512K, Generation 512K, Heap 2M
 Heap Min Capacity: 100M
 Heap Initial Capacity: 100M
 Heap Max Capacity: 1G
 Pre-touch: Disabled
 Parallel Workers: 8
Heap:
 PSYoungGen      total 34816K, used 31972K [0x00000000eab00000, 0x00000000ed600000, 0x0000000100000000)
  eden space 27648K, 90% used [0x00000000eab00000,0x00000000ec378588,0x00000000ec600000)
  from space 7168K, 96% used [0x00000000ec600000,0x00000000eccc0cb8,0x00000000ecd00000)
  to   space 8192K, 0% used [0x00000000ece00000,0x00000000ece00000,0x00000000ed600000)
 ParOldGen       total 391168K, used 333138K [0x00000000c0000000, 0x00000000d7e00000, 0x00000000eab00000)
  object space 391168K, 85% used [0x00000000c0000000,0x00000000d4554b00,0x00000000d7e00000)
 Metaspace       used 73857K, committed 75264K, reserved 1179648K
  class space    used 7605K, committed 8192K, reserved 1048576K
GC Heap History (20 events):
Event: 20.147 GC heap before
{Heap before GC invocations=286 (full 11):
 PSYoungGen      total 29184K, used 29179K [0x00000000eab00000, 0x00000000ece80000, 0x0000000100000000)
  eden space 25088K, 100% used [0x00000000eab00000,0x00000000ec380000,0x00000000ec380000)
  from space 4096K, 99% used [0x00000000ec380000,0x00000000ec77ef48,0x00000000ec780000)
  to   space 5120K, 0% used [0x00000000ec980000,0x00000000ec980000,0x00000000ece80000)
 ParOldGen       total 363520K, used 325377K [0x00000000c0000000, 0x00000000d6300000, 0x00000000eab00000)
  object space 363520K, 89% used [0x00000000c0000000,0x00000000d3dc05d0,0x00000000d6300000)
 Metaspace       used 70314K, committed 71680K, reserved 1114112K
  class space    used 7347K, committed 8000K, reserved 1048576K
}
Event: 20.156 GC heap after
{Heap after GC invocations=286 (full 11):
 PSYoungGen      total 31232K, used 3616K [0x00000000eab00000, 0x00000000ecd80000, 0x0000000100000000)
  eden space 27136K, 0% used [0x00000000eab00000,0x00000000eab00000,0x00000000ec580000)
  from space 4096K, 88% used [0x00000000ec980000,0x00000000ecd08000,0x00000000ecd80000)
  to   space 4096K, 0% used [0x00000000ec580000,0x00000000ec580000,0x00000000ec980000)
 ParOldGen       total 363520K, used 328250K [0x00000000c0000000, 0x00000000d6300000, 0x00000000eab00000)
  object space 363520K, 90% used [0x00000000c0000000,0x00000000d408ea10,0x00000000d6300000)
 Metaspace       used 70314K, committed 71680K, reserved 1114112K
  class space    used 7347K, committed 8000K, reserved 1048576K
}
Event: 20.314 GC heap before
{Heap before GC invocations=287 (full 11):
 PSYoungGen      total 31232K, used 30752K [0x00000000eab00000, 0x00000000ecd80000, 0x0000000100000000)
  eden space 27136K, 100% used [0x00000000eab00000,0x00000000ec580000,0x00000000ec580000)
  from space 4096K, 88% used [0x00000000ec980000,0x00000000ecd08000,0x00000000ecd80000)
  to   space 4096K, 0% used [0x00000000ec580000,0x00000000ec580000,0x00000000ec980000)
 ParOldGen       total 363520K, used 328250K [0x00000000c0000000, 0x00000000d6300000, 0x00000000eab00000)
  object space 363520K, 90% used [0x00000000c0000000,0x00000000d408ea10,0x00000000d6300000)
 Metaspace       used 70492K, committed 71936K, reserved 1114112K
  class space    used 7348K, committed 8000K, reserved 1048576K
}
Event: 20.319 GC heap after
{Heap after GC invocations=287 (full 11):
 PSYoungGen      total 31232K, used 4091K [0x00000000eab00000, 0x00000000ed180000, 0x0000000100000000)
  eden space 27136K, 0% used [0x00000000eab00000,0x00000000eab00000,0x00000000ec580000)
  from space 4096K, 99% used [0x00000000ec580000,0x00000000ec97ee60,0x00000000ec980000)
  to   space 5120K, 0% used [0x00000000ecc80000,0x00000000ecc80000,0x00000000ed180000)
 ParOldGen       total 363520K, used 328690K [0x00000000c0000000, 0x00000000d6300000, 0x00000000eab00000)
  object space 363520K, 90% used [0x00000000c0000000,0x00000000d40fca10,0x00000000d6300000)
 Metaspace       used 70492K, committed 71936K, reserved 1114112K
  class space    used 7348K, committed 8000K, reserved 1048576K
}
Event: 20.413 GC heap before
{Heap before GC invocations=288 (full 11):
 PSYoungGen      total 31232K, used 31227K [0x00000000eab00000, 0x00000000ed180000, 0x0000000100000000)
  eden space 27136K, 100% used [0x00000000eab00000,0x00000000ec580000,0x00000000ec580000)
  from space 4096K, 99% used [0x00000000ec580000,0x00000000ec97ee60,0x00000000ec980000)
  to   space 5120K, 0% used [0x00000000ecc80000,0x00000000ecc80000,0x00000000ed180000)
 ParOldGen       total 363520K, used 328690K [0x00000000c0000000, 0x00000000d6300000, 0x00000000eab00000)
  object space 363520K, 90% used [0x00000000c0000000,0x00000000d40fca10,0x00000000d6300000)
 Metaspace       used 70589K, committed 72064K, reserved 1114112K
  class space    used 7348K, committed 8000K, reserved 1048576K
}
Event: 20.422 GC heap after
{Heap after GC invocations=288 (full 11):
 PSYoungGen      total 32768K, used 3579K [0x00000000eab00000, 0x00000000ed000000, 0x0000000100000000)
  eden space 29184K, 0% used [0x00000000eab00000,0x00000000eab00000,0x00000000ec780000)
  from space 3584K, 99% used [0x00000000ecc80000,0x00000000ecffee90,0x00000000ed000000)
  to   space 4096K, 0% used [0x00000000ec800000,0x00000000ec800000,0x00000000ecc00000)
 ParOldGen       total 363520K, used 331725K [0x00000000c0000000, 0x00000000d6300000, 0x00000000eab00000)
  object space 363520K, 91% used [0x00000000c0000000,0x00000000d43f34c8,0x00000000d6300000)
 Metaspace       used 70589K, committed 72064K, reserved 1114112K
  class space    used 7348K, committed 8000K, reserved 1048576K
}
Event: 20.550 GC heap before
{Heap before GC invocations=289 (full 11):
 PSYoungGen      total 32768K, used 32763K [0x00000000eab00000, 0x00000000ed000000, 0x0000000100000000)
  eden space 29184K, 100% used [0x00000000eab00000,0x00000000ec780000,0x00000000ec780000)
  from space 3584K, 99% used [0x00000000ecc80000,0x00000000ecffee90,0x00000000ed000000)
  to   space 4096K, 0% used [0x00000000ec800000,0x00000000ec800000,0x00000000ecc00000)
 ParOldGen       total 363520K, used 331725K [0x00000000c0000000, 0x00000000d6300000, 0x00000000eab00000)
  object space 363520K, 91% used [0x00000000c0000000,0x00000000d43f34c8,0x00000000d6300000)
 Metaspace       used 70983K, committed 72384K, reserved 1114112K
  class space    used 7386K, committed 8000K, reserved 1048576K
}
Event: 20.558 GC heap after
{Heap after GC invocations=289 (full 11):
 PSYoungGen      total 33792K, used 4094K [0x00000000eab00000, 0x00000000ed680000, 0x0000000100000000)
  eden space 29696K, 0% used [0x00000000eab00000,0x00000000eab00000,0x00000000ec800000)
  from space 4096K, 99% used [0x00000000ec800000,0x00000000ecbffbc0,0x00000000ecc00000)
  to   space 6656K, 0% used [0x00000000ed000000,0x00000000ed000000,0x00000000ed680000)
 ParOldGen       total 363520K, used 333743K [0x00000000c0000000, 0x00000000d6300000, 0x00000000eab00000)
  object space 363520K, 91% used [0x00000000c0000000,0x00000000d45ebdb8,0x00000000d6300000)
 Metaspace       used 70983K, committed 72384K, reserved 1114112K
  class space    used 7386K, committed 8000K, reserved 1048576K
}
Event: 20.671 GC heap before
{Heap before GC invocations=290 (full 11):
 PSYoungGen      total 33792K, used 33790K [0x00000000eab00000, 0x00000000ed680000, 0x0000000100000000)
  eden space 29696K, 100% used [0x00000000eab00000,0x00000000ec800000,0x00000000ec800000)
  from space 4096K, 99% used [0x00000000ec800000,0x00000000ecbffbc0,0x00000000ecc00000)
  to   space 6656K, 0% used [0x00000000ed000000,0x00000000ed000000,0x00000000ed680000)
 ParOldGen       total 363520K, used 333743K [0x00000000c0000000, 0x00000000d6300000, 0x00000000eab00000)
  object space 363520K, 91% used [0x00000000c0000000,0x00000000d45ebdb8,0x00000000d6300000)
 Metaspace       used 71378K, committed 72768K, reserved 1114112K
  class space    used 7438K, committed 8064K, reserved 1048576K
}
Event: 20.683 GC heap after
{Heap after GC invocations=290 (full 11):
 PSYoungGen      total 36864K, used 4917K [0x00000000eab00000, 0x00000000ed500000, 0x0000000100000000)
  eden space 31744K, 0% used [0x00000000eab00000,0x00000000eab00000,0x00000000eca00000)
  from space 5120K, 96% used [0x00000000ed000000,0x00000000ed4cd5d8,0x00000000ed500000)
  to   space 5632K, 0% used [0x00000000eca00000,0x00000000eca00000,0x00000000ecf80000)
 ParOldGen       total 363520K, used 336016K [0x00000000c0000000, 0x00000000d6300000, 0x00000000eab00000)
  object space 363520K, 92% used [0x00000000c0000000,0x00000000d4824128,0x00000000d6300000)
 Metaspace       used 71378K, committed 72768K, reserved 1114112K
  class space    used 7438K, committed 8064K, reserved 1048576K
}
Event: 21.038 GC heap before
{Heap before GC invocations=291 (full 11):
 PSYoungGen      total 36864K, used 36661K [0x00000000eab00000, 0x00000000ed500000, 0x0000000100000000)
  eden space 31744K, 100% used [0x00000000eab00000,0x00000000eca00000,0x00000000eca00000)
  from space 5120K, 96% used [0x00000000ed000000,0x00000000ed4cd5d8,0x00000000ed500000)
  to   space 5632K, 0% used [0x00000000eca00000,0x00000000eca00000,0x00000000ecf80000)
 ParOldGen       total 363520K, used 336016K [0x00000000c0000000, 0x00000000d6300000, 0x00000000eab00000)
  object space 363520K, 92% used [0x00000000c0000000,0x00000000d4824128,0x00000000d6300000)
 Metaspace       used 71844K, committed 73216K, reserved 1114112K
  class space    used 7455K, committed 8064K, reserved 1048576K
}
Event: 21.055 GC heap after
{Heap after GC invocations=291 (full 11):
 PSYoungGen      total 37376K, used 5630K [0x00000000eab00000, 0x00000000eeb00000, 0x0000000100000000)
  eden space 31744K, 0% used [0x00000000eab00000,0x00000000eab00000,0x00000000eca00000)
  from space 5632K, 99% used [0x00000000eca00000,0x00000000ecf7fba8,0x00000000ecf80000)
  to   space 15872K, 0% used [0x00000000edb80000,0x00000000edb80000,0x00000000eeb00000)
 ParOldGen       total 363520K, used 344643K [0x00000000c0000000, 0x00000000d6300000, 0x00000000eab00000)
  object space 363520K, 94% used [0x00000000c0000000,0x00000000d5090da0,0x00000000d6300000)
 Metaspace       used 71844K, committed 73216K, reserved 1114112K
  class space    used 7455K, committed 8064K, reserved 1048576K
}
Event: 21.750 GC heap before
{Heap before GC invocations=292 (full 11):
 PSYoungGen      total 37376K, used 37374K [0x00000000eab00000, 0x00000000eeb00000, 0x0000000100000000)
  eden space 31744K, 100% used [0x00000000eab00000,0x00000000eca00000,0x00000000eca00000)
  from space 5632K, 99% used [0x00000000eca00000,0x00000000ecf7fba8,0x00000000ecf80000)
  to   space 15872K, 0% used [0x00000000edb80000,0x00000000edb80000,0x00000000eeb00000)
 ParOldGen       total 363520K, used 344643K [0x00000000c0000000, 0x00000000d6300000, 0x00000000eab00000)
  object space 363520K, 94% used [0x00000000c0000000,0x00000000d5090da0,0x00000000d6300000)
 Metaspace       used 72584K, committed 73920K, reserved 1179648K
  class space    used 7472K, committed 8064K, reserved 1048576K
}
Event: 21.766 GC heap after
{Heap after GC invocations=292 (full 11):
 PSYoungGen      total 44032K, used 15869K [0x00000000eab00000, 0x00000000ef600000, 0x0000000100000000)
  eden space 28160K, 0% used [0x00000000eab00000,0x00000000eab00000,0x00000000ec680000)
  from space 15872K, 99% used [0x00000000edb80000,0x00000000eeaff6e0,0x00000000eeb00000)
  to   space 21504K, 0% used [0x00000000ec680000,0x00000000ec680000,0x00000000edb80000)
 ParOldGen       total 363520K, used 348498K [0x00000000c0000000, 0x00000000d6300000, 0x00000000eab00000)
  object space 363520K, 95% used [0x00000000c0000000,0x00000000d5454a08,0x00000000d6300000)
 Metaspace       used 72584K, committed 73920K, reserved 1179648K
  class space    used 7472K, committed 8064K, reserved 1048576K
}
Event: 21.963 GC heap before
{Heap before GC invocations=293 (full 11):
 PSYoungGen      total 44032K, used 44029K [0x00000000eab00000, 0x00000000ef600000, 0x0000000100000000)
  eden space 28160K, 100% used [0x00000000eab00000,0x00000000ec680000,0x00000000ec680000)
  from space 15872K, 99% used [0x00000000edb80000,0x00000000eeaff6e0,0x00000000eeb00000)
  to   space 21504K, 0% used [0x00000000ec680000,0x00000000ec680000,0x00000000edb80000)
 ParOldGen       total 363520K, used 348498K [0x00000000c0000000, 0x00000000d6300000, 0x00000000eab00000)
  object space 363520K, 95% used [0x00000000c0000000,0x00000000d5454a08,0x00000000d6300000)
 Metaspace       used 72701K, committed 74112K, reserved 1179648K
  class space    used 7489K, committed 8128K, reserved 1048576K
}
Event: 21.978 GC heap after
{Heap after GC invocations=293 (full 11):
 PSYoungGen      total 35328K, used 6943K [0x00000000eab00000, 0x00000000edf00000, 0x0000000100000000)
  eden space 28160K, 0% used [0x00000000eab00000,0x00000000eab00000,0x00000000ec680000)
  from space 7168K, 96% used [0x00000000ec680000,0x00000000ecd47c60,0x00000000ecd80000)
  to   space 11776K, 0% used [0x00000000ed380000,0x00000000ed380000,0x00000000edf00000)
 ParOldGen       total 363520K, used 358203K [0x00000000c0000000, 0x00000000d6300000, 0x00000000eab00000)
  object space 363520K, 98% used [0x00000000c0000000,0x00000000d5dced50,0x00000000d6300000)
 Metaspace       used 72701K, committed 74112K, reserved 1179648K
  class space    used 7489K, committed 8128K, reserved 1048576K
}
Event: 23.309 GC heap before
{Heap before GC invocations=294 (full 12):
 PSYoungGen      total 35328K, used 35103K [0x00000000eab00000, 0x00000000edf00000, 0x0000000100000000)
  eden space 28160K, 100% used [0x00000000eab00000,0x00000000ec680000,0x00000000ec680000)
  from space 7168K, 96% used [0x00000000ec680000,0x00000000ecd47c60,0x00000000ecd80000)
  to   space 11776K, 0% used [0x00000000ed380000,0x00000000ed380000,0x00000000edf00000)
 ParOldGen       total 363520K, used 358203K [0x00000000c0000000, 0x00000000d6300000, 0x00000000eab00000)
  object space 363520K, 98% used [0x00000000c0000000,0x00000000d5dced50,0x00000000d6300000)
 Metaspace       used 73168K, committed 74624K, reserved 1179648K
  class space    used 7550K, committed 8192K, reserved 1048576K
}
Event: 23.606 GC heap after
{Heap after GC invocations=294 (full 12):
 PSYoungGen      total 37376K, used 0K [0x00000000eab00000, 0x00000000edd00000, 0x0000000100000000)
  eden space 27648K, 0% used [0x00000000eab00000,0x00000000eab00000,0x00000000ec600000)
  from space 9728K, 0% used [0x00000000ed380000,0x00000000ed380000,0x00000000edd00000)
  to   space 11776K, 0% used [0x00000000ec600000,0x00000000ec600000,0x00000000ed180000)
 ParOldGen       total 391168K, used 333130K [0x00000000c0000000, 0x00000000d7e00000, 0x00000000eab00000)
  object space 391168K, 85% used [0x00000000c0000000,0x00000000d4552b00,0x00000000d7e00000)
 Metaspace       used 73168K, committed 74624K, reserved 1179648K
  class space    used 7550K, committed 8192K, reserved 1048576K
}
Event: 24.575 GC heap before
{Heap before GC invocations=295 (full 12):
 PSYoungGen      total 37376K, used 27648K [0x00000000eab00000, 0x00000000edd00000, 0x0000000100000000)
  eden space 27648K, 100% used [0x00000000eab00000,0x00000000ec600000,0x00000000ec600000)
  from space 9728K, 0% used [0x00000000ed380000,0x00000000ed380000,0x00000000edd00000)
  to   space 11776K, 0% used [0x00000000ec600000,0x00000000ec600000,0x00000000ed180000)
 ParOldGen       total 391168K, used 333130K [0x00000000c0000000, 0x00000000d7e00000, 0x00000000eab00000)
  object space 391168K, 85% used [0x00000000c0000000,0x00000000d4552b00,0x00000000d7e00000)
 Metaspace       used 73743K, committed 75200K, reserved 1179648K
  class space    used 7602K, committed 8192K, reserved 1048576K
}
Event: 24.582 GC heap after
{Heap after GC invocations=295 (full 12):
 PSYoungGen      total 34816K, used 6915K [0x00000000eab00000, 0x00000000ed600000, 0x0000000100000000)
  eden space 27648K, 0% used [0x00000000eab00000,0x00000000eab00000,0x00000000ec600000)
  from space 7168K, 96% used [0x00000000ec600000,0x00000000eccc0cb8,0x00000000ecd00000)
  to   space 8192K, 0% used [0x00000000ece00000,0x00000000ece00000,0x00000000ed600000)
 ParOldGen       total 391168K, used 333138K [0x00000000c0000000, 0x00000000d7e00000, 0x00000000eab00000)
  object space 391168K, 85% used [0x00000000c0000000,0x00000000d4554b00,0x00000000d7e00000)
 Metaspace       used 73743K, committed 75200K, reserved 1179648K
  class space    used 7602K, committed 8192K, reserved 1048576K
}

