# JRE version: OpenJDK Runtime Environment Temurin-17.0.12+7 (17.0.12+7) (build 17.0.12+7)
# Java VM: OpenJDK 64-Bit Server VM Temurin-17.0.12+7 (17.0.12+7, mixed mode, tiered, compressed oops, compressed class ptrs, parallel gc, windows-amd64)
GC Precious Log:
 CPUs: 8 total, 8 available
 Memory: 7987M
 Large Page Support: Disabled
 NUMA Support: Disabled
 Compressed Oops: Enabled (32-bit)
 Alignments: Space 512K, Generation 512K, Heap 2M
 Heap Min Capacity: 100M
 Heap Initial Capacity: 100M
 Heap Max Capacity: 1G
 Pre-touch: Disabled
 Parallel Workers: 8
Heap:
 PSYoungGen      total 18432K, used 3431K [0x00000000eab00000, 0x00000000ec100000, 0x0000000100000000)
  eden space 15360K, 3% used [0x00000000eab00000,0x00000000eab7cad0,0x00000000eba00000)
  from space 3072K, 95% used [0x00000000eba00000,0x00000000ebcdd2e0,0x00000000ebd00000)
  to   space 3584K, 0% used [0x00000000ebd80000,0x00000000ebd80000,0x00000000ec100000)
 ParOldGen       total 122880K, used 94672K [0x00000000c0000000, 0x00000000c7800000, 0x00000000eab00000)
  object space 122880K, 77% used [0x00000000c0000000,0x00000000c5c74218,0x00000000c7800000)
 Metaspace       used 70303K, committed 71552K, reserved 1114112K
  class space    used 7445K, committed 8000K, reserved 1048576K
GC Heap History (20 events):
Event: 80.902 GC heap before
{Heap before GC invocations=101 (full 6):
 PSYoungGen      total 13312K, used 12530K [0x00000000eab00000, 0x00000000ebb80000, 0x0000000100000000)
  eden space 9728K, 100% used [0x00000000eab00000,0x00000000eb480000,0x00000000eb480000)
  from space 3584K, 78% used [0x00000000eb480000,0x00000000eb73cbd8,0x00000000eb800000)
  to   space 3072K, 0% used [0x00000000eb880000,0x00000000eb880000,0x00000000ebb80000)
 ParOldGen       total 122880K, used 89861K [0x00000000c0000000, 0x00000000c7800000, 0x00000000eab00000)
  object space 122880K, 73% used [0x00000000c0000000,0x00000000c57c1650,0x00000000c7800000)
 Metaspace       used 69432K, committed 70656K, reserved 1114112K
  class space    used 7340K, committed 7872K, reserved 1048576K
}
Event: 80.905 GC heap after
{Heap after GC invocations=101 (full 6):
 PSYoungGen      total 12800K, used 3062K [0x00000000eab00000, 0x00000000ebd80000, 0x0000000100000000)
  eden space 9728K, 0% used [0x00000000eab00000,0x00000000eab00000,0x00000000eb480000)
  from space 3072K, 99% used [0x00000000eb880000,0x00000000ebb7da40,0x00000000ebb80000)
  to   space 4096K, 0% used [0x00000000eb480000,0x00000000eb480000,0x00000000eb880000)
 ParOldGen       total 122880K, used 90677K [0x00000000c0000000, 0x00000000c7800000, 0x00000000eab00000)
  object space 122880K, 73% used [0x00000000c0000000,0x00000000c588d650,0x00000000c7800000)
 Metaspace       used 69432K, committed 70656K, reserved 1114112K
  class space    used 7340K, committed 7872K, reserved 1048576K
}
Event: 80.921 GC heap before
{Heap before GC invocations=102 (full 6):
 PSYoungGen      total 12800K, used 12790K [0x00000000eab00000, 0x00000000ebd80000, 0x0000000100000000)
  eden space 9728K, 100% used [0x00000000eab00000,0x00000000eb480000,0x00000000eb480000)
  from space 3072K, 99% used [0x00000000eb880000,0x00000000ebb7da40,0x00000000ebb80000)
  to   space 4096K, 0% used [0x00000000eb480000,0x00000000eb480000,0x00000000eb880000)
 ParOldGen       total 122880K, used 90677K [0x00000000c0000000, 0x00000000c7800000, 0x00000000eab00000)
  object space 122880K, 73% used [0x00000000c0000000,0x00000000c588d650,0x00000000c7800000)
 Metaspace       used 69433K, committed 70656K, reserved 1114112K
  class space    used 7340K, committed 7872K, reserved 1048576K
}
Event: 80.924 GC heap after
{Heap after GC invocations=102 (full 6):
 PSYoungGen      total 13824K, used 3138K [0x00000000eab00000, 0x00000000ebc80000, 0x0000000100000000)
  eden space 9728K, 0% used [0x00000000eab00000,0x00000000eab00000,0x00000000eb480000)
  from space 4096K, 76% used [0x00000000eb480000,0x00000000eb790af0,0x00000000eb880000)
  to   space 3584K, 0% used [0x00000000eb900000,0x00000000eb900000,0x00000000ebc80000)
 ParOldGen       total 122880K, used 91201K [0x00000000c0000000, 0x00000000c7800000, 0x00000000eab00000)
  object space 122880K, 74% used [0x00000000c0000000,0x00000000c59104a8,0x00000000c7800000)
 Metaspace       used 69433K, committed 70656K, reserved 1114112K
  class space    used 7340K, committed 7872K, reserved 1048576K
}
Event: 80.939 GC heap before
{Heap before GC invocations=103 (full 6):
 PSYoungGen      total 13824K, used 12866K [0x00000000eab00000, 0x00000000ebc80000, 0x0000000100000000)
  eden space 9728K, 100% used [0x00000000eab00000,0x00000000eb480000,0x00000000eb480000)
  from space 4096K, 76% used [0x00000000eb480000,0x00000000eb790af0,0x00000000eb880000)
  to   space 3584K, 0% used [0x00000000eb900000,0x00000000eb900000,0x00000000ebc80000)
 ParOldGen       total 122880K, used 91201K [0x00000000c0000000, 0x00000000c7800000, 0x00000000eab00000)
  object space 122880K, 74% used [0x00000000c0000000,0x00000000c59104a8,0x00000000c7800000)
 Metaspace       used 69433K, committed 70656K, reserved 1114112K
  class space    used 7340K, committed 7872K, reserved 1048576K
}
Event: 80.941 GC heap after
{Heap after GC invocations=103 (full 6):
 PSYoungGen      total 14336K, used 3295K [0x00000000eab00000, 0x00000000ebc80000, 0x0000000100000000)
  eden space 10752K, 0% used [0x00000000eab00000,0x00000000eab00000,0x00000000eb580000)
  from space 3584K, 91% used [0x00000000eb900000,0x00000000ebc37c28,0x00000000ebc80000)
  to   space 3584K, 0% used [0x00000000eb580000,0x00000000eb580000,0x00000000eb900000)
 ParOldGen       total 122880K, used 91506K [0x00000000c0000000, 0x00000000c7800000, 0x00000000eab00000)
  object space 122880K, 74% used [0x00000000c0000000,0x00000000c595cbb8,0x00000000c7800000)
 Metaspace       used 69433K, committed 70656K, reserved 1114112K
  class space    used 7340K, committed 7872K, reserved 1048576K
}
Event: 80.960 GC heap before
{Heap before GC invocations=104 (full 6):
 PSYoungGen      total 14336K, used 14047K [0x00000000eab00000, 0x00000000ebc80000, 0x0000000100000000)
  eden space 10752K, 100% used [0x00000000eab00000,0x00000000eb580000,0x00000000eb580000)
  from space 3584K, 91% used [0x00000000eb900000,0x00000000ebc37c28,0x00000000ebc80000)
  to   space 3584K, 0% used [0x00000000eb580000,0x00000000eb580000,0x00000000eb900000)
 ParOldGen       total 122880K, used 91506K [0x00000000c0000000, 0x00000000c7800000, 0x00000000eab00000)
  object space 122880K, 74% used [0x00000000c0000000,0x00000000c595cbb8,0x00000000c7800000)
 Metaspace       used 69434K, committed 70656K, reserved 1114112K
  class space    used 7340K, committed 7872K, reserved 1048576K
}
Event: 80.962 GC heap after
{Heap after GC invocations=104 (full 6):
 PSYoungGen      total 14336K, used 3418K [0x00000000eab00000, 0x00000000ebe00000, 0x0000000100000000)
  eden space 10752K, 0% used [0x00000000eab00000,0x00000000eab00000,0x00000000eb580000)
  from space 3584K, 95% used [0x00000000eb580000,0x00000000eb8d68a0,0x00000000eb900000)
  to   space 3584K, 0% used [0x00000000eba80000,0x00000000eba80000,0x00000000ebe00000)
 ParOldGen       total 122880K, used 91982K [0x00000000c0000000, 0x00000000c7800000, 0x00000000eab00000)
  object space 122880K, 74% used [0x00000000c0000000,0x00000000c59d3a48,0x00000000c7800000)
 Metaspace       used 69434K, committed 70656K, reserved 1114112K
  class space    used 7340K, committed 7872K, reserved 1048576K
}
Event: 80.978 GC heap before
{Heap before GC invocations=105 (full 6):
 PSYoungGen      total 14336K, used 14170K [0x00000000eab00000, 0x00000000ebe00000, 0x0000000100000000)
  eden space 10752K, 100% used [0x00000000eab00000,0x00000000eb580000,0x00000000eb580000)
  from space 3584K, 95% used [0x00000000eb580000,0x00000000eb8d68a0,0x00000000eb900000)
  to   space 3584K, 0% used [0x00000000eba80000,0x00000000eba80000,0x00000000ebe00000)
 ParOldGen       total 122880K, used 91982K [0x00000000c0000000, 0x00000000c7800000, 0x00000000eab00000)
  object space 122880K, 74% used [0x00000000c0000000,0x00000000c59d3a48,0x00000000c7800000)
 Metaspace       used 69434K, committed 70656K, reserved 1114112K
  class space    used 7340K, committed 7872K, reserved 1048576K
}
Event: 80.981 GC heap after
{Heap after GC invocations=105 (full 6):
 PSYoungGen      total 15872K, used 3419K [0x00000000eab00000, 0x00000000ebe00000, 0x0000000100000000)
  eden space 12288K, 0% used [0x00000000eab00000,0x00000000eab00000,0x00000000eb700000)
  from space 3584K, 95% used [0x00000000eba80000,0x00000000ebdd6d78,0x00000000ebe00000)
  to   space 3584K, 0% used [0x00000000eb700000,0x00000000eb700000,0x00000000eba80000)
 ParOldGen       total 122880K, used 92398K [0x00000000c0000000, 0x00000000c7800000, 0x00000000eab00000)
  object space 122880K, 75% used [0x00000000c0000000,0x00000000c5a3b8a8,0x00000000c7800000)
 Metaspace       used 69434K, committed 70656K, reserved 1114112K
  class space    used 7340K, committed 7872K, reserved 1048576K
}
Event: 81.002 GC heap before
{Heap before GC invocations=106 (full 6):
 PSYoungGen      total 15872K, used 15707K [0x00000000eab00000, 0x00000000ebe00000, 0x0000000100000000)
  eden space 12288K, 100% used [0x00000000eab00000,0x00000000eb700000,0x00000000eb700000)
  from space 3584K, 95% used [0x00000000eba80000,0x00000000ebdd6d78,0x00000000ebe00000)
  to   space 3584K, 0% used [0x00000000eb700000,0x00000000eb700000,0x00000000eba80000)
 ParOldGen       total 122880K, used 92398K [0x00000000c0000000, 0x00000000c7800000, 0x00000000eab00000)
  object space 122880K, 75% used [0x00000000c0000000,0x00000000c5a3b8a8,0x00000000c7800000)
 Metaspace       used 69435K, committed 70656K, reserved 1114112K
  class space    used 7340K, committed 7872K, reserved 1048576K
}
Event: 81.005 GC heap after
{Heap after GC invocations=106 (full 6):
 PSYoungGen      total 15872K, used 3367K [0x00000000eab00000, 0x00000000ebf80000, 0x0000000100000000)
  eden space 12288K, 0% used [0x00000000eab00000,0x00000000eab00000,0x00000000eb700000)
  from space 3584K, 93% used [0x00000000eb700000,0x00000000eba49dd8,0x00000000eba80000)
  to   space 3584K, 0% used [0x00000000ebc00000,0x00000000ebc00000,0x00000000ebf80000)
 ParOldGen       total 122880K, used 92972K [0x00000000c0000000, 0x00000000c7800000, 0x00000000eab00000)
  object space 122880K, 75% used [0x00000000c0000000,0x00000000c5acb148,0x00000000c7800000)
 Metaspace       used 69435K, committed 70656K, reserved 1114112K
  class space    used 7340K, committed 7872K, reserved 1048576K
}
Event: 81.039 GC heap before
{Heap before GC invocations=107 (full 6):
 PSYoungGen      total 15872K, used 15655K [0x00000000eab00000, 0x00000000ebf80000, 0x0000000100000000)
  eden space 12288K, 100% used [0x00000000eab00000,0x00000000eb700000,0x00000000eb700000)
  from space 3584K, 93% used [0x00000000eb700000,0x00000000eba49dd8,0x00000000eba80000)
  to   space 3584K, 0% used [0x00000000ebc00000,0x00000000ebc00000,0x00000000ebf80000)
 ParOldGen       total 122880K, used 92972K [0x00000000c0000000, 0x00000000c7800000, 0x00000000eab00000)
  object space 122880K, 75% used [0x00000000c0000000,0x00000000c5acb148,0x00000000c7800000)
 Metaspace       used 69437K, committed 70656K, reserved 1114112K
  class space    used 7340K, committed 7872K, reserved 1048576K
}
Event: 81.041 GC heap after
{Heap after GC invocations=107 (full 6):
 PSYoungGen      total 17408K, used 3362K [0x00000000eab00000, 0x00000000ebf80000, 0x0000000100000000)
  eden space 13824K, 0% used [0x00000000eab00000,0x00000000eab00000,0x00000000eb880000)
  from space 3584K, 93% used [0x00000000ebc00000,0x00000000ebf48828,0x00000000ebf80000)
  to   space 3584K, 0% used [0x00000000eb880000,0x00000000eb880000,0x00000000ebc00000)
 ParOldGen       total 122880K, used 93465K [0x00000000c0000000, 0x00000000c7800000, 0x00000000eab00000)
  object space 122880K, 76% used [0x00000000c0000000,0x00000000c5b46728,0x00000000c7800000)
 Metaspace       used 69437K, committed 70656K, reserved 1114112K
  class space    used 7340K, committed 7872K, reserved 1048576K
}
Event: 81.056 GC heap before
{Heap before GC invocations=108 (full 6):
 PSYoungGen      total 17408K, used 17120K [0x00000000eab00000, 0x00000000ebf80000, 0x0000000100000000)
  eden space 13824K, 99% used [0x00000000eab00000,0x00000000eb86fb20,0x00000000eb880000)
  from space 3584K, 93% used [0x00000000ebc00000,0x00000000ebf48828,0x00000000ebf80000)
  to   space 3584K, 0% used [0x00000000eb880000,0x00000000eb880000,0x00000000ebc00000)
 ParOldGen       total 122880K, used 93465K [0x00000000c0000000, 0x00000000c7800000, 0x00000000eab00000)
  object space 122880K, 76% used [0x00000000c0000000,0x00000000c5b46728,0x00000000c7800000)
 Metaspace       used 69437K, committed 70656K, reserved 1114112K
  class space    used 7340K, committed 7872K, reserved 1048576K
}
Event: 81.059 GC heap after
{Heap after GC invocations=108 (full 6):
 PSYoungGen      total 17408K, used 3572K [0x00000000eab00000, 0x00000000ec200000, 0x0000000100000000)
  eden space 13824K, 0% used [0x00000000eab00000,0x00000000eab00000,0x00000000eb880000)
  from space 3584K, 99% used [0x00000000eb880000,0x00000000ebbfd258,0x00000000ebc00000)
  to   space 4096K, 0% used [0x00000000ebe00000,0x00000000ebe00000,0x00000000ec200000)
 ParOldGen       total 122880K, used 93809K [0x00000000c0000000, 0x00000000c7800000, 0x00000000eab00000)
  object space 122880K, 76% used [0x00000000c0000000,0x00000000c5b9c728,0x00000000c7800000)
 Metaspace       used 69437K, committed 70656K, reserved 1114112K
  class space    used 7340K, committed 7872K, reserved 1048576K
}
Event: 81.150 GC heap before
{Heap before GC invocations=109 (full 6):
 PSYoungGen      total 17408K, used 17396K [0x00000000eab00000, 0x00000000ec200000, 0x0000000100000000)
  eden space 13824K, 100% used [0x00000000eab00000,0x00000000eb880000,0x00000000eb880000)
  from space 3584K, 99% used [0x00000000eb880000,0x00000000ebbfd258,0x00000000ebc00000)
  to   space 4096K, 0% used [0x00000000ebe00000,0x00000000ebe00000,0x00000000ec200000)
 ParOldGen       total 122880K, used 93809K [0x00000000c0000000, 0x00000000c7800000, 0x00000000eab00000)
  object space 122880K, 76% used [0x00000000c0000000,0x00000000c5b9c728,0x00000000c7800000)
 Metaspace       used 69492K, committed 70720K, reserved 1114112K
  class space    used 7346K, committed 7872K, reserved 1048576K
}
Event: 81.153 GC heap after
{Heap after GC invocations=109 (full 6):
 PSYoungGen      total 19456K, used 3959K [0x00000000eab00000, 0x00000000ec200000, 0x0000000100000000)
  eden space 15360K, 0% used [0x00000000eab00000,0x00000000eab00000,0x00000000eba00000)
  from space 4096K, 96% used [0x00000000ebe00000,0x00000000ec1dde38,0x00000000ec200000)
  to   space 4096K, 0% used [0x00000000eba00000,0x00000000eba00000,0x00000000ebe00000)
 ParOldGen       total 122880K, used 94664K [0x00000000c0000000, 0x00000000c7800000, 0x00000000eab00000)
  object space 122880K, 77% used [0x00000000c0000000,0x00000000c5c72218,0x00000000c7800000)
 Metaspace       used 69492K, committed 70720K, reserved 1114112K
  class space    used 7346K, committed 7872K, reserved 1048576K
}
Event: 81.344 GC heap before
{Heap before GC invocations=110 (full 6):
 PSYoungGen      total 19456K, used 19319K [0x00000000eab00000, 0x00000000ec200000, 0x0000000100000000)
  eden space 15360K, 100% used [0x00000000eab00000,0x00000000eba00000,0x00000000eba00000)
  from space 4096K, 96% used [0x00000000ebe00000,0x00000000ec1dde38,0x00000000ec200000)
  to   space 4096K, 0% used [0x00000000eba00000,0x00000000eba00000,0x00000000ebe00000)
 ParOldGen       total 122880K, used 94664K [0x00000000c0000000, 0x00000000c7800000, 0x00000000eab00000)
  object space 122880K, 77% used [0x00000000c0000000,0x00000000c5c72218,0x00000000c7800000)
 Metaspace       used 70299K, committed 71552K, reserved 1114112K
  class space    used 7445K, committed 8000K, reserved 1048576K
}
Event: 81.348 GC heap after
{Heap after GC invocations=110 (full 6):
 PSYoungGen      total 18432K, used 2932K [0x00000000eab00000, 0x00000000ec100000, 0x0000000100000000)
  eden space 15360K, 0% used [0x00000000eab00000,0x00000000eab00000,0x00000000eba00000)
  from space 3072K, 95% used [0x00000000eba00000,0x00000000ebcdd2e0,0x00000000ebd00000)
  to   space 3584K, 0% used [0x00000000ebd80000,0x00000000ebd80000,0x00000000ec100000)
 ParOldGen       total 122880K, used 94672K [0x00000000c0000000, 0x00000000c7800000, 0x00000000eab00000)
  object space 122880K, 77% used [0x00000000c0000000,0x00000000c5c74218,0x00000000c7800000)
 Metaspace       used 70299K, committed 71552K, reserved 1114112K
  class space    used 7445K, committed 8000K, reserved 1048576K
}

