# JRE version: Java(TM) SE Runtime Environment (22.0.2+9) (build 22.0.2+9-70)
# Java VM: Java HotSpot(TM) 64-Bit Server VM (22.0.2+9-70, mixed mode, sharing, tiered, compressed oops, compressed class ptrs, parallel gc, windows-amd64)
GC Precious Log:
 CardTable entry size: 512
 CPUs: 8 total, 8 available
 Memory: 7987M
 Large Page Support: Disabled
 NUMA Support: Disabled
 Compressed Oops: Enabled (32-bit)
 Alignments: Space 512K, Generation 512K, Heap 2M
 Heap Min Capacity: 100M
 Heap Initial Capacity: 100M
 Heap Max Capacity: 1G
 Pre-touch: Disabled
 Parallel Workers: 8
Heap:
 PSYoungGen      total 14336K, used 12947K [0x00000000eab00000, 0x00000000ec180000, 0x0000000100000000)
  eden space 13312K, 91% used [0x00000000eab00000,0x00000000eb6dcef8,0x00000000eb800000)
  from space 1024K, 78% used [0x00000000ec080000,0x00000000ec148000,0x00000000ec180000)
  to   space 1024K, 0% used [0x00000000ebf80000,0x00000000ebf80000,0x00000000ec080000)
 ParOldGen       total 68608K, used 31519K [0x00000000c0000000, 0x00000000c4300000, 0x00000000eab00000)
  object space 68608K, 45% used [0x00000000c0000000,0x00000000c1ec7f98,0x00000000c4300000)
 Metaspace       used 42156K, committed 43328K, reserved 1114112K
  class space    used 4555K, committed 5056K, reserved 1048576K
GC Heap History (20 events):
Event: 5.421 GC heap before
{Heap before GC invocations=11 (full 1):
 PSYoungGen      total 25600K, used 25453K [0x00000000eab00000, 0x00000000ec880000, 0x0000000100000000)
  eden space 23552K, 100% used [0x00000000eab00000,0x00000000ec200000,0x00000000ec200000)
  from space 2048K, 92% used [0x00000000ec480000,0x00000000ec65b668,0x00000000ec680000)
  to   space 2048K, 0% used [0x00000000ec680000,0x00000000ec680000,0x00000000ec880000)
 ParOldGen       total 68608K, used 13707K [0x00000000c0000000, 0x00000000c4300000, 0x00000000eab00000)
  object space 68608K, 19% used [0x00000000c0000000,0x00000000c0d62cc0,0x00000000c4300000)
 Metaspace       used 28229K, committed 29120K, reserved 1114112K
  class space    used 2728K, committed 3072K, reserved 1048576K
}
Event: 5.423 GC heap after
{Heap after GC invocations=11 (full 1):
 PSYoungGen      total 25088K, used 1678K [0x00000000eab00000, 0x00000000ec880000, 0x0000000100000000)
  eden space 23040K, 0% used [0x00000000eab00000,0x00000000eab00000,0x00000000ec180000)
  from space 2048K, 81% used [0x00000000ec680000,0x00000000ec8239e0,0x00000000ec880000)
  to   space 2048K, 0% used [0x00000000ec480000,0x00000000ec480000,0x00000000ec680000)
 ParOldGen       total 68608K, used 15179K [0x00000000c0000000, 0x00000000c4300000, 0x00000000eab00000)
  object space 68608K, 22% used [0x00000000c0000000,0x00000000c0ed2f28,0x00000000c4300000)
 Metaspace       used 28229K, committed 29120K, reserved 1114112K
  class space    used 2728K, committed 3072K, reserved 1048576K
}
Event: 5.714 GC heap before
{Heap before GC invocations=12 (full 1):
 PSYoungGen      total 25088K, used 24718K [0x00000000eab00000, 0x00000000ec880000, 0x0000000100000000)
  eden space 23040K, 100% used [0x00000000eab00000,0x00000000ec180000,0x00000000ec180000)
  from space 2048K, 81% used [0x00000000ec680000,0x00000000ec8239e0,0x00000000ec880000)
  to   space 2048K, 0% used [0x00000000ec480000,0x00000000ec480000,0x00000000ec680000)
 ParOldGen       total 68608K, used 15179K [0x00000000c0000000, 0x00000000c4300000, 0x00000000eab00000)
  object space 68608K, 22% used [0x00000000c0000000,0x00000000c0ed2f28,0x00000000c4300000)
 Metaspace       used 31257K, committed 32320K, reserved 1114112K
  class space    used 3096K, committed 3584K, reserved 1048576K
}
Event: 5.716 GC heap after
{Heap after GC invocations=12 (full 1):
 PSYoungGen      total 24064K, used 1509K [0x00000000eab00000, 0x00000000ec700000, 0x0000000100000000)
  eden space 22528K, 0% used [0x00000000eab00000,0x00000000eab00000,0x00000000ec100000)
  from space 1536K, 98% used [0x00000000ec480000,0x00000000ec5f9618,0x00000000ec600000)
  to   space 1024K, 0% used [0x00000000ec600000,0x00000000ec600000,0x00000000ec700000)
 ParOldGen       total 68608K, used 16676K [0x00000000c0000000, 0x00000000c4300000, 0x00000000eab00000)
  object space 68608K, 24% used [0x00000000c0000000,0x00000000c1049240,0x00000000c4300000)
 Metaspace       used 31257K, committed 32320K, reserved 1114112K
  class space    used 3096K, committed 3584K, reserved 1048576K
}
Event: 5.891 GC heap before
{Heap before GC invocations=13 (full 1):
 PSYoungGen      total 24064K, used 24032K [0x00000000eab00000, 0x00000000ec700000, 0x0000000100000000)
  eden space 22528K, 99% used [0x00000000eab00000,0x00000000ec0fea90,0x00000000ec100000)
  from space 1536K, 98% used [0x00000000ec480000,0x00000000ec5f9618,0x00000000ec600000)
  to   space 1024K, 0% used [0x00000000ec600000,0x00000000ec600000,0x00000000ec700000)
 ParOldGen       total 68608K, used 16676K [0x00000000c0000000, 0x00000000c4300000, 0x00000000eab00000)
  object space 68608K, 24% used [0x00000000c0000000,0x00000000c1049240,0x00000000c4300000)
 Metaspace       used 34019K, committed 35200K, reserved 1114112K
  class space    used 3430K, committed 3904K, reserved 1048576K
}
Event: 5.894 GC heap after
{Heap after GC invocations=13 (full 1):
 PSYoungGen      total 23040K, used 1024K [0x00000000eab00000, 0x00000000ec700000, 0x0000000100000000)
  eden space 22016K, 0% used [0x00000000eab00000,0x00000000eab00000,0x00000000ec080000)
  from space 1024K, 100% used [0x00000000ec600000,0x00000000ec700000,0x00000000ec700000)
  to   space 3072K, 0% used [0x00000000ec100000,0x00000000ec100000,0x00000000ec400000)
 ParOldGen       total 68608K, used 18233K [0x00000000c0000000, 0x00000000c4300000, 0x00000000eab00000)
  object space 68608K, 26% used [0x00000000c0000000,0x00000000c11ce540,0x00000000c4300000)
 Metaspace       used 34019K, committed 35200K, reserved 1114112K
  class space    used 3430K, committed 3904K, reserved 1048576K
}
Event: 5.988 GC heap before
{Heap before GC invocations=14 (full 1):
 PSYoungGen      total 23040K, used 7052K [0x00000000eab00000, 0x00000000ec700000, 0x0000000100000000)
  eden space 22016K, 27% used [0x00000000eab00000,0x00000000eb0e32d0,0x00000000ec080000)
  from space 1024K, 100% used [0x00000000ec600000,0x00000000ec700000,0x00000000ec700000)
  to   space 3072K, 0% used [0x00000000ec100000,0x00000000ec100000,0x00000000ec400000)
 ParOldGen       total 68608K, used 18233K [0x00000000c0000000, 0x00000000c4300000, 0x00000000eab00000)
  object space 68608K, 26% used [0x00000000c0000000,0x00000000c11ce540,0x00000000c4300000)
 Metaspace       used 34747K, committed 35840K, reserved 1114112K
  class space    used 3525K, committed 3968K, reserved 1048576K
}
Event: 5.989 GC heap after
{Heap after GC invocations=14 (full 1):
 PSYoungGen      total 25088K, used 416K [0x00000000eab00000, 0x00000000ec680000, 0x0000000100000000)
  eden space 22016K, 0% used [0x00000000eab00000,0x00000000eab00000,0x00000000ec080000)
  from space 3072K, 13% used [0x00000000ec100000,0x00000000ec168000,0x00000000ec400000)
  to   space 1536K, 0% used [0x00000000ec500000,0x00000000ec500000,0x00000000ec680000)
 ParOldGen       total 68608K, used 19271K [0x00000000c0000000, 0x00000000c4300000, 0x00000000eab00000)
  object space 68608K, 28% used [0x00000000c0000000,0x00000000c12d1cc8,0x00000000c4300000)
 Metaspace       used 34747K, committed 35840K, reserved 1114112K
  class space    used 3525K, committed 3968K, reserved 1048576K
}
Event: 5.989 GC heap before
{Heap before GC invocations=15 (full 2):
 PSYoungGen      total 25088K, used 416K [0x00000000eab00000, 0x00000000ec680000, 0x0000000100000000)
  eden space 22016K, 0% used [0x00000000eab00000,0x00000000eab00000,0x00000000ec080000)
  from space 3072K, 13% used [0x00000000ec100000,0x00000000ec168000,0x00000000ec400000)
  to   space 1536K, 0% used [0x00000000ec500000,0x00000000ec500000,0x00000000ec680000)
 ParOldGen       total 68608K, used 19271K [0x00000000c0000000, 0x00000000c4300000, 0x00000000eab00000)
  object space 68608K, 28% used [0x00000000c0000000,0x00000000c12d1cc8,0x00000000c4300000)
 Metaspace       used 34747K, committed 35840K, reserved 1114112K
  class space    used 3525K, committed 3968K, reserved 1048576K
}
Event: 6.012 GC heap after
{Heap after GC invocations=15 (full 2):
 PSYoungGen      total 25088K, used 0K [0x00000000eab00000, 0x00000000ec680000, 0x0000000100000000)
  eden space 22016K, 0% used [0x00000000eab00000,0x00000000eab00000,0x00000000ec080000)
  from space 3072K, 0% used [0x00000000ec100000,0x00000000ec100000,0x00000000ec400000)
  to   space 1536K, 0% used [0x00000000ec500000,0x00000000ec500000,0x00000000ec680000)
 ParOldGen       total 68608K, used 19014K [0x00000000c0000000, 0x00000000c4300000, 0x00000000eab00000)
  object space 68608K, 27% used [0x00000000c0000000,0x00000000c1291a28,0x00000000c4300000)
 Metaspace       used 34747K, committed 35840K, reserved 1114112K
  class space    used 3525K, committed 3968K, reserved 1048576K
}
Event: 6.237 GC heap before
{Heap before GC invocations=16 (full 2):
 PSYoungGen      total 25088K, used 22016K [0x00000000eab00000, 0x00000000ec680000, 0x0000000100000000)
  eden space 22016K, 100% used [0x00000000eab00000,0x00000000ec080000,0x00000000ec080000)
  from space 3072K, 0% used [0x00000000ec100000,0x00000000ec100000,0x00000000ec400000)
  to   space 1536K, 0% used [0x00000000ec500000,0x00000000ec500000,0x00000000ec680000)
 ParOldGen       total 68608K, used 19014K [0x00000000c0000000, 0x00000000c4300000, 0x00000000eab00000)
  object space 68608K, 27% used [0x00000000c0000000,0x00000000c1291a28,0x00000000c4300000)
 Metaspace       used 36036K, committed 37184K, reserved 1114112K
  class space    used 3726K, committed 4224K, reserved 1048576K
}
Event: 6.244 GC heap after
{Heap after GC invocations=16 (full 2):
 PSYoungGen      total 14848K, used 1508K [0x00000000eab00000, 0x00000000eda80000, 0x0000000100000000)
  eden space 13312K, 0% used [0x00000000eab00000,0x00000000eab00000,0x00000000eb800000)
  from space 1536K, 98% used [0x00000000ec500000,0x00000000ec679038,0x00000000ec680000)
  to   space 13312K, 0% used [0x00000000eb800000,0x00000000eb800000,0x00000000ec500000)
 ParOldGen       total 68608K, used 28723K [0x00000000c0000000, 0x00000000c4300000, 0x00000000eab00000)
  object space 68608K, 41% used [0x00000000c0000000,0x00000000c1c0cf60,0x00000000c4300000)
 Metaspace       used 36036K, committed 37184K, reserved 1114112K
  class space    used 3726K, committed 4224K, reserved 1048576K
}
Event: 6.449 GC heap before
{Heap before GC invocations=17 (full 2):
 PSYoungGen      total 14848K, used 14820K [0x00000000eab00000, 0x00000000eda80000, 0x0000000100000000)
  eden space 13312K, 100% used [0x00000000eab00000,0x00000000eb800000,0x00000000eb800000)
  from space 1536K, 98% used [0x00000000ec500000,0x00000000ec679038,0x00000000ec680000)
  to   space 13312K, 0% used [0x00000000eb800000,0x00000000eb800000,0x00000000ec500000)
 ParOldGen       total 68608K, used 28723K [0x00000000c0000000, 0x00000000c4300000, 0x00000000eab00000)
  object space 68608K, 41% used [0x00000000c0000000,0x00000000c1c0cf60,0x00000000c4300000)
 Metaspace       used 36663K, committed 37824K, reserved 1114112K
  class space    used 3810K, committed 4288K, reserved 1048576K
}
Event: 6.451 GC heap after
{Heap after GC invocations=17 (full 2):
 PSYoungGen      total 14336K, used 736K [0x00000000eab00000, 0x00000000ec580000, 0x0000000100000000)
  eden space 13312K, 0% used [0x00000000eab00000,0x00000000eab00000,0x00000000eb800000)
  from space 1024K, 71% used [0x00000000eb800000,0x00000000eb8b8000,0x00000000eb900000)
  to   space 4608K, 0% used [0x00000000ec100000,0x00000000ec100000,0x00000000ec580000)
 ParOldGen       total 68608K, used 30271K [0x00000000c0000000, 0x00000000c4300000, 0x00000000eab00000)
  object space 68608K, 44% used [0x00000000c0000000,0x00000000c1d8ff98,0x00000000c4300000)
 Metaspace       used 36663K, committed 37824K, reserved 1114112K
  class space    used 3810K, committed 4288K, reserved 1048576K
}
Event: 6.634 GC heap before
{Heap before GC invocations=18 (full 2):
 PSYoungGen      total 14336K, used 14048K [0x00000000eab00000, 0x00000000ec580000, 0x0000000100000000)
  eden space 13312K, 100% used [0x00000000eab00000,0x00000000eb800000,0x00000000eb800000)
  from space 1024K, 71% used [0x00000000eb800000,0x00000000eb8b8000,0x00000000eb900000)
  to   space 4608K, 0% used [0x00000000ec100000,0x00000000ec100000,0x00000000ec580000)
 ParOldGen       total 68608K, used 30271K [0x00000000c0000000, 0x00000000c4300000, 0x00000000eab00000)
  object space 68608K, 44% used [0x00000000c0000000,0x00000000c1d8ff98,0x00000000c4300000)
 Metaspace       used 37714K, committed 38848K, reserved 1114112K
  class space    used 3945K, committed 4416K, reserved 1048576K
}
Event: 6.636 GC heap after
{Heap after GC invocations=18 (full 2):
 PSYoungGen      total 13824K, used 416K [0x00000000eab00000, 0x00000000ec180000, 0x0000000100000000)
  eden space 13312K, 0% used [0x00000000eab00000,0x00000000eab00000,0x00000000eb800000)
  from space 512K, 81% used [0x00000000ec100000,0x00000000ec168000,0x00000000ec180000)
  to   space 1536K, 0% used [0x00000000ebe80000,0x00000000ebe80000,0x00000000ec000000)
 ParOldGen       total 68608K, used 30767K [0x00000000c0000000, 0x00000000c4300000, 0x00000000eab00000)
  object space 68608K, 44% used [0x00000000c0000000,0x00000000c1e0bf98,0x00000000c4300000)
 Metaspace       used 37714K, committed 38848K, reserved 1114112K
  class space    used 3945K, committed 4416K, reserved 1048576K
}
Event: 6.853 GC heap before
{Heap before GC invocations=19 (full 2):
 PSYoungGen      total 13824K, used 13728K [0x00000000eab00000, 0x00000000ec180000, 0x0000000100000000)
  eden space 13312K, 100% used [0x00000000eab00000,0x00000000eb800000,0x00000000eb800000)
  from space 512K, 81% used [0x00000000ec100000,0x00000000ec168000,0x00000000ec180000)
  to   space 1536K, 0% used [0x00000000ebe80000,0x00000000ebe80000,0x00000000ec000000)
 ParOldGen       total 68608K, used 30767K [0x00000000c0000000, 0x00000000c4300000, 0x00000000eab00000)
  object space 68608K, 44% used [0x00000000c0000000,0x00000000c1e0bf98,0x00000000c4300000)
 Metaspace       used 39281K, committed 40448K, reserved 1114112K
  class space    used 4151K, committed 4608K, reserved 1048576K
}
Event: 6.854 GC heap after
{Heap after GC invocations=19 (full 2):
 PSYoungGen      total 14848K, used 544K [0x00000000eab00000, 0x00000000ec180000, 0x0000000100000000)
  eden space 13312K, 0% used [0x00000000eab00000,0x00000000eab00000,0x00000000eb800000)
  from space 1536K, 35% used [0x00000000ebe80000,0x00000000ebf08000,0x00000000ec000000)
  to   space 1024K, 0% used [0x00000000ec080000,0x00000000ec080000,0x00000000ec180000)
 ParOldGen       total 68608K, used 31071K [0x00000000c0000000, 0x00000000c4300000, 0x00000000eab00000)
  object space 68608K, 45% used [0x00000000c0000000,0x00000000c1e57f98,0x00000000c4300000)
 Metaspace       used 39281K, committed 40448K, reserved 1114112K
  class space    used 4151K, committed 4608K, reserved 1048576K
}
Event: 7.102 GC heap before
{Heap before GC invocations=20 (full 2):
 PSYoungGen      total 14848K, used 13856K [0x00000000eab00000, 0x00000000ec180000, 0x0000000100000000)
  eden space 13312K, 100% used [0x00000000eab00000,0x00000000eb800000,0x00000000eb800000)
  from space 1536K, 35% used [0x00000000ebe80000,0x00000000ebf08000,0x00000000ec000000)
  to   space 1024K, 0% used [0x00000000ec080000,0x00000000ec080000,0x00000000ec180000)
 ParOldGen       total 68608K, used 31071K [0x00000000c0000000, 0x00000000c4300000, 0x00000000eab00000)
  object space 68608K, 45% used [0x00000000c0000000,0x00000000c1e57f98,0x00000000c4300000)
 Metaspace       used 40843K, committed 41984K, reserved 1114112K
  class space    used 4349K, committed 4800K, reserved 1048576K
}
Event: 7.103 GC heap after
{Heap after GC invocations=20 (full 2):
 PSYoungGen      total 14336K, used 800K [0x00000000eab00000, 0x00000000ec180000, 0x0000000100000000)
  eden space 13312K, 0% used [0x00000000eab00000,0x00000000eab00000,0x00000000eb800000)
  from space 1024K, 78% used [0x00000000ec080000,0x00000000ec148000,0x00000000ec180000)
  to   space 1024K, 0% used [0x00000000ebf80000,0x00000000ebf80000,0x00000000ec080000)
 ParOldGen       total 68608K, used 31519K [0x00000000c0000000, 0x00000000c4300000, 0x00000000eab00000)
  object space 68608K, 45% used [0x00000000c0000000,0x00000000c1ec7f98,0x00000000c4300000)
 Metaspace       used 40843K, committed 41984K, reserved 1114112K
  class space    used 4349K, committed 4800K, reserved 1048576K
}

