# JRE version: Java(TM) SE Runtime Environment (21.0.5+9) (build 21.0.5+9-LTS-239)
# Java VM: Java HotSpot(TM) 64-Bit Server VM (21.0.5+9-LTS-239, mixed mode, sharing, tiered, compressed oops, compressed class ptrs, g1 gc, windows-amd64)
GC Precious Log:
 CardTable entry size: 512
 Card Set container configuration: InlinePtr #cards 5 size 8 Array Of Cards #cards 12 size 40 Howl #buckets 4 coarsen threshold 1843 Howl Bitmap #cards 512 size 80 coarsen threshold 460 Card regions per heap region 1 cards per card region 2048
 CPUs: 8 total, 8 available
 Memory: 7987M
 Large Page Support: Disabled
 NUMA Support: Disabled
 Compressed Oops: Enabled (32-bit)
 Heap Region Size: 1M
 Heap Min Capacity: 8M
 Heap Initial Capacity: 126M
 Heap Max Capacity: 1998M
 Pre-touch: Disabled
 Parallel Workers: 8
 Concurrent Workers: 2
 Concurrent Refinement Workers: 8
 Periodic GC: Disabled
Heap:
 garbage-first heap   total 205824K, used 114688K [0x0000000083200000, 0x0000000100000000)
  region size 1024K, 35 young (35840K), 1 survivors (1024K)
 Metaspace       used 34521K, committed 35136K, reserved 1114112K
  class space    used 3695K, committed 4032K, reserved 1048576K
GC Heap History (20 events):
Event: 10.827 GC heap before
{Heap before GC invocations=6 (full 0):
 garbage-first heap   total 89088K, used 88322K [0x0000000083200000, 0x0000000100000000)
  region size 1024K, 65 young (66560K), 9 survivors (9216K)
 Metaspace       used 27535K, committed 27904K, reserved 1114112K
  class space    used 3030K, committed 3200K, reserved 1048576K
}
Event: 10.856 GC heap after
{Heap after GC invocations=7 (full 0):
 garbage-first heap   total 118784K, used 50946K [0x0000000083200000, 0x0000000100000000)
  region size 1024K, 10 young (10240K), 10 survivors (10240K)
 Metaspace       used 27535K, committed 27904K, reserved 1114112K
  class space    used 3030K, committed 3200K, reserved 1048576K
}
Event: 11.271 GC heap before
{Heap before GC invocations=7 (full 0):
 garbage-first heap   total 118784K, used 93954K [0x0000000083200000, 0x0000000100000000)
  region size 1024K, 51 young (52224K), 10 survivors (10240K)
 Metaspace       used 28338K, committed 28736K, reserved 1114112K
  class space    used 3096K, committed 3264K, reserved 1048576K
}
Event: 11.292 GC heap after
{Heap after GC invocations=8 (full 0):
 garbage-first heap   total 143360K, used 59392K [0x0000000083200000, 0x0000000100000000)
  region size 1024K, 7 young (7168K), 7 survivors (7168K)
 Metaspace       used 28338K, committed 28736K, reserved 1114112K
  class space    used 3096K, committed 3264K, reserved 1048576K
}
Event: 12.117 GC heap before
{Heap before GC invocations=8 (full 0):
 garbage-first heap   total 143360K, used 112640K [0x0000000083200000, 0x0000000100000000)
  region size 1024K, 60 young (61440K), 7 survivors (7168K)
 Metaspace       used 30871K, committed 31360K, reserved 1114112K
  class space    used 3373K, committed 3584K, reserved 1048576K
}
Event: 12.124 GC heap after
{Heap after GC invocations=9 (full 0):
 garbage-first heap   total 143360K, used 62919K [0x0000000083200000, 0x0000000100000000)
  region size 1024K, 3 young (3072K), 3 survivors (3072K)
 Metaspace       used 30871K, committed 31360K, reserved 1114112K
  class space    used 3373K, committed 3584K, reserved 1048576K
}
Event: 12.616 GC heap before
{Heap before GC invocations=9 (full 0):
 garbage-first heap   total 143360K, used 117191K [0x0000000083200000, 0x0000000100000000)
  region size 1024K, 56 young (57344K), 3 survivors (3072K)
 Metaspace       used 31381K, committed 31872K, reserved 1114112K
  class space    used 3400K, committed 3648K, reserved 1048576K
}
Event: 12.623 GC heap after
{Heap after GC invocations=10 (full 0):
 garbage-first heap   total 143360K, used 63645K [0x0000000083200000, 0x0000000100000000)
  region size 1024K, 4 young (4096K), 4 survivors (4096K)
 Metaspace       used 31381K, committed 31872K, reserved 1114112K
  class space    used 3400K, committed 3648K, reserved 1048576K
}
Event: 13.372 GC heap before
{Heap before GC invocations=10 (full 0):
 garbage-first heap   total 143360K, used 123037K [0x0000000083200000, 0x0000000100000000)
  region size 1024K, 60 young (61440K), 4 survivors (4096K)
 Metaspace       used 33120K, committed 33728K, reserved 1114112K
  class space    used 3601K, committed 3904K, reserved 1048576K
}
Event: 13.380 GC heap after
{Heap after GC invocations=11 (full 0):
 garbage-first heap   total 143360K, used 65932K [0x0000000083200000, 0x0000000100000000)
  region size 1024K, 5 young (5120K), 5 survivors (5120K)
 Metaspace       used 33120K, committed 33728K, reserved 1114112K
  class space    used 3601K, committed 3904K, reserved 1048576K
}
Event: 14.425 GC heap before
{Heap before GC invocations=11 (full 0):
 garbage-first heap   total 143360K, used 103820K [0x0000000083200000, 0x0000000100000000)
  region size 1024K, 42 young (43008K), 5 survivors (5120K)
 Metaspace       used 33766K, committed 34368K, reserved 1114112K
  class space    used 3648K, committed 3968K, reserved 1048576K
}
Event: 14.436 GC heap after
{Heap after GC invocations=12 (full 0):
 garbage-first heap   total 143360K, used 66453K [0x0000000083200000, 0x0000000100000000)
  region size 1024K, 5 young (5120K), 5 survivors (5120K)
 Metaspace       used 33766K, committed 34368K, reserved 1114112K
  class space    used 3648K, committed 3968K, reserved 1048576K
}
Event: 14.472 GC heap before
{Heap before GC invocations=12 (full 0):
 garbage-first heap   total 143360K, used 74645K [0x0000000083200000, 0x0000000100000000)
  region size 1024K, 11 young (11264K), 5 survivors (5120K)
 Metaspace       used 33770K, committed 34368K, reserved 1114112K
  class space    used 3648K, committed 3968K, reserved 1048576K
}
Event: 14.483 GC heap after
{Heap after GC invocations=13 (full 0):
 garbage-first heap   total 143360K, used 73546K [0x0000000083200000, 0x0000000100000000)
  region size 1024K, 8 young (8192K), 8 survivors (8192K)
 Metaspace       used 33770K, committed 34368K, reserved 1114112K
  class space    used 3648K, committed 3968K, reserved 1048576K
}
Event: 14.724 GC heap before
{Heap before GC invocations=14 (full 0):
 garbage-first heap   total 143360K, used 102218K [0x0000000083200000, 0x0000000100000000)
  region size 1024K, 38 young (38912K), 8 survivors (8192K)
 Metaspace       used 33819K, committed 34432K, reserved 1114112K
  class space    used 3649K, committed 3968K, reserved 1048576K
}
Event: 14.739 GC heap after
{Heap after GC invocations=15 (full 0):
 garbage-first heap   total 143360K, used 85281K [0x0000000083200000, 0x0000000100000000)
  region size 1024K, 5 young (5120K), 5 survivors (5120K)
 Metaspace       used 33819K, committed 34432K, reserved 1114112K
  class space    used 3649K, committed 3968K, reserved 1048576K
}
Event: 14.958 GC heap before
{Heap before GC invocations=15 (full 0):
 garbage-first heap   total 143360K, used 110881K [0x0000000083200000, 0x0000000100000000)
  region size 1024K, 30 young (30720K), 5 survivors (5120K)
 Metaspace       used 33840K, committed 34496K, reserved 1114112K
  class space    used 3649K, committed 3968K, reserved 1048576K
}
Event: 14.967 GC heap after
{Heap after GC invocations=16 (full 0):
 garbage-first heap   total 143360K, used 83456K [0x0000000083200000, 0x0000000100000000)
  region size 1024K, 4 young (4096K), 4 survivors (4096K)
 Metaspace       used 33840K, committed 34496K, reserved 1114112K
  class space    used 3649K, committed 3968K, reserved 1048576K
}
Event: 15.472 GC heap before
{Heap before GC invocations=16 (full 0):
 garbage-first heap   total 143360K, used 110080K [0x0000000083200000, 0x0000000100000000)
  region size 1024K, 31 young (31744K), 4 survivors (4096K)
 Metaspace       used 35052K, committed 35648K, reserved 1114112K
  class space    used 3786K, committed 4096K, reserved 1048576K
}
Event: 15.475 GC heap after
{Heap after GC invocations=17 (full 0):
 garbage-first heap   total 205824K, used 84992K [0x0000000083200000, 0x0000000100000000)
  region size 1024K, 1 young (1024K), 1 survivors (1024K)
 Metaspace       used 35052K, committed 35648K, reserved 1114112K
  class space    used 3786K, committed 4096K, reserved 1048576K
}

