# JRE version: Java(TM) SE Runtime Environment (22.0.2+9) (build 22.0.2+9-70)
# Java VM: Java HotSpot(TM) 64-Bit Server VM (22.0.2+9-70, mixed mode, sharing, tiered, compressed oops, compressed class ptrs, parallel gc, windows-amd64)
GC Precious Log:
 CardTable entry size: 512
 CPUs: 8 total, 8 available
 Memory: 7987M
 Large Page Support: Disabled
 NUMA Support: Disabled
 Compressed Oops: Enabled (32-bit)
 Alignments: Space 512K, Generation 512K, Heap 2M
 Heap Min Capacity: 100M
 Heap Initial Capacity: 100M
 Heap Max Capacity: 1G
 Pre-touch: Disabled
 Parallel Workers: 8
Heap:
 PSYoungGen      total 4608K, used 2518K [0x00000000eab00000, 0x00000000eb180000, 0x0000000100000000)
  eden space 4096K, 51% used [0x00000000eab00000,0x00000000ead0eb58,0x00000000eaf00000)
  from space 512K, 81% used [0x00000000eb100000,0x00000000eb168000,0x00000000eb180000)
  to   space 512K, 0% used [0x00000000eb080000,0x00000000eb080000,0x00000000eb100000)
 ParOldGen       total 232960K, used 232579K [0x00000000c0000000, 0x00000000ce380000, 0x00000000eab00000)
  object space 232960K, 99% used [0x00000000c0000000,0x00000000ce320cd8,0x00000000ce380000)
 Metaspace       used 70893K, committed 72320K, reserved 1114112K
  class space    used 7481K, committed 8064K, reserved 1048576K
GC Heap History (20 events):
Event: 52.703 GC heap before
{Heap before GC invocations=250 (full 3):
 PSYoungGen      total 4096K, used 3721K [0x00000000eab00000, 0x00000000eb380000, 0x0000000100000000)
  eden space 3072K, 100% used [0x00000000eab00000,0x00000000eae00000,0x00000000eae00000)
  from space 1024K, 63% used [0x00000000eb280000,0x00000000eb322520,0x00000000eb380000)
  to   space 1536K, 0% used [0x00000000eb080000,0x00000000eb080000,0x00000000eb200000)
 ParOldGen       total 218624K, used 218490K [0x00000000c0000000, 0x00000000cd580000, 0x00000000eab00000)
  object space 218624K, 99% used [0x00000000c0000000,0x00000000cd55ebd8,0x00000000cd580000)
 Metaspace       used 70035K, committed 71552K, reserved 1114112K
  class space    used 7407K, committed 8000K, reserved 1048576K
}
Event: 52.705 GC heap after
{Heap after GC invocations=250 (full 3):
 PSYoungGen      total 4608K, used 1513K [0x00000000eab00000, 0x00000000eb700000, 0x0000000100000000)
  eden space 3072K, 0% used [0x00000000eab00000,0x00000000eab00000,0x00000000eae00000)
  from space 1536K, 98% used [0x00000000eb080000,0x00000000eb1fa520,0x00000000eb200000)
  to   space 4608K, 0% used [0x00000000eb280000,0x00000000eb280000,0x00000000eb700000)
 ParOldGen       total 220672K, used 220636K [0x00000000c0000000, 0x00000000cd780000, 0x00000000eab00000)
  object space 220672K, 99% used [0x00000000c0000000,0x00000000cd7770f8,0x00000000cd780000)
 Metaspace       used 70035K, committed 71552K, reserved 1114112K
  class space    used 7407K, committed 8000K, reserved 1048576K
}
Event: 52.712 GC heap before
{Heap before GC invocations=251 (full 3):
 PSYoungGen      total 4608K, used 4585K [0x00000000eab00000, 0x00000000eb700000, 0x0000000100000000)
  eden space 3072K, 100% used [0x00000000eab00000,0x00000000eae00000,0x00000000eae00000)
  from space 1536K, 98% used [0x00000000eb080000,0x00000000eb1fa520,0x00000000eb200000)
  to   space 4608K, 0% used [0x00000000eb280000,0x00000000eb280000,0x00000000eb700000)
 ParOldGen       total 220672K, used 220636K [0x00000000c0000000, 0x00000000cd780000, 0x00000000eab00000)
  object space 220672K, 99% used [0x00000000c0000000,0x00000000cd7770f8,0x00000000cd780000)
 Metaspace       used 70035K, committed 71552K, reserved 1114112K
  class space    used 7407K, committed 8000K, reserved 1048576K
}
Event: 52.714 GC heap after
{Heap after GC invocations=251 (full 3):
 PSYoungGen      total 6656K, used 3168K [0x00000000eab00000, 0x00000000eb600000, 0x0000000100000000)
  eden space 3072K, 0% used [0x00000000eab00000,0x00000000eab00000,0x00000000eae00000)
  from space 3584K, 88% used [0x00000000eb280000,0x00000000eb598000,0x00000000eb600000)
  to   space 3584K, 0% used [0x00000000eaf00000,0x00000000eaf00000,0x00000000eb280000)
 ParOldGen       total 222208K, used 222197K [0x00000000c0000000, 0x00000000cd900000, 0x00000000eab00000)
  object space 222208K, 99% used [0x00000000c0000000,0x00000000cd8fd618,0x00000000cd900000)
 Metaspace       used 70035K, committed 71552K, reserved 1114112K
  class space    used 7407K, committed 8000K, reserved 1048576K
}
Event: 52.724 GC heap before
{Heap before GC invocations=252 (full 3):
 PSYoungGen      total 6656K, used 6240K [0x00000000eab00000, 0x00000000eb600000, 0x0000000100000000)
  eden space 3072K, 100% used [0x00000000eab00000,0x00000000eae00000,0x00000000eae00000)
  from space 3584K, 88% used [0x00000000eb280000,0x00000000eb598000,0x00000000eb600000)
  to   space 3584K, 0% used [0x00000000eaf00000,0x00000000eaf00000,0x00000000eb280000)
 ParOldGen       total 222208K, used 222197K [0x00000000c0000000, 0x00000000cd900000, 0x00000000eab00000)
  object space 222208K, 99% used [0x00000000c0000000,0x00000000cd8fd618,0x00000000cd900000)
 Metaspace       used 70035K, committed 71552K, reserved 1114112K
  class space    used 7407K, committed 8000K, reserved 1048576K
}
Event: 52.727 GC heap after
{Heap after GC invocations=252 (full 3):
 PSYoungGen      total 6656K, used 3088K [0x00000000eab00000, 0x00000000eb500000, 0x0000000100000000)
  eden space 3072K, 0% used [0x00000000eab00000,0x00000000eab00000,0x00000000eae00000)
  from space 3584K, 86% used [0x00000000eaf00000,0x00000000eb204000,0x00000000eb280000)
  to   space 2560K, 0% used [0x00000000eb280000,0x00000000eb280000,0x00000000eb500000)
 ParOldGen       total 225792K, used 225301K [0x00000000c0000000, 0x00000000cdc80000, 0x00000000eab00000)
  object space 225792K, 99% used [0x00000000c0000000,0x00000000cdc05618,0x00000000cdc80000)
 Metaspace       used 70035K, committed 71552K, reserved 1114112K
  class space    used 7407K, committed 8000K, reserved 1048576K
}
Event: 52.737 GC heap before
{Heap before GC invocations=253 (full 3):
 PSYoungGen      total 6656K, used 6160K [0x00000000eab00000, 0x00000000eb500000, 0x0000000100000000)
  eden space 3072K, 100% used [0x00000000eab00000,0x00000000eae00000,0x00000000eae00000)
  from space 3584K, 86% used [0x00000000eaf00000,0x00000000eb204000,0x00000000eb280000)
  to   space 2560K, 0% used [0x00000000eb280000,0x00000000eb280000,0x00000000eb500000)
 ParOldGen       total 225792K, used 225301K [0x00000000c0000000, 0x00000000cdc80000, 0x00000000eab00000)
  object space 225792K, 99% used [0x00000000c0000000,0x00000000cdc05618,0x00000000cdc80000)
 Metaspace       used 70035K, committed 71552K, reserved 1114112K
  class space    used 7407K, committed 8000K, reserved 1048576K
}
Event: 52.739 GC heap after
{Heap after GC invocations=253 (full 3):
 PSYoungGen      total 4608K, used 1204K [0x00000000eab00000, 0x00000000eb400000, 0x0000000100000000)
  eden space 3072K, 0% used [0x00000000eab00000,0x00000000eab00000,0x00000000eae00000)
  from space 1536K, 78% used [0x00000000eb280000,0x00000000eb3ad200,0x00000000eb400000)
  to   space 2048K, 0% used [0x00000000eb000000,0x00000000eb000000,0x00000000eb200000)
 ParOldGen       total 228352K, used 228173K [0x00000000c0000000, 0x00000000cdf00000, 0x00000000eab00000)
  object space 228352K, 99% used [0x00000000c0000000,0x00000000cded3618,0x00000000cdf00000)
 Metaspace       used 70035K, committed 71552K, reserved 1114112K
  class space    used 7407K, committed 8000K, reserved 1048576K
}
Event: 52.746 GC heap before
{Heap before GC invocations=254 (full 3):
 PSYoungGen      total 4608K, used 4276K [0x00000000eab00000, 0x00000000eb400000, 0x0000000100000000)
  eden space 3072K, 100% used [0x00000000eab00000,0x00000000eae00000,0x00000000eae00000)
  from space 1536K, 78% used [0x00000000eb280000,0x00000000eb3ad200,0x00000000eb400000)
  to   space 2048K, 0% used [0x00000000eb000000,0x00000000eb000000,0x00000000eb200000)
 ParOldGen       total 228352K, used 228173K [0x00000000c0000000, 0x00000000cdf00000, 0x00000000eab00000)
  object space 228352K, 99% used [0x00000000c0000000,0x00000000cded3618,0x00000000cdf00000)
 Metaspace       used 70038K, committed 71552K, reserved 1114112K
  class space    used 7407K, committed 8000K, reserved 1048576K
}
Event: 52.748 GC heap after
{Heap after GC invocations=254 (full 3):
 PSYoungGen      total 5632K, used 1408K [0x00000000eab00000, 0x00000000eb300000, 0x0000000100000000)
  eden space 4096K, 0% used [0x00000000eab00000,0x00000000eab00000,0x00000000eaf00000)
  from space 1536K, 91% used [0x00000000eb000000,0x00000000eb160000,0x00000000eb180000)
  to   space 1536K, 0% used [0x00000000eb180000,0x00000000eb180000,0x00000000eb300000)
 ParOldGen       total 229376K, used 229314K [0x00000000c0000000, 0x00000000ce000000, 0x00000000eab00000)
  object space 229376K, 99% used [0x00000000c0000000,0x00000000cdff0828,0x00000000ce000000)
 Metaspace       used 70038K, committed 71552K, reserved 1114112K
  class space    used 7407K, committed 8000K, reserved 1048576K
}
Event: 52.761 GC heap before
{Heap before GC invocations=255 (full 3):
 PSYoungGen      total 5632K, used 5504K [0x00000000eab00000, 0x00000000eb300000, 0x0000000100000000)
  eden space 4096K, 100% used [0x00000000eab00000,0x00000000eaf00000,0x00000000eaf00000)
  from space 1536K, 91% used [0x00000000eb000000,0x00000000eb160000,0x00000000eb180000)
  to   space 1536K, 0% used [0x00000000eb180000,0x00000000eb180000,0x00000000eb300000)
 ParOldGen       total 229376K, used 229314K [0x00000000c0000000, 0x00000000ce000000, 0x00000000eab00000)
  object space 229376K, 99% used [0x00000000c0000000,0x00000000cdff0828,0x00000000ce000000)
 Metaspace       used 70042K, committed 71552K, reserved 1114112K
  class space    used 7407K, committed 8000K, reserved 1048576K
}
Event: 52.764 GC heap after
{Heap after GC invocations=255 (full 3):
 PSYoungGen      total 5632K, used 1130K [0x00000000eab00000, 0x00000000eb300000, 0x0000000100000000)
  eden space 4096K, 0% used [0x00000000eab00000,0x00000000eab00000,0x00000000eaf00000)
  from space 1536K, 73% used [0x00000000eb180000,0x00000000eb29a910,0x00000000eb300000)
  to   space 1536K, 0% used [0x00000000eb000000,0x00000000eb000000,0x00000000eb180000)
 ParOldGen       total 230912K, used 230626K [0x00000000c0000000, 0x00000000ce180000, 0x00000000eab00000)
  object space 230912K, 99% used [0x00000000c0000000,0x00000000ce138828,0x00000000ce180000)
 Metaspace       used 70042K, committed 71552K, reserved 1114112K
  class space    used 7407K, committed 8000K, reserved 1048576K
}
Event: 53.996 GC heap before
{Heap before GC invocations=256 (full 3):
 PSYoungGen      total 5632K, used 5226K [0x00000000eab00000, 0x00000000eb300000, 0x0000000100000000)
  eden space 4096K, 100% used [0x00000000eab00000,0x00000000eaf00000,0x00000000eaf00000)
  from space 1536K, 73% used [0x00000000eb180000,0x00000000eb29a910,0x00000000eb300000)
  to   space 1536K, 0% used [0x00000000eb000000,0x00000000eb000000,0x00000000eb180000)
 ParOldGen       total 230912K, used 230626K [0x00000000c0000000, 0x00000000ce180000, 0x00000000eab00000)
  object space 230912K, 99% used [0x00000000c0000000,0x00000000ce138828,0x00000000ce180000)
 Metaspace       used 70056K, committed 71552K, reserved 1114112K
  class space    used 7407K, committed 8000K, reserved 1048576K
}
Event: 53.998 GC heap after
{Heap after GC invocations=256 (full 3):
 PSYoungGen      total 4608K, used 356K [0x00000000eab00000, 0x00000000eb200000, 0x0000000100000000)
  eden space 4096K, 0% used [0x00000000eab00000,0x00000000eab00000,0x00000000eaf00000)
  from space 512K, 69% used [0x00000000eb000000,0x00000000eb059230,0x00000000eb080000)
  to   space 1024K, 0% used [0x00000000eb100000,0x00000000eb100000,0x00000000eb200000)
 ParOldGen       total 231424K, used 231322K [0x00000000c0000000, 0x00000000ce200000, 0x00000000eab00000)
  object space 231424K, 99% used [0x00000000c0000000,0x00000000ce1e6828,0x00000000ce200000)
 Metaspace       used 70056K, committed 71552K, reserved 1114112K
  class space    used 7407K, committed 8000K, reserved 1048576K
}
Event: 54.018 GC heap before
{Heap before GC invocations=257 (full 3):
 PSYoungGen      total 4608K, used 4452K [0x00000000eab00000, 0x00000000eb200000, 0x0000000100000000)
  eden space 4096K, 100% used [0x00000000eab00000,0x00000000eaf00000,0x00000000eaf00000)
  from space 512K, 69% used [0x00000000eb000000,0x00000000eb059230,0x00000000eb080000)
  to   space 1024K, 0% used [0x00000000eb100000,0x00000000eb100000,0x00000000eb200000)
 ParOldGen       total 231424K, used 231322K [0x00000000c0000000, 0x00000000ce200000, 0x00000000eab00000)
  object space 231424K, 99% used [0x00000000c0000000,0x00000000ce1e6828,0x00000000ce200000)
 Metaspace       used 70060K, committed 71552K, reserved 1114112K
  class space    used 7407K, committed 8000K, reserved 1048576K
}
Event: 54.019 GC heap after
{Heap after GC invocations=257 (full 3):
 PSYoungGen      total 5120K, used 576K [0x00000000eab00000, 0x00000000eb200000, 0x0000000100000000)
  eden space 4096K, 0% used [0x00000000eab00000,0x00000000eab00000,0x00000000eaf00000)
  from space 1024K, 56% used [0x00000000eb100000,0x00000000eb190000,0x00000000eb200000)
  to   space 1024K, 0% used [0x00000000eb000000,0x00000000eb000000,0x00000000eb100000)
 ParOldGen       total 231936K, used 231628K [0x00000000c0000000, 0x00000000ce280000, 0x00000000eab00000)
  object space 231936K, 99% used [0x00000000c0000000,0x00000000ce233038,0x00000000ce280000)
 Metaspace       used 70060K, committed 71552K, reserved 1114112K
  class space    used 7407K, committed 8000K, reserved 1048576K
}
Event: 54.150 GC heap before
{Heap before GC invocations=258 (full 3):
 PSYoungGen      total 5120K, used 4672K [0x00000000eab00000, 0x00000000eb200000, 0x0000000100000000)
  eden space 4096K, 100% used [0x00000000eab00000,0x00000000eaf00000,0x00000000eaf00000)
  from space 1024K, 56% used [0x00000000eb100000,0x00000000eb190000,0x00000000eb200000)
  to   space 1024K, 0% used [0x00000000eb000000,0x00000000eb000000,0x00000000eb100000)
 ParOldGen       total 231936K, used 231628K [0x00000000c0000000, 0x00000000ce280000, 0x00000000eab00000)
  object space 231936K, 99% used [0x00000000c0000000,0x00000000ce233038,0x00000000ce280000)
 Metaspace       used 70339K, committed 71872K, reserved 1114112K
  class space    used 7421K, committed 8064K, reserved 1048576K
}
Event: 54.151 GC heap after
{Heap after GC invocations=258 (full 3):
 PSYoungGen      total 5120K, used 608K [0x00000000eab00000, 0x00000000eb180000, 0x0000000100000000)
  eden space 4096K, 0% used [0x00000000eab00000,0x00000000eab00000,0x00000000eaf00000)
  from space 1024K, 59% used [0x00000000eb000000,0x00000000eb098000,0x00000000eb100000)
  to   space 512K, 0% used [0x00000000eb100000,0x00000000eb100000,0x00000000eb180000)
 ParOldGen       total 232448K, used 232119K [0x00000000c0000000, 0x00000000ce300000, 0x00000000eab00000)
  object space 232448K, 99% used [0x00000000c0000000,0x00000000ce2adde8,0x00000000ce300000)
 Metaspace       used 70339K, committed 71872K, reserved 1114112K
  class space    used 7421K, committed 8064K, reserved 1048576K
}
Event: 55.928 GC heap before
{Heap before GC invocations=259 (full 3):
 PSYoungGen      total 5120K, used 4704K [0x00000000eab00000, 0x00000000eb180000, 0x0000000100000000)
  eden space 4096K, 100% used [0x00000000eab00000,0x00000000eaf00000,0x00000000eaf00000)
  from space 1024K, 59% used [0x00000000eb000000,0x00000000eb098000,0x00000000eb100000)
  to   space 512K, 0% used [0x00000000eb100000,0x00000000eb100000,0x00000000eb180000)
 ParOldGen       total 232448K, used 232119K [0x00000000c0000000, 0x00000000ce300000, 0x00000000eab00000)
  object space 232448K, 99% used [0x00000000c0000000,0x00000000ce2adde8,0x00000000ce300000)
 Metaspace       used 70791K, committed 72256K, reserved 1114112K
  class space    used 7464K, committed 8064K, reserved 1048576K
}
Event: 55.929 GC heap after
{Heap after GC invocations=259 (full 3):
 PSYoungGen      total 4608K, used 416K [0x00000000eab00000, 0x00000000eb180000, 0x0000000100000000)
  eden space 4096K, 0% used [0x00000000eab00000,0x00000000eab00000,0x00000000eaf00000)
  from space 512K, 81% used [0x00000000eb100000,0x00000000eb168000,0x00000000eb180000)
  to   space 512K, 0% used [0x00000000eb080000,0x00000000eb080000,0x00000000eb100000)
 ParOldGen       total 232960K, used 232579K [0x00000000c0000000, 0x00000000ce380000, 0x00000000eab00000)
  object space 232960K, 99% used [0x00000000c0000000,0x00000000ce320cd8,0x00000000ce380000)
 Metaspace       used 70791K, committed 72256K, reserved 1114112K
  class space    used 7464K, committed 8064K, reserved 1048576K
}

