# JRE version: OpenJDK Runtime Environment Temurin-17.0.13+11 (17.0.13+11) (build 17.0.13+11)
# Java VM: OpenJDK 64-Bit Server VM Temurin-17.0.13+11 (17.0.13+11, mixed mode, tiered, compressed oops, compressed class ptrs, parallel gc, windows-amd64)
GC Precious Log:
 CPUs: 8 total, 8 available
 Memory: 7987M
 Large Page Support: Disabled
 NUMA Support: Disabled
 Compressed Oops: Enabled (32-bit)
 Alignments: Space 512K, Generation 512K, Heap 2M
 Heap Min Capacity: 100M
 Heap Initial Capacity: 100M
 Heap Max Capacity: 1G
 Pre-touch: Disabled
 Parallel Workers: 8
Heap:
 PSYoungGen      total 5120K, used 4756K [0x00000000eab00000, 0x00000000eb100000, 0x0000000100000000)
  eden space 4096K, 100% used [0x00000000eab00000,0x00000000eaf00000,0x00000000eaf00000)
  from space 1024K, 64% used [0x00000000eaf00000,0x00000000eafa5220,0x00000000eb000000)
  to   space 1024K, 98% used [0x00000000eb000000,0x00000000eb0faf40,0x00000000eb100000)
 ParOldGen       total 163840K, used 163404K [0x00000000c0000000, 0x00000000ca000000, 0x00000000eab00000)
  object space 163840K, 99% used [0x00000000c0000000,0x00000000c9f93208,0x00000000ca000000)
 Metaspace       used 94282K, committed 95872K, reserved 1179648K
  class space    used 9816K, committed 10560K, reserved 1048576K
GC Heap History (20 events):
Event: 916.584 GC heap after
{Heap after GC invocations=2061 (full 29):
 PSYoungGen      total 5632K, used 1328K [0x00000000eab00000, 0x00000000eb200000, 0x0000000100000000)
  eden space 4096K, 0% used [0x00000000eab00000,0x00000000eab00000,0x00000000eaf00000)
  from space 1536K, 86% used [0x00000000eb080000,0x00000000eb1cc030,0x00000000eb200000)
  to   space 1536K, 0% used [0x00000000eaf00000,0x00000000eaf00000,0x00000000eb080000)
 ParOldGen       total 163328K, used 128848K [0x00000000c0000000, 0x00000000c9f80000, 0x00000000eab00000)
  object space 163328K, 78% used [0x00000000c0000000,0x00000000c7dd43a0,0x00000000c9f80000)
 Metaspace       used 93628K, committed 95616K, reserved 1179648K
  class space    used 9741K, committed 10560K, reserved 1048576K
}
Event: 916.595 GC heap before
{Heap before GC invocations=2062 (full 29):
 PSYoungGen      total 5632K, used 5424K [0x00000000eab00000, 0x00000000eb200000, 0x0000000100000000)
  eden space 4096K, 100% used [0x00000000eab00000,0x00000000eaf00000,0x00000000eaf00000)
  from space 1536K, 86% used [0x00000000eb080000,0x00000000eb1cc030,0x00000000eb200000)
  to   space 1536K, 0% used [0x00000000eaf00000,0x00000000eaf00000,0x00000000eb080000)
 ParOldGen       total 163328K, used 128848K [0x00000000c0000000, 0x00000000c9f80000, 0x00000000eab00000)
  object space 163328K, 78% used [0x00000000c0000000,0x00000000c7dd43a0,0x00000000c9f80000)
 Metaspace       used 93630K, committed 95616K, reserved 1179648K
  class space    used 9741K, committed 10560K, reserved 1048576K
}
Event: 916.597 GC heap after
{Heap after GC invocations=2062 (full 29):
 PSYoungGen      total 5632K, used 1216K [0x00000000eab00000, 0x00000000eb200000, 0x0000000100000000)
  eden space 4096K, 0% used [0x00000000eab00000,0x00000000eab00000,0x00000000eaf00000)
  from space 1536K, 79% used [0x00000000eaf00000,0x00000000eb030000,0x00000000eb080000)
  to   space 1536K, 0% used [0x00000000eb080000,0x00000000eb080000,0x00000000eb200000)
 ParOldGen       total 163328K, used 129168K [0x00000000c0000000, 0x00000000c9f80000, 0x00000000eab00000)
  object space 163328K, 79% used [0x00000000c0000000,0x00000000c7e243a0,0x00000000c9f80000)
 Metaspace       used 93630K, committed 95616K, reserved 1179648K
  class space    used 9741K, committed 10560K, reserved 1048576K
}
Event: 916.610 GC heap before
{Heap before GC invocations=2063 (full 29):
 PSYoungGen      total 5632K, used 5312K [0x00000000eab00000, 0x00000000eb200000, 0x0000000100000000)
  eden space 4096K, 100% used [0x00000000eab00000,0x00000000eaf00000,0x00000000eaf00000)
  from space 1536K, 79% used [0x00000000eaf00000,0x00000000eb030000,0x00000000eb080000)
  to   space 1536K, 0% used [0x00000000eb080000,0x00000000eb080000,0x00000000eb200000)
 ParOldGen       total 163328K, used 129168K [0x00000000c0000000, 0x00000000c9f80000, 0x00000000eab00000)
  object space 163328K, 79% used [0x00000000c0000000,0x00000000c7e243a0,0x00000000c9f80000)
 Metaspace       used 93636K, committed 95616K, reserved 1179648K
  class space    used 9741K, committed 10560K, reserved 1048576K
}
Event: 916.611 GC heap after
{Heap after GC invocations=2063 (full 29):
 PSYoungGen      total 5120K, used 688K [0x00000000eab00000, 0x00000000eb180000, 0x0000000100000000)
  eden space 4096K, 0% used [0x00000000eab00000,0x00000000eab00000,0x00000000eaf00000)
  from space 1024K, 67% used [0x00000000eb080000,0x00000000eb12c030,0x00000000eb180000)
  to   space 1024K, 0% used [0x00000000eaf80000,0x00000000eaf80000,0x00000000eb080000)
 ParOldGen       total 163328K, used 130024K [0x00000000c0000000, 0x00000000c9f80000, 0x00000000eab00000)
  object space 163328K, 79% used [0x00000000c0000000,0x00000000c7efa3a0,0x00000000c9f80000)
 Metaspace       used 93636K, committed 95616K, reserved 1179648K
  class space    used 9741K, committed 10560K, reserved 1048576K
}
Event: 916.656 GC heap before
{Heap before GC invocations=2064 (full 29):
 PSYoungGen      total 5120K, used 4757K [0x00000000eab00000, 0x00000000eb180000, 0x0000000100000000)
  eden space 4096K, 99% used [0x00000000eab00000,0x00000000eaef95f8,0x00000000eaf00000)
  from space 1024K, 67% used [0x00000000eb080000,0x00000000eb12c030,0x00000000eb180000)
  to   space 1024K, 0% used [0x00000000eaf80000,0x00000000eaf80000,0x00000000eb080000)
 ParOldGen       total 163328K, used 130024K [0x00000000c0000000, 0x00000000c9f80000, 0x00000000eab00000)
  object space 163328K, 79% used [0x00000000c0000000,0x00000000c7efa3a0,0x00000000c9f80000)
 Metaspace       used 93691K, committed 95616K, reserved 1179648K
  class space    used 9749K, committed 10560K, reserved 1048576K
}
Event: 916.657 GC heap after
{Heap after GC invocations=2064 (full 29):
 PSYoungGen      total 5120K, used 320K [0x00000000eab00000, 0x00000000eb100000, 0x0000000100000000)
  eden space 4096K, 0% used [0x00000000eab00000,0x00000000eab00000,0x00000000eaf00000)
  from space 1024K, 31% used [0x00000000eaf80000,0x00000000eafd0000,0x00000000eb080000)
  to   space 512K, 0% used [0x00000000eb080000,0x00000000eb080000,0x00000000eb100000)
 ParOldGen       total 163328K, used 130392K [0x00000000c0000000, 0x00000000c9f80000, 0x00000000eab00000)
  object space 163328K, 79% used [0x00000000c0000000,0x00000000c7f563a0,0x00000000c9f80000)
 Metaspace       used 93691K, committed 95616K, reserved 1179648K
  class space    used 9749K, committed 10560K, reserved 1048576K
}
Event: 916.711 GC heap before
{Heap before GC invocations=2065 (full 29):
 PSYoungGen      total 5120K, used 4416K [0x00000000eab00000, 0x00000000eb100000, 0x0000000100000000)
  eden space 4096K, 100% used [0x00000000eab00000,0x00000000eaf00000,0x00000000eaf00000)
  from space 1024K, 31% used [0x00000000eaf80000,0x00000000eafd0000,0x00000000eb080000)
  to   space 512K, 0% used [0x00000000eb080000,0x00000000eb080000,0x00000000eb100000)
 ParOldGen       total 163328K, used 130392K [0x00000000c0000000, 0x00000000c9f80000, 0x00000000eab00000)
  object space 163328K, 79% used [0x00000000c0000000,0x00000000c7f563a0,0x00000000c9f80000)
 Metaspace       used 93843K, committed 95616K, reserved 1179648K
  class space    used 9775K, committed 10560K, reserved 1048576K
}
Event: 916.712 GC heap after
{Heap after GC invocations=2065 (full 29):
 PSYoungGen      total 4608K, used 511K [0x00000000eab00000, 0x00000000eb100000, 0x0000000100000000)
  eden space 4096K, 0% used [0x00000000eab00000,0x00000000eab00000,0x00000000eaf00000)
  from space 512K, 99% used [0x00000000eb080000,0x00000000eb0fff58,0x00000000eb100000)
  to   space 1024K, 0% used [0x00000000eaf00000,0x00000000eaf00000,0x00000000eb000000)
 ParOldGen       total 163328K, used 130616K [0x00000000c0000000, 0x00000000c9f80000, 0x00000000eab00000)
  object space 163328K, 79% used [0x00000000c0000000,0x00000000c7f8e3a0,0x00000000c9f80000)
 Metaspace       used 93843K, committed 95616K, reserved 1179648K
  class space    used 9775K, committed 10560K, reserved 1048576K
}
Event: 917.455 GC heap before
{Heap before GC invocations=2066 (full 29):
 PSYoungGen      total 4608K, used 4607K [0x00000000eab00000, 0x00000000eb100000, 0x0000000100000000)
  eden space 4096K, 100% used [0x00000000eab00000,0x00000000eaf00000,0x00000000eaf00000)
  from space 512K, 99% used [0x00000000eb080000,0x00000000eb0fff58,0x00000000eb100000)
  to   space 1024K, 0% used [0x00000000eaf00000,0x00000000eaf00000,0x00000000eb000000)
 ParOldGen       total 163328K, used 130616K [0x00000000c0000000, 0x00000000c9f80000, 0x00000000eab00000)
  object space 163328K, 79% used [0x00000000c0000000,0x00000000c7f8e3a0,0x00000000c9f80000)
 Metaspace       used 93903K, committed 95616K, reserved 1179648K
  class space    used 9782K, committed 10560K, reserved 1048576K
}
Event: 917.456 GC heap after
{Heap after GC invocations=2066 (full 29):
 PSYoungGen      total 5120K, used 800K [0x00000000eab00000, 0x00000000eb100000, 0x0000000100000000)
  eden space 4096K, 0% used [0x00000000eab00000,0x00000000eab00000,0x00000000eaf00000)
  from space 1024K, 78% used [0x00000000eaf00000,0x00000000eafc8000,0x00000000eb000000)
  to   space 1024K, 0% used [0x00000000eb000000,0x00000000eb000000,0x00000000eb100000)
 ParOldGen       total 163328K, used 130941K [0x00000000c0000000, 0x00000000c9f80000, 0x00000000eab00000)
  object space 163328K, 80% used [0x00000000c0000000,0x00000000c7fdf728,0x00000000c9f80000)
 Metaspace       used 93903K, committed 95616K, reserved 1179648K
  class space    used 9782K, committed 10560K, reserved 1048576K
}
Event: 917.483 GC heap before
{Heap before GC invocations=2067 (full 29):
 PSYoungGen      total 5120K, used 4896K [0x00000000eab00000, 0x00000000eb100000, 0x0000000100000000)
  eden space 4096K, 100% used [0x00000000eab00000,0x00000000eaf00000,0x00000000eaf00000)
  from space 1024K, 78% used [0x00000000eaf00000,0x00000000eafc8000,0x00000000eb000000)
  to   space 1024K, 0% used [0x00000000eb000000,0x00000000eb000000,0x00000000eb100000)
 ParOldGen       total 163328K, used 130941K [0x00000000c0000000, 0x00000000c9f80000, 0x00000000eab00000)
  object space 163328K, 80% used [0x00000000c0000000,0x00000000c7fdf728,0x00000000c9f80000)
 Metaspace       used 93965K, committed 95616K, reserved 1179648K
  class space    used 9790K, committed 10560K, reserved 1048576K
}
Event: 917.484 GC heap after
{Heap after GC invocations=2067 (full 29):
 PSYoungGen      total 5120K, used 352K [0x00000000eab00000, 0x00000000eb100000, 0x0000000100000000)
  eden space 4096K, 0% used [0x00000000eab00000,0x00000000eab00000,0x00000000eaf00000)
  from space 1024K, 34% used [0x00000000eb000000,0x00000000eb058000,0x00000000eb100000)
  to   space 1024K, 0% used [0x00000000eaf00000,0x00000000eaf00000,0x00000000eb000000)
 ParOldGen       total 163328K, used 131165K [0x00000000c0000000, 0x00000000c9f80000, 0x00000000eab00000)
  object space 163328K, 80% used [0x00000000c0000000,0x00000000c8017728,0x00000000c9f80000)
 Metaspace       used 93965K, committed 95616K, reserved 1179648K
  class space    used 9790K, committed 10560K, reserved 1048576K
}
Event: 917.573 GC heap before
{Heap before GC invocations=2068 (full 29):
 PSYoungGen      total 5120K, used 4448K [0x00000000eab00000, 0x00000000eb100000, 0x0000000100000000)
  eden space 4096K, 100% used [0x00000000eab00000,0x00000000eaf00000,0x00000000eaf00000)
  from space 1024K, 34% used [0x00000000eb000000,0x00000000eb058000,0x00000000eb100000)
  to   space 1024K, 0% used [0x00000000eaf00000,0x00000000eaf00000,0x00000000eb000000)
 ParOldGen       total 163328K, used 161885K [0x00000000c0000000, 0x00000000c9f80000, 0x00000000eab00000)
  object space 163328K, 99% used [0x00000000c0000000,0x00000000c9e17758,0x00000000c9f80000)
 Metaspace       used 94255K, committed 95872K, reserved 1179648K
  class space    used 9816K, committed 10560K, reserved 1048576K
}
Event: 917.574 GC heap after
{Heap after GC invocations=2068 (full 29):
 PSYoungGen      total 5120K, used 421K [0x00000000eab00000, 0x00000000eb080000, 0x0000000100000000)
  eden space 4096K, 0% used [0x00000000eab00000,0x00000000eab00000,0x00000000eaf00000)
  from space 1024K, 41% used [0x00000000eaf00000,0x00000000eaf69420,0x00000000eb000000)
  to   space 512K, 0% used [0x00000000eb000000,0x00000000eb000000,0x00000000eb080000)
 ParOldGen       total 163328K, used 162101K [0x00000000c0000000, 0x00000000c9f80000, 0x00000000eab00000)
  object space 163328K, 99% used [0x00000000c0000000,0x00000000c9e4d758,0x00000000c9f80000)
 Metaspace       used 94255K, committed 95872K, reserved 1179648K
  class space    used 9816K, committed 10560K, reserved 1048576K
}
Event: 931.076 GC heap before
{Heap before GC invocations=2069 (full 29):
 PSYoungGen      total 5120K, used 4517K [0x00000000eab00000, 0x00000000eb080000, 0x0000000100000000)
  eden space 4096K, 100% used [0x00000000eab00000,0x00000000eaf00000,0x00000000eaf00000)
  from space 1024K, 41% used [0x00000000eaf00000,0x00000000eaf69420,0x00000000eb000000)
  to   space 512K, 0% used [0x00000000eb000000,0x00000000eb000000,0x00000000eb080000)
 ParOldGen       total 163328K, used 162101K [0x00000000c0000000, 0x00000000c9f80000, 0x00000000eab00000)
  object space 163328K, 99% used [0x00000000c0000000,0x00000000c9e4d758,0x00000000c9f80000)
 Metaspace       used 94279K, committed 95872K, reserved 1179648K
  class space    used 9816K, committed 10560K, reserved 1048576K
}
Event: 931.077 GC heap after
{Heap after GC invocations=2069 (full 29):
 PSYoungGen      total 4608K, used 506K [0x00000000eab00000, 0x00000000eb100000, 0x0000000100000000)
  eden space 4096K, 0% used [0x00000000eab00000,0x00000000eab00000,0x00000000eaf00000)
  from space 512K, 98% used [0x00000000eb000000,0x00000000eb07e8c8,0x00000000eb080000)
  to   space 1024K, 0% used [0x00000000eaf00000,0x00000000eaf00000,0x00000000eb000000)
 ParOldGen       total 163328K, used 162117K [0x00000000c0000000, 0x00000000c9f80000, 0x00000000eab00000)
  object space 163328K, 99% used [0x00000000c0000000,0x00000000c9e51758,0x00000000c9f80000)
 Metaspace       used 94279K, committed 95872K, reserved 1179648K
  class space    used 9816K, committed 10560K, reserved 1048576K
}
Event: 931.328 GC heap before
{Heap before GC invocations=2070 (full 29):
 PSYoungGen      total 4608K, used 4602K [0x00000000eab00000, 0x00000000eb100000, 0x0000000100000000)
  eden space 4096K, 100% used [0x00000000eab00000,0x00000000eaf00000,0x00000000eaf00000)
  from space 512K, 98% used [0x00000000eb000000,0x00000000eb07e8c8,0x00000000eb080000)
  to   space 1024K, 0% used [0x00000000eaf00000,0x00000000eaf00000,0x00000000eb000000)
 ParOldGen       total 163328K, used 162117K [0x00000000c0000000, 0x00000000c9f80000, 0x00000000eab00000)
  object space 163328K, 99% used [0x00000000c0000000,0x00000000c9e51758,0x00000000c9f80000)
 Metaspace       used 94281K, committed 95872K, reserved 1179648K
  class space    used 9816K, committed 10560K, reserved 1048576K
}
Event: 931.329 GC heap after
{Heap after GC invocations=2070 (full 29):
 PSYoungGen      total 5120K, used 660K [0x00000000eab00000, 0x00000000eb100000, 0x0000000100000000)
  eden space 4096K, 0% used [0x00000000eab00000,0x00000000eab00000,0x00000000eaf00000)
  from space 1024K, 64% used [0x00000000eaf00000,0x00000000eafa5220,0x00000000eb000000)
  to   space 1024K, 0% used [0x00000000eb000000,0x00000000eb000000,0x00000000eb100000)
 ParOldGen       total 163328K, used 162556K [0x00000000c0000000, 0x00000000c9f80000, 0x00000000eab00000)
  object space 163328K, 99% used [0x00000000c0000000,0x00000000c9ebf1e8,0x00000000c9f80000)
 Metaspace       used 94281K, committed 95872K, reserved 1179648K
  class space    used 9816K, committed 10560K, reserved 1048576K
}
Event: 931.347 GC heap before
{Heap before GC invocations=2071 (full 29):
 PSYoungGen      total 5120K, used 4756K [0x00000000eab00000, 0x00000000eb100000, 0x0000000100000000)
  eden space 4096K, 100% used [0x00000000eab00000,0x00000000eaf00000,0x00000000eaf00000)
  from space 1024K, 64% used [0x00000000eaf00000,0x00000000eafa5220,0x00000000eb000000)
  to   space 1024K, 0% used [0x00000000eb000000,0x00000000eb000000,0x00000000eb100000)
 ParOldGen       total 163328K, used 162556K [0x00000000c0000000, 0x00000000c9f80000, 0x00000000eab00000)
  object space 163328K, 99% used [0x00000000c0000000,0x00000000c9ebf1e8,0x00000000c9f80000)
 Metaspace       used 94282K, committed 95872K, reserved 1179648K
  class space    used 9816K, committed 10560K, reserved 1048576K
}

