# JRE version: OpenJDK Runtime Environment (22.0.2+9) (build 22.0.2+9-70)
# Java VM: OpenJDK 64-Bit Server VM (22.0.2+9-70, mixed mode, emulated-client, sharing, tiered, compressed oops, compressed class ptrs, g1 gc, windows-amd64)
GC Precious Log:
 CardTable entry size: 512
 Card Set container configuration: InlinePtr #cards 5 size 8 Array Of Cards #cards 12 size 40 Howl #buckets 4 coarsen threshold 1843 Howl Bitmap #cards 512 size 80 coarsen threshold 460 Card regions per heap region 1 cards per card region 2048
 CPUs: 8 total, 8 available
 Memory: 7987M
 Large Page Support: Disabled
 NUMA Support: Disabled
 Compressed Oops: Enabled (32-bit)
 Heap Region Size: 1M
 Heap Min Capacity: 8M
 Heap Initial Capacity: 126M
 Heap Max Capacity: 1998M
 Pre-touch: Disabled
 Parallel Workers: 8
 Concurrent Workers: 2
 Concurrent Refinement Workers: 8
 Periodic GC: Disabled
Heap:
 garbage-first heap   total reserved 2045952K, committed 70656K, used 45352K [0x0000000083200000, 0x0000000100000000)
  region size 1024K, 13 young (13312K), 3 survivors (3072K)
 Metaspace       used 73255K, committed 74048K, reserved 1114112K
  class space    used 10921K, committed 11264K, reserved 1048576K
GC Heap History (20 events):
Event: 3.872 GC heap before
{Heap before GC invocations=11 (full 0):
 garbage-first heap   total reserved 2045952K, committed 58368K, used 49543K [0x0000000083200000, 0x0000000100000000)
  region size 1024K, 28 young (28672K), 3 survivors (3072K)
 Metaspace       used 49533K, committed 50112K, reserved 1114112K
  class space    used 7054K, committed 7296K, reserved 1048576K
}
Event: 3.875 GC heap after
{Heap after GC invocations=12 (full 0):
 garbage-first heap   total reserved 2045952K, committed 58368K, used 25208K [0x0000000083200000, 0x0000000100000000)
  region size 1024K, 2 young (2048K), 2 survivors (2048K)
 Metaspace       used 49533K, committed 50112K, reserved 1114112K
  class space    used 7054K, committed 7296K, reserved 1048576K
}
Event: 4.286 GC heap before
{Heap before GC invocations=12 (full 0):
 garbage-first heap   total reserved 2045952K, committed 58368K, used 49784K [0x0000000083200000, 0x0000000100000000)
  region size 1024K, 27 young (27648K), 2 survivors (2048K)
 Metaspace       used 54956K, committed 55680K, reserved 1114112K
  class space    used 7935K, committed 8256K, reserved 1048576K
}
Event: 4.289 GC heap after
{Heap after GC invocations=13 (full 0):
 garbage-first heap   total reserved 2045952K, committed 58368K, used 26000K [0x0000000083200000, 0x0000000100000000)
  region size 1024K, 3 young (3072K), 3 survivors (3072K)
 Metaspace       used 54956K, committed 55680K, reserved 1114112K
  class space    used 7935K, committed 8256K, reserved 1048576K
}
Event: 4.827 GC heap before
{Heap before GC invocations=13 (full 0):
 garbage-first heap   total reserved 2045952K, committed 58368K, used 50576K [0x0000000083200000, 0x0000000100000000)
  region size 1024K, 27 young (27648K), 3 survivors (3072K)
 Metaspace       used 59468K, committed 60160K, reserved 1114112K
  class space    used 8581K, committed 8896K, reserved 1048576K
}
Event: 4.831 GC heap after
{Heap after GC invocations=14 (full 0):
 garbage-first heap   total reserved 2045952K, committed 58368K, used 27950K [0x0000000083200000, 0x0000000100000000)
  region size 1024K, 3 young (3072K), 3 survivors (3072K)
 Metaspace       used 59468K, committed 60160K, reserved 1114112K
  class space    used 8581K, committed 8896K, reserved 1048576K
}
Event: 4.884 GC heap before
{Heap before GC invocations=14 (full 0):
 garbage-first heap   total reserved 2045952K, committed 58368K, used 32046K [0x0000000083200000, 0x0000000100000000)
  region size 1024K, 8 young (8192K), 3 survivors (3072K)
 Metaspace       used 60113K, committed 60736K, reserved 1114112K
  class space    used 8674K, committed 8960K, reserved 1048576K
}
Event: 4.887 GC heap after
{Heap after GC invocations=15 (full 0):
 garbage-first heap   total reserved 2045952K, committed 58368K, used 28336K [0x0000000083200000, 0x0000000100000000)
  region size 1024K, 3 young (3072K), 3 survivors (3072K)
 Metaspace       used 60113K, committed 60736K, reserved 1114112K
  class space    used 8674K, committed 8960K, reserved 1048576K
}
Event: 5.176 GC heap before
{Heap before GC invocations=16 (full 0):
 garbage-first heap   total reserved 2045952K, committed 58368K, used 48816K [0x0000000083200000, 0x0000000100000000)
  region size 1024K, 24 young (24576K), 3 survivors (3072K)
 Metaspace       used 62232K, committed 62912K, reserved 1114112K
  class space    used 9156K, committed 9472K, reserved 1048576K
}
Event: 5.179 GC heap after
{Heap after GC invocations=17 (full 0):
 garbage-first heap   total reserved 2045952K, committed 58368K, used 30591K [0x0000000083200000, 0x0000000100000000)
  region size 1024K, 3 young (3072K), 3 survivors (3072K)
 Metaspace       used 62232K, committed 62912K, reserved 1114112K
  class space    used 9156K, committed 9472K, reserved 1048576K
}
Event: 5.320 GC heap before
{Heap before GC invocations=17 (full 0):
 garbage-first heap   total reserved 2045952K, committed 58368K, used 49023K [0x0000000083200000, 0x0000000100000000)
  region size 1024K, 22 young (22528K), 3 survivors (3072K)
 Metaspace       used 63816K, committed 64576K, reserved 1114112K
  class space    used 9505K, committed 9856K, reserved 1048576K
}
Event: 5.324 GC heap after
{Heap after GC invocations=18 (full 0):
 garbage-first heap   total reserved 2045952K, committed 70656K, used 31576K [0x0000000083200000, 0x0000000100000000)
  region size 1024K, 2 young (2048K), 2 survivors (2048K)
 Metaspace       used 63816K, committed 64576K, reserved 1114112K
  class space    used 9505K, committed 9856K, reserved 1048576K
}
Event: 5.386 GC heap before
{Heap before GC invocations=18 (full 0):
 garbage-first heap   total reserved 2045952K, committed 70656K, used 63320K [0x0000000083200000, 0x0000000100000000)
  region size 1024K, 33 young (33792K), 2 survivors (2048K)
 Metaspace       used 63828K, committed 64576K, reserved 1114112K
  class space    used 9505K, committed 9856K, reserved 1048576K
}
Event: 5.388 GC heap after
{Heap after GC invocations=19 (full 0):
 garbage-first heap   total reserved 2045952K, committed 70656K, used 32093K [0x0000000083200000, 0x0000000100000000)
  region size 1024K, 3 young (3072K), 3 survivors (3072K)
 Metaspace       used 63828K, committed 64576K, reserved 1114112K
  class space    used 9505K, committed 9856K, reserved 1048576K
}
Event: 5.533 GC heap before
{Heap before GC invocations=19 (full 0):
 garbage-first heap   total reserved 2045952K, committed 70656K, used 62813K [0x0000000083200000, 0x0000000100000000)
  region size 1024K, 33 young (33792K), 3 survivors (3072K)
 Metaspace       used 65233K, committed 65920K, reserved 1114112K
  class space    used 9717K, committed 10048K, reserved 1048576K
}
Event: 5.536 GC heap after
{Heap after GC invocations=20 (full 0):
 garbage-first heap   total reserved 2045952K, committed 70656K, used 32768K [0x0000000083200000, 0x0000000100000000)
  region size 1024K, 3 young (3072K), 3 survivors (3072K)
 Metaspace       used 65233K, committed 65920K, reserved 1114112K
  class space    used 9717K, committed 10048K, reserved 1048576K
}
Event: 5.869 GC heap before
{Heap before GC invocations=21 (full 0):
 garbage-first heap   total reserved 2045952K, committed 70656K, used 63488K [0x0000000083200000, 0x0000000100000000)
  region size 1024K, 33 young (33792K), 3 survivors (3072K)
 Metaspace       used 67631K, committed 68416K, reserved 1114112K
  class space    used 10098K, committed 10432K, reserved 1048576K
}
Event: 5.873 GC heap after
{Heap after GC invocations=22 (full 0):
 garbage-first heap   total reserved 2045952K, committed 70656K, used 35163K [0x0000000083200000, 0x0000000100000000)
  region size 1024K, 4 young (4096K), 4 survivors (4096K)
 Metaspace       used 67631K, committed 68416K, reserved 1114112K
  class space    used 10098K, committed 10432K, reserved 1048576K
}
Event: 15.444 GC heap before
{Heap before GC invocations=22 (full 0):
 garbage-first heap   total reserved 2045952K, committed 70656K, used 61787K [0x0000000083200000, 0x0000000100000000)
  region size 1024K, 30 young (30720K), 4 survivors (4096K)
 Metaspace       used 70608K, committed 71360K, reserved 1114112K
  class space    used 10523K, committed 10816K, reserved 1048576K
}
Event: 15.450 GC heap after
{Heap after GC invocations=23 (full 0):
 garbage-first heap   total reserved 2045952K, committed 70656K, used 37160K [0x0000000083200000, 0x0000000100000000)
  region size 1024K, 3 young (3072K), 3 survivors (3072K)
 Metaspace       used 70608K, committed 71360K, reserved 1114112K
  class space    used 10523K, committed 10816K, reserved 1048576K
}

