# JRE version: OpenJDK Runtime Environment Temurin-17.0.12+7 (17.0.12+7) (build 17.0.12+7)
# Java VM: OpenJDK 64-Bit Server VM Temurin-17.0.12+7 (17.0.12+7, mixed mode, tiered, compressed oops, compressed class ptrs, g1 gc, windows-amd64)
GC Precious Log:
 CPUs: 8 total, 8 available
 Memory: 7987M
 Large Page Support: Disabled
 NUMA Support: Disabled
 Compressed Oops: Enabled (32-bit)
 Heap Region Size: 1M
 Heap Min Capacity: 8M
 Heap Initial Capacity: 126M
 Heap Max Capacity: 1998M
 Pre-touch: Disabled
 Parallel Workers: 8
 Concurrent Workers: 2
 Concurrent Refinement Workers: 8
 Periodic GC: Disabled
Heap:
 garbage-first heap   total 164864K, used 94221K [0x0000000083200000, 0x0000000100000000)
  region size 1024K, 52 young (53248K), 5 survivors (5120K)
 Metaspace       used 116580K, committed 118080K, reserved 1179648K
  class space    used 14130K, committed 14912K, reserved 1048576K
GC Heap History (20 events):
Event: 4387.147 GC heap after
{Heap after GC invocations=175 (full 32):
 garbage-first heap   total 137216K, used 40489K [0x0000000083200000, 0x0000000100000000)
  region size 1024K, 0 young (0K), 0 survivors (0K)
 Metaspace       used 113687K, committed 115136K, reserved 1179648K
  class space    used 13867K, committed 14592K, reserved 1048576K
}
Event: 4387.849 GC heap before
{Heap before GC invocations=175 (full 32):
 garbage-first heap   total 137216K, used 106025K [0x0000000083200000, 0x0000000100000000)
  region size 1024K, 64 young (65536K), 0 survivors (0K)
 Metaspace       used 114023K, committed 115456K, reserved 1179648K
  class space    used 13904K, committed 14656K, reserved 1048576K
}
Event: 4387.853 GC heap after
{Heap after GC invocations=176 (full 32):
 garbage-first heap   total 137216K, used 45844K [0x0000000083200000, 0x0000000100000000)
  region size 1024K, 6 young (6144K), 6 survivors (6144K)
 Metaspace       used 114023K, committed 115456K, reserved 1179648K
  class space    used 13904K, committed 14656K, reserved 1048576K
}
Event: 4429.727 GC heap before
{Heap before GC invocations=177 (full 32):
 garbage-first heap   total 137216K, used 105236K [0x0000000083200000, 0x0000000100000000)
  region size 1024K, 65 young (66560K), 6 survivors (6144K)
 Metaspace       used 114264K, committed 115712K, reserved 1179648K
  class space    used 13922K, committed 14656K, reserved 1048576K
}
Event: 4429.793 GC heap after
{Heap after GC invocations=178 (full 33):
 garbage-first heap   total 137216K, used 43498K [0x0000000083200000, 0x0000000100000000)
  region size 1024K, 0 young (0K), 0 survivors (0K)
 Metaspace       used 114261K, committed 115712K, reserved 1179648K
  class space    used 13921K, committed 14656K, reserved 1048576K
}
Event: 4430.328 GC heap before
{Heap before GC invocations=178 (full 33):
 garbage-first heap   total 137216K, used 105962K [0x0000000083200000, 0x0000000100000000)
  region size 1024K, 62 young (63488K), 0 survivors (0K)
 Metaspace       used 114586K, committed 116032K, reserved 1179648K
  class space    used 13957K, committed 14720K, reserved 1048576K
}
Event: 4430.330 GC heap after
{Heap after GC invocations=179 (full 33):
 garbage-first heap   total 137216K, used 48618K [0x0000000083200000, 0x0000000100000000)
  region size 1024K, 5 young (5120K), 5 survivors (5120K)
 Metaspace       used 114586K, committed 116032K, reserved 1179648K
  class space    used 13957K, committed 14720K, reserved 1048576K
}
Event: 4482.318 GC heap before
{Heap before GC invocations=180 (full 33):
 garbage-first heap   total 137216K, used 103914K [0x0000000083200000, 0x0000000100000000)
  region size 1024K, 60 young (61440K), 5 survivors (5120K)
 Metaspace       used 114801K, committed 116224K, reserved 1179648K
  class space    used 13973K, committed 14720K, reserved 1048576K
}
Event: 4482.395 GC heap after
{Heap after GC invocations=181 (full 34):
 garbage-first heap   total 137216K, used 41251K [0x0000000083200000, 0x0000000100000000)
  region size 1024K, 0 young (0K), 0 survivors (0K)
 Metaspace       used 114798K, committed 116224K, reserved 1179648K
  class space    used 13972K, committed 14720K, reserved 1048576K
}
Event: 4483.127 GC heap before
{Heap before GC invocations=181 (full 34):
 garbage-first heap   total 137216K, used 105763K [0x0000000083200000, 0x0000000100000000)
  region size 1024K, 63 young (64512K), 0 survivors (0K)
 Metaspace       used 115141K, committed 116672K, reserved 1179648K
  class space    used 14008K, committed 14784K, reserved 1048576K
}
Event: 4483.130 GC heap after
{Heap after GC invocations=182 (full 34):
 garbage-first heap   total 137216K, used 46240K [0x0000000083200000, 0x0000000100000000)
  region size 1024K, 5 young (5120K), 5 survivors (5120K)
 Metaspace       used 115141K, committed 116672K, reserved 1179648K
  class space    used 14008K, committed 14784K, reserved 1048576K
}
Event: 4518.915 GC heap before
{Heap before GC invocations=183 (full 34):
 garbage-first heap   total 137216K, used 105632K [0x0000000083200000, 0x0000000100000000)
  region size 1024K, 64 young (65536K), 5 survivors (5120K)
 Metaspace       used 115441K, committed 116928K, reserved 1179648K
  class space    used 14027K, committed 14784K, reserved 1048576K
}
Event: 4519.010 GC heap after
{Heap after GC invocations=184 (full 35):
 garbage-first heap   total 137216K, used 44270K [0x0000000083200000, 0x0000000100000000)
  region size 1024K, 0 young (0K), 0 survivors (0K)
 Metaspace       used 115438K, committed 116928K, reserved 1179648K
  class space    used 14026K, committed 14784K, reserved 1048576K
}
Event: 4519.913 GC heap before
{Heap before GC invocations=184 (full 35):
 garbage-first heap   total 137216K, used 106734K [0x0000000083200000, 0x0000000100000000)
  region size 1024K, 62 young (63488K), 0 survivors (0K)
 Metaspace       used 115688K, committed 117184K, reserved 1179648K
  class space    used 14059K, committed 14848K, reserved 1048576K
}
Event: 4519.916 GC heap after
{Heap after GC invocations=185 (full 35):
 garbage-first heap   total 137216K, used 49726K [0x0000000083200000, 0x0000000100000000)
  region size 1024K, 6 young (6144K), 6 survivors (6144K)
 Metaspace       used 115688K, committed 117184K, reserved 1179648K
  class space    used 14059K, committed 14848K, reserved 1048576K
}
Event: 4521.606 GC heap before
{Heap before GC invocations=186 (full 35):
 garbage-first heap   total 137216K, used 96830K [0x0000000083200000, 0x0000000100000000)
  region size 1024K, 53 young (54272K), 6 survivors (6144K)
 Metaspace       used 115967K, committed 117440K, reserved 1179648K
  class space    used 14078K, committed 14848K, reserved 1048576K
}
Event: 4521.686 GC heap after
{Heap after GC invocations=187 (full 36):
 garbage-first heap   total 137216K, used 41997K [0x0000000083200000, 0x0000000100000000)
  region size 1024K, 0 young (0K), 0 survivors (0K)
 Metaspace       used 115964K, committed 117440K, reserved 1179648K
  class space    used 14077K, committed 14848K, reserved 1048576K
}
Event: 4522.290 GC heap before
{Heap before GC invocations=187 (full 36):
 garbage-first heap   total 137216K, used 106509K [0x0000000083200000, 0x0000000100000000)
  region size 1024K, 63 young (64512K), 0 survivors (0K)
 Metaspace       used 116332K, committed 117824K, reserved 1179648K
  class space    used 14113K, committed 14912K, reserved 1048576K
}
Event: 4522.295 GC heap after
{Heap after GC invocations=188 (full 36):
 garbage-first heap   total 164864K, used 47117K [0x0000000083200000, 0x0000000100000000)
  region size 1024K, 5 young (5120K), 5 survivors (5120K)
 Metaspace       used 116332K, committed 117824K, reserved 1179648K
  class space    used 14113K, committed 14912K, reserved 1048576K
}
Event: 4526.064 GC heap before
{Heap before GC invocations=189 (full 36):
 garbage-first heap   total 164864K, used 94221K [0x0000000083200000, 0x0000000100000000)
  region size 1024K, 52 young (53248K), 5 survivors (5120K)
 Metaspace       used 116580K, committed 118080K, reserved 1179648K
  class space    used 14130K, committed 14912K, reserved 1048576K
}

