# JRE version: OpenJDK Runtime Environment Temurin-17.0.12+7 (17.0.12+7) (build 17.0.12+7)
# Java VM: OpenJDK 64-Bit Server VM Temurin-17.0.12+7 (17.0.12+7, mixed mode, tiered, compressed oops, compressed class ptrs, g1 gc, windows-amd64)
GC Precious Log:
 CPUs: 8 total, 8 available
 Memory: 7987M
 Large Page Support: Disabled
 NUMA Support: Disabled
 Compressed Oops: Enabled (32-bit)
 Heap Region Size: 1M
 Heap Min Capacity: 8M
 Heap Initial Capacity: 126M
 Heap Max Capacity: 1998M
 Pre-touch: Disabled
 Parallel Workers: 8
 Concurrent Workers: 2
 Concurrent Refinement Workers: 8
 Periodic GC: Disabled
Heap:
 garbage-first heap   total 112640K, used 65766K [0x0000000083200000, 0x0000000100000000)
  region size 1024K, 31 young (31744K), 0 survivors (0K)
 Metaspace       used 92327K, committed 93120K, reserved 1179648K
  class space    used 12170K, committed 12544K, reserved 1048576K
GC Heap History (20 events):
Event: 116.814 GC heap before
{Heap before GC invocations=46 (full 1):
 garbage-first heap   total 119808K, used 89676K [0x0000000083200000, 0x0000000100000000)
  region size 1024K, 55 young (56320K), 0 survivors (0K)
 Metaspace       used 88004K, committed 88640K, reserved 1179648K
  class space    used 11935K, committed 12224K, reserved 1048576K
}
Event: 116.817 GC heap after
{Heap after GC invocations=47 (full 1):
 garbage-first heap   total 119808K, used 37534K [0x0000000083200000, 0x0000000100000000)
  region size 1024K, 5 young (5120K), 5 survivors (5120K)
 Metaspace       used 88004K, committed 88640K, reserved 1179648K
  class space    used 11935K, committed 12224K, reserved 1048576K
}
Event: 117.476 GC heap before
{Heap before GC invocations=47 (full 1):
 garbage-first heap   total 119808K, used 89758K [0x0000000083200000, 0x0000000100000000)
  region size 1024K, 56 young (57344K), 5 survivors (5120K)
 Metaspace       used 88654K, committed 89344K, reserved 1179648K
  class space    used 11969K, committed 12288K, reserved 1048576K
}
Event: 117.480 GC heap after
{Heap after GC invocations=48 (full 1):
 garbage-first heap   total 119808K, used 40497K [0x0000000083200000, 0x0000000100000000)
  region size 1024K, 4 young (4096K), 4 survivors (4096K)
 Metaspace       used 88654K, committed 89344K, reserved 1179648K
  class space    used 11969K, committed 12288K, reserved 1048576K
}
Event: 131.329 GC heap before
{Heap before GC invocations=48 (full 1):
 garbage-first heap   total 119808K, used 47665K [0x0000000083200000, 0x0000000100000000)
  region size 1024K, 12 young (12288K), 4 survivors (4096K)
 Metaspace       used 88686K, committed 89344K, reserved 1179648K
  class space    used 11970K, committed 12288K, reserved 1048576K
}
Event: 131.377 GC heap after
{Heap after GC invocations=49 (full 2):
 garbage-first heap   total 112640K, used 31246K [0x0000000083200000, 0x0000000100000000)
  region size 1024K, 0 young (0K), 0 survivors (0K)
 Metaspace       used 88686K, committed 89344K, reserved 1179648K
  class space    used 11970K, committed 12288K, reserved 1048576K
}
Event: 132.118 GC heap before
{Heap before GC invocations=49 (full 2):
 garbage-first heap   total 112640K, used 83470K [0x0000000083200000, 0x0000000100000000)
  region size 1024K, 52 young (53248K), 0 survivors (0K)
 Metaspace       used 89098K, committed 89728K, reserved 1179648K
  class space    used 11992K, committed 12288K, reserved 1048576K
}
Event: 132.121 GC heap after
{Heap after GC invocations=50 (full 2):
 garbage-first heap   total 112640K, used 35320K [0x0000000083200000, 0x0000000100000000)
  region size 1024K, 4 young (4096K), 4 survivors (4096K)
 Metaspace       used 89098K, committed 89728K, reserved 1179648K
  class space    used 11992K, committed 12288K, reserved 1048576K
}
Event: 132.773 GC heap before
{Heap before GC invocations=50 (full 2):
 garbage-first heap   total 112640K, used 86520K [0x0000000083200000, 0x0000000100000000)
  region size 1024K, 54 young (55296K), 4 survivors (4096K)
 Metaspace       used 89768K, committed 90432K, reserved 1179648K
  class space    used 12035K, committed 12352K, reserved 1048576K
}
Event: 132.777 GC heap after
{Heap after GC invocations=51 (full 2):
 garbage-first heap   total 112640K, used 38461K [0x0000000083200000, 0x0000000100000000)
  region size 1024K, 4 young (4096K), 4 survivors (4096K)
 Metaspace       used 89768K, committed 90432K, reserved 1179648K
  class space    used 12035K, committed 12352K, reserved 1048576K
}
Event: 140.405 GC heap before
{Heap before GC invocations=51 (full 2):
 garbage-first heap   total 112640K, used 47677K [0x0000000083200000, 0x0000000100000000)
  region size 1024K, 14 young (14336K), 4 survivors (4096K)
 Metaspace       used 89819K, committed 90560K, reserved 1179648K
  class space    used 12037K, committed 12352K, reserved 1048576K
}
Event: 140.454 GC heap after
{Heap after GC invocations=52 (full 3):
 garbage-first heap   total 112640K, used 31657K [0x0000000083200000, 0x0000000100000000)
  region size 1024K, 0 young (0K), 0 survivors (0K)
 Metaspace       used 89816K, committed 90560K, reserved 1179648K
  class space    used 12036K, committed 12352K, reserved 1048576K
}
Event: 141.335 GC heap before
{Heap before GC invocations=52 (full 3):
 garbage-first heap   total 112640K, used 84905K [0x0000000083200000, 0x0000000100000000)
  region size 1024K, 52 young (53248K), 0 survivors (0K)
 Metaspace       used 90161K, committed 90880K, reserved 1179648K
  class space    used 12061K, committed 12416K, reserved 1048576K
}
Event: 141.338 GC heap after
{Heap after GC invocations=53 (full 3):
 garbage-first heap   total 112640K, used 35753K [0x0000000083200000, 0x0000000100000000)
  region size 1024K, 4 young (4096K), 4 survivors (4096K)
 Metaspace       used 90161K, committed 90880K, reserved 1179648K
  class space    used 12061K, committed 12416K, reserved 1048576K
}
Event: 141.876 GC heap before
{Heap before GC invocations=53 (full 3):
 garbage-first heap   total 112640K, used 85929K [0x0000000083200000, 0x0000000100000000)
  region size 1024K, 53 young (54272K), 4 survivors (4096K)
 Metaspace       used 90727K, committed 91392K, reserved 1179648K
  class space    used 12096K, committed 12416K, reserved 1048576K
}
Event: 141.880 GC heap after
{Heap after GC invocations=54 (full 3):
 garbage-first heap   total 112640K, used 38976K [0x0000000083200000, 0x0000000100000000)
  region size 1024K, 4 young (4096K), 4 survivors (4096K)
 Metaspace       used 90727K, committed 91392K, reserved 1179648K
  class space    used 12096K, committed 12416K, reserved 1048576K
}
Event: 229.308 GC heap before
{Heap before GC invocations=54 (full 3):
 garbage-first heap   total 112640K, used 86080K [0x0000000083200000, 0x0000000100000000)
  region size 1024K, 50 young (51200K), 4 survivors (4096K)
 Metaspace       used 91885K, committed 92672K, reserved 1179648K
  class space    used 12143K, committed 12544K, reserved 1048576K
}
Event: 229.311 GC heap after
{Heap after GC invocations=55 (full 3):
 garbage-first heap   total 112640K, used 41272K [0x0000000083200000, 0x0000000100000000)
  region size 1024K, 6 young (6144K), 6 survivors (6144K)
 Metaspace       used 91885K, committed 92672K, reserved 1179648K
  class space    used 12143K, committed 12544K, reserved 1048576K
}
Event: 261.656 GC heap before
{Heap before GC invocations=55 (full 3):
 garbage-first heap   total 112640K, used 53560K [0x0000000083200000, 0x0000000100000000)
  region size 1024K, 19 young (19456K), 6 survivors (6144K)
 Metaspace       used 92168K, committed 92928K, reserved 1179648K
  class space    used 12154K, committed 12544K, reserved 1048576K
}
Event: 261.704 GC heap after
{Heap after GC invocations=56 (full 4):
 garbage-first heap   total 112640K, used 35046K [0x0000000083200000, 0x0000000100000000)
  region size 1024K, 0 young (0K), 0 survivors (0K)
 Metaspace       used 92165K, committed 92928K, reserved 1179648K
  class space    used 12153K, committed 12544K, reserved 1048576K
}

