<?xml version="1.0" encoding="UTF-8"?>
<testsuite xmlns:xsi="http://www.w3.org/2001/XMLSchema-instance" xsi:noNamespaceSchemaLocation="https://maven.apache.org/surefire/maven-surefire-plugin/xsd/surefire-test-report-3.0.xsd" version="3.0" name="net.enjoy.springboot.registrationlogin.RegistrationLoginApplicationTests" time="7.622" tests="1" errors="0" skipped="0" failures="0">
  <properties>
[...]
</properties>
  <testcase name="contextLoads" classname="net.enjoy.springboot.registrationlogin.RegistrationLoginApplicationTests" time="0.551">
    <system-out><![CDATA[21:59:58.495 [main] INFO org.springframework.test.context.support.AnnotationConfigContextLoaderUtils -- Could not detect default configuration classes for test class [net.enjoy.springboot.registrationlogin.RegistrationLoginApplicationTests]: RegistrationLoginApplicationTests does not declare any static, non-private, non-final, nested classes annotated with @Configuration.
21:59:58.636 [main] INFO org.springframework.boot.test.context.SpringBootTestContextBootstrapper -- Found @SpringBootConfiguration net.enjoy.springboot.registrationlogin.RegistrationLoginApplication for test class net.enjoy.springboot.registrationlogin.RegistrationLoginApplicationTests
21:59:58.839 [main] INFO org.springframework.boot.devtools.restart.RestartApplicationListener -- Restart disabled due to context in which it is running

  .   ____          _            __ _ _
 /\\ / ___'_ __ _ _(_)_ __  __ _ \ \ \ \
( ( )\___ | '_ | '_| | '_ \/ _` | \ \ \ \
 \\/  ___)| |_)| | | | | || (_| |  ) ) ) )
  '  |____| .__|_| |_|_| |_\__, | / / / /
 =========|_|==============|___/=/_/_/_/
 :: Spring Boot ::                (v3.2.4)

2024-10-04T21:59:59.317+07:00  INFO 3320 --- [SessionManagement] [           main] .e.s.r.RegistrationLoginApplicationTests : Starting RegistrationLoginApplicationTests using Java 22.0.2 with PID 3320 (started by Kiet in C:\Users\Kiet\Desktop\spring_boot_ecommerce-b077a4de88005e8f5c08184057d81a74732c988f)
2024-10-04T21:59:59.317+07:00  INFO 3320 --- [SessionManagement] [           main] .e.s.r.RegistrationLoginApplicationTests : No active profile set, falling back to 1 default profile: "default"
2024-10-04T22:00:00.238+07:00  INFO 3320 --- [SessionManagement] [           main] .s.d.r.c.RepositoryConfigurationDelegate : Bootstrapping Spring Data JPA repositories in DEFAULT mode.
2024-10-04T22:00:00.348+07:00  INFO 3320 --- [SessionManagement] [           main] .s.d.r.c.RepositoryConfigurationDelegate : Finished Spring Data repository scanning in 89 ms. Found 8 JPA repository interfaces.
2024-10-04T22:00:01.042+07:00  INFO 3320 --- [SessionManagement] [           main] o.hibernate.jpa.internal.util.LogHelper  : HHH000204: Processing PersistenceUnitInfo [name: default]
2024-10-04T22:00:01.152+07:00  INFO 3320 --- [SessionManagement] [           main] org.hibernate.Version                    : HHH000412: Hibernate ORM core version 6.4.4.Final
2024-10-04T22:00:01.214+07:00  INFO 3320 --- [SessionManagement] [           main] o.h.c.internal.RegionFactoryInitiator    : HHH000026: Second-level cache disabled
2024-10-04T22:00:01.574+07:00  INFO 3320 --- [SessionManagement] [           main] o.s.o.j.p.SpringPersistenceUnitInfo      : No LoadTimeWeaver setup: ignoring JPA class transformer
2024-10-04T22:00:01.605+07:00  INFO 3320 --- [SessionManagement] [           main] com.zaxxer.hikari.HikariDataSource       : HikariPool-1 - Starting...
2024-10-04T22:00:01.781+07:00  INFO 3320 --- [SessionManagement] [           main] com.zaxxer.hikari.pool.HikariPool        : HikariPool-1 - Added connection com.mysql.cj.jdbc.ConnectionImpl@699d96bc
2024-10-04T22:00:01.781+07:00  INFO 3320 --- [SessionManagement] [           main] com.zaxxer.hikari.HikariDataSource       : HikariPool-1 - Start completed.
2024-10-04T22:00:01.828+07:00  WARN 3320 --- [SessionManagement] [           main] org.hibernate.dialect.Dialect            : HHH000511: The 5.5.0 version for [org.hibernate.dialect.MySQLDialect] is no longer supported, hence certain features may not work properly. The minimum supported version is 8.0.0. Check the community dialects project for available legacy versions.
2024-10-04T22:00:01.828+07:00  WARN 3320 --- [SessionManagement] [           main] org.hibernate.orm.deprecation            : HHH90000025: MySQLDialect does not need to be specified explicitly using 'hibernate.dialect' (remove the property setting and it will be selected by default)
2024-10-04T22:00:02.914+07:00  INFO 3320 --- [SessionManagement] [           main] o.h.e.t.j.p.i.JtaPlatformInitiator       : HHH000489: No JTA platform available (set 'hibernate.transaction.jta.platform' to enable JTA platform integration)
2024-10-04T22:00:03.119+07:00  INFO 3320 --- [SessionManagement] [           main] j.LocalContainerEntityManagerFactoryBean : Initialized JPA EntityManagerFactory for persistence unit 'default'
2024-10-04T22:00:03.641+07:00  INFO 3320 --- [SessionManagement] [           main] o.s.d.j.r.query.QueryEnhancerFactory     : Hibernate is in classpath; If applicable, HQL parser will be used.
2024-10-04T22:00:04.332+07:00  WARN 3320 --- [SessionManagement] [           main] JpaBaseConfiguration$JpaWebConfiguration : spring.jpa.open-in-view is enabled by default. Therefore, database queries may be performed during view rendering. Explicitly configure spring.jpa.open-in-view to disable this warning
2024-10-04T22:00:04.740+07:00  INFO 3320 --- [SessionManagement] [           main] o.s.s.web.DefaultSecurityFilterChain     : Will secure any request with [org.springframework.security.web.session.DisableEncodeUrlFilter@6bcc277a, org.springframework.security.web.context.request.async.WebAsyncManagerIntegrationFilter@321f97d9, org.springframework.security.web.context.SecurityContextHolderFilter@69ab1abc, org.springframework.security.web.header.HeaderWriterFilter@3edea9e6, org.springframework.web.filter.CorsFilter@3a4e3343, org.springframework.security.web.authentication.logout.LogoutFilter@4b96b0bd, org.springframework.security.web.authentication.UsernamePasswordAuthenticationFilter@b807b32, org.springframework.security.web.savedrequest.RequestCacheAwareFilter@6ff185a3, org.springframework.security.web.servletapi.SecurityContextHolderAwareRequestFilter@320d98f5, org.springframework.security.web.authentication.AnonymousAuthenticationFilter@64e06cf0, org.springframework.security.web.access.ExceptionTranslationFilter@7070ae1, org.springframework.security.web.access.intercept.AuthorizationFilter@77f5cffd]
2024-10-04T22:00:05.240+07:00  INFO 3320 --- [SessionManagement] [           main] .e.s.r.RegistrationLoginApplicationTests : Started RegistrationLoginApplicationTests in 6.416 seconds (process running for 7.701)
]]></system-out>
    <system-err><![CDATA[WARNING: A Java agent has been loaded dynamically (C:\Users\Kiet\.m2\repository\net\bytebuddy\byte-buddy-agent\1.14.12\byte-buddy-agent-1.14.12.jar)
WARNING: If a serviceability tool is in use, please run with -XX:+EnableDynamicAgentLoading to hide this warning
WARNING: If a serviceability tool is not in use, please run with -Djdk.instrument.traceUsage for more information
WARNING: Dynamic loading of agents will be disallowed by default in a future release
]]></system-err>
  </testcase>
</testsuite>